#
# There is insufficient memory for the Java Runtime Environment to continue.
# Native memory allocation (mmap) failed to map 108003328 bytes for Failed to commit area from 0x0000000714000000 to 0x000000071a700000 of length 108003328.
# Possible reasons:
#   The system is out of physical RAM or swap space
#   The process is running with CompressedOops enabled, and the Java Heap may be blocking the growth of the native heap
# Possible solutions:
#   Reduce memory load on the system
#   Increase physical memory or swap space
#   Check if swap backing store is full
#   Decrease Java heap size (-Xmx/-Xms)
#   Decrease number of Java threads
#   Decrease Java thread stack sizes (-Xss)
#   Set larger code cache with -XX:ReservedCodeCacheSize=
#   JVM is running with Zero Based Compressed Oops mode in which the Java heap is
#     placed in the first 32GB address space. The Java Heap base address is the
#     maximum limit for the native heap growth. Please use -XX:HeapBaseMinAddress
#     to set the Java Heap base and to place the Java Heap above 32GB virtual address.
# This output file may be truncated or incomplete.
#
#  Out of Memory Error (./src/hotspot/os/windows/os_windows.cpp:3311), pid=24596, tid=8752
#
# JRE version: OpenJDK Runtime Environment Corretto-11.0.12.7.1 (11.0.12+7) (build 11.0.12+7-LTS)
# Java VM: OpenJDK 64-Bit Server VM Corretto-11.0.12.7.1 (11.0.12+7-LTS, mixed mode, tiered, compressed oops, g1 gc, windows-amd64)
# No core dump will be written. Minidumps are not enabled by default on client versions of Windows
#

---------------  S U M M A R Y ------------

Command Line: -agentlib:jdwp=transport=dt_socket,address=127.0.0.1:56986,suspend=y,server=n -XX:TieredStopAtLevel=1 -Xverify:none -Dspring.output.ansi.enabled=always -Dcom.sun.management.jmxremote -Dspring.jmx.enabled=true -Dspring.liveBeansView.mbeanDomain -Dspring.application.admin.enabled=true -javaagent:C:\Users\proge\AppData\Local\JetBrains\Toolbox\apps\IDEA-U\ch-0\222.4167.29\plugins\java\lib\rt\debugger-agent.jar -Dfile.encoding=UTF-8 com.example.crud.CrudServiceApplication

Host: AMD Ryzen 5 3600X 6-Core Processor             , 12 cores, 15G,  Windows 10 , 64 bit Build 22000 (10.0.22000.708)
Time: Sun Oct  2 23:31:09 2022 RTZ 2 (зима) elapsed time: 3.300999 seconds (0d 0h 0m 3s)

---------------  T H R E A D  ---------------

Current thread (0x0000017def9a2800):  VMThread "VM Thread" [stack: 0x0000000356d00000,0x0000000356e00000] [id=8752]

Stack: [0x0000000356d00000,0x0000000356e00000]
[error occurred during error reporting (printing stack bounds), id 0xc0000005, EXCEPTION_ACCESS_VIOLATION (0xc0000005) at pc=0x0000017dd3ee112d]

Native frames: (J=compiled Java code, j=interpreted, Vv=VM code, C=native code)
V  [jvm.dll+0x601d7a]
V  [jvm.dll+0x78b45e]
V  [jvm.dll+0x78cb2f]
V  [jvm.dll+0x78d155]
V  [jvm.dll+0x78d10b]
V  [jvm.dll+0x601263]
V  [jvm.dll+0x601978]
C  [ntdll.dll+0xa8b1f]
C  [ntdll.dll+0x35b9a]
C  [ntdll.dll+0xa7b2e]
C  0x0000017dd3ee112d

VM_Operation (0x00000003567fc910): CollectForMetadataAllocation, mode: safepoint, requested by thread 0x0000017dcb7ca000


---------------  P R O C E S S  ---------------

Threads class SMR info:
_java_thread_list=0x0000017df452dca0, length=20, elements={
0x0000017dcb7ca000, 0x0000017def9a7000, 0x0000017df025a000, 0x0000017df02aa800,
0x0000017df02ab800, 0x0000017df02ac800, 0x0000017df02af800, 0x0000017df02b9000,
0x0000017def95e000, 0x0000017df047e000, 0x0000017df047a800, 0x0000017df049a800,
0x0000017df0aee800, 0x0000017df1ee8800, 0x0000017df1fa5800, 0x0000017df2517800,
0x0000017df2518000, 0x0000017df24a2800, 0x0000017df43e0800, 0x0000017df444d000
}

Java Threads: ( => current thread )
  0x0000017dcb7ca000 JavaThread "main" [_thread_blocked, id=14392, stack(0x0000000356700000,0x0000000356800000)]
  0x0000017def9a7000 JavaThread "Reference Handler" daemon [_thread_blocked, id=7588, stack(0x0000000356e00000,0x0000000356f00000)]
  0x0000017df025a000 JavaThread "Finalizer" daemon [_thread_blocked, id=1768, stack(0x0000000356f00000,0x0000000357000000)]
  0x0000017df02aa800 JavaThread "Signal Dispatcher" daemon [_thread_blocked, id=8524, stack(0x0000000357000000,0x0000000357100000)]
  0x0000017df02ab800 JavaThread "Attach Listener" daemon [_thread_blocked, id=12780, stack(0x0000000357100000,0x0000000357200000)]
  0x0000017df02ac800 JavaThread "Service Thread" daemon [_thread_blocked, id=25108, stack(0x0000000357200000,0x0000000357300000)]
  0x0000017df02af800 JavaThread "C1 CompilerThread0" daemon [_thread_blocked, id=11944, stack(0x0000000357300000,0x0000000357400000)]
  0x0000017df02b9000 JavaThread "Sweeper thread" daemon [_thread_blocked, id=11700, stack(0x0000000357400000,0x0000000357500000)]
  0x0000017def95e000 JavaThread "Common-Cleaner" daemon [_thread_blocked, id=8688, stack(0x0000000357500000,0x0000000357600000)]
  0x0000017df047e000 JavaThread "JDWP Transport Listener: dt_socket" daemon [_thread_blocked, id=10292, stack(0x0000000357600000,0x0000000357700000)]
  0x0000017df047a800 JavaThread "JDWP Event Helper Thread" daemon [_thread_blocked, id=5992, stack(0x0000000357700000,0x0000000357800000)]
  0x0000017df049a800 JavaThread "JDWP Command Reader" daemon [_thread_in_native, id=22312, stack(0x0000000357800000,0x0000000357900000)]
  0x0000017df0aee800 JavaThread "RMI TCP Accept-0" daemon [_thread_in_native, id=17524, stack(0x0000000357900000,0x0000000357a00000)]
  0x0000017df1ee8800 JavaThread "RMI TCP Connection(idle)" daemon [_thread_blocked, id=10512, stack(0x0000000358300000,0x0000000358400000)]
  0x0000017df1fa5800 JavaThread "RMI Scheduler(0)" daemon [_thread_blocked, id=25068, stack(0x0000000358400000,0x0000000358500000)]
  0x0000017df2517800 JavaThread "Catalina-utility-1" [_thread_blocked, id=20544, stack(0x0000000358000000,0x0000000358100000)]
  0x0000017df2518000 JavaThread "Catalina-utility-2" [_thread_blocked, id=17600, stack(0x0000000358500000,0x0000000358600000)]
  0x0000017df24a2800 JavaThread "container-0" [_thread_blocked, id=25920, stack(0x0000000358600000,0x0000000358700000)]
  0x0000017df43e0800 JavaThread "HikariPool-1 housekeeper" daemon [_thread_blocked, id=25100, stack(0x0000000358a00000,0x0000000358b00000)]
  0x0000017df444d000 JavaThread "HikariPool-1 connection adder" daemon [_thread_blocked, id=20632, stack(0x0000000358b00000,0x0000000358c00000)]

Other Threads:
=>0x0000017def9a2800 VMThread "VM Thread" [stack: 0x0000000356d00000,0x0000000356e00000] [id=8752]
  0x0000017df0b00000 WatcherThread [stack: 0x0000000357a00000,0x0000000357b00000] [id=3232]
  0x0000017dcb7e6000 GCTaskThread "GC Thread#0" [stack: 0x0000000356800000,0x0000000356900000] [id=23948]
  0x0000017df17b8000 GCTaskThread "GC Thread#1" [stack: 0x0000000357b00000,0x0000000357c00000] [id=23916]
  0x0000017df0bfd000 GCTaskThread "GC Thread#2" [stack: 0x0000000357c00000,0x0000000357d00000] [id=6320]
  0x0000017df0c99000 GCTaskThread "GC Thread#3" [stack: 0x0000000357d00000,0x0000000357e00000] [id=24708]
  0x0000017df17bd000 GCTaskThread "GC Thread#4" [stack: 0x0000000357e00000,0x0000000357f00000] [id=26172]
  0x0000017df0c9a000 GCTaskThread "GC Thread#5" [stack: 0x0000000357f00000,0x0000000358000000] [id=11424]
  0x0000017df433f800 GCTaskThread "GC Thread#6" [stack: 0x0000000358800000,0x0000000358900000] [id=14444]
  0x0000017df434c000 GCTaskThread "GC Thread#7" [stack: 0x0000000358900000,0x0000000358a00000] [id=25508]
  0x0000017dcb843000 ConcurrentGCThread "G1 Main Marker" [stack: 0x0000000356900000,0x0000000356a00000] [id=17496]
  0x0000017dcb845000 ConcurrentGCThread "G1 Conc#0" [stack: 0x0000000356a00000,0x0000000356b00000] [id=19772]
  0x0000017df18c6000 ConcurrentGCThread "G1 Conc#1" [stack: 0x0000000358100000,0x0000000358200000] [id=17124]
  0x0000017df17c4800 ConcurrentGCThread "G1 Conc#2" [stack: 0x0000000358200000,0x0000000358300000] [id=26184]
  0x0000017def881800 ConcurrentGCThread "G1 Refine#0" [stack: 0x0000000356b00000,0x0000000356c00000] [id=13032]
  0x0000017def884800 ConcurrentGCThread "G1 Young RemSet Sampling" [stack: 0x0000000356c00000,0x0000000356d00000] [id=9540]

Threads with active compile tasks:

VM state:at safepoint (normal execution)

VM Mutex/Monitor currently owned by a thread:  ([mutex/lock_event])
[0x0000017dcb7c6740] Threads_lock - owner thread: 0x0000017def9a2800
[0x0000017dcb7c6590] Heap_lock - owner thread: 0x0000017dcb7ca000

OutOfMemory and StackOverflow Exception counts:
OutOfMemoryError java_heap_errors=1
LinkageErrors=87

Heap address: 0x0000000700c00000, size: 4084 MB, Compressed Oops mode: Zero based, Oop shift amount: 3
Narrow klass base: 0x0000000800000000, Narrow klass shift: 0
Compressed class space size: 1073741824 Address: 0x0000000800000000

Heap:
 garbage-first heap   total 420864K, used 24475K [0x0000000700c00000, 0x0000000800000000)
  region size 1024K, 13 young (13312K), 13 survivors (13312K)
 Metaspace       used 60566K, capacity 62405K, committed 62472K, reserved 1120256K
  class space    used 7960K, capacity 8673K, committed 8704K, reserved 1048576K
Heap Regions: E=young(eden), S=young(survivor), O=old, HS=humongous(starts), HC=humongous(continues), CS=collection set, F=free, A=archive, TAMS=top-at-mark-start (previous, next)
|   0|0x0000000700c00000, 0x0000000700d00000, 0x0000000700d00000|100%|HS|  |TAMS 0x0000000700d00000, 0x0000000700d00000| Complete 
|   1|0x0000000700d00000, 0x0000000700e00000, 0x0000000700e00000|100%| O|  |TAMS 0x0000000700e00000, 0x0000000700e00000| Untracked 
|   2|0x0000000700e00000, 0x0000000700f00000, 0x0000000700f00000|100%| O|  |TAMS 0x0000000700f00000, 0x0000000700f00000| Untracked 
|   3|0x0000000700f00000, 0x0000000701000000, 0x0000000701000000|100%| O|  |TAMS 0x0000000701000000, 0x0000000701000000| Untracked 
|   4|0x0000000701000000, 0x0000000701100000, 0x0000000701100000|100%| O|  |TAMS 0x0000000701100000, 0x0000000701100000| Untracked 
|   5|0x0000000701100000, 0x0000000701200000, 0x0000000701200000|100%| O|  |TAMS 0x0000000701200000, 0x0000000701200000| Untracked 
|   6|0x0000000701200000, 0x0000000701300000, 0x0000000701300000|100%| O|  |TAMS 0x0000000701300000, 0x0000000701300000| Untracked 
|   7|0x0000000701300000, 0x0000000701400000, 0x0000000701400000|100%| O|  |TAMS 0x0000000701400000, 0x0000000701400000| Untracked 
|   8|0x0000000701400000, 0x0000000701500000, 0x0000000701500000|100%| O|  |TAMS 0x0000000701500000, 0x0000000701500000| Untracked 
|   9|0x0000000701500000, 0x0000000701600000, 0x0000000701600000|100%| O|  |TAMS 0x00000007015b8200, 0x0000000701600000| Untracked 
|  10|0x0000000701600000, 0x0000000701700000, 0x0000000701700000|100%| O|  |TAMS 0x0000000701600000, 0x0000000701700000| Untracked 
|  11|0x0000000701700000, 0x0000000701799408, 0x0000000701800000| 59%| O|  |TAMS 0x0000000701700000, 0x0000000701799408| Untracked 
|  12|0x0000000701800000, 0x0000000701800000, 0x0000000701900000|  0%| F|  |TAMS 0x0000000701800000, 0x0000000701800000| Untracked 
|  13|0x0000000701900000, 0x0000000701900000, 0x0000000701a00000|  0%| F|  |TAMS 0x0000000701900000, 0x0000000701900000| Untracked 
|  14|0x0000000701a00000, 0x0000000701a00000, 0x0000000701b00000|  0%| F|  |TAMS 0x0000000701a00000, 0x0000000701a00000| Untracked 
|  15|0x0000000701b00000, 0x0000000701b00000, 0x0000000701c00000|  0%| F|  |TAMS 0x0000000701b00000, 0x0000000701b00000| Untracked 
|  16|0x0000000701c00000, 0x0000000701c00000, 0x0000000701d00000|  0%| F|  |TAMS 0x0000000701c00000, 0x0000000701c00000| Untracked 
|  17|0x0000000701d00000, 0x0000000701d00000, 0x0000000701e00000|  0%| F|  |TAMS 0x0000000701d00000, 0x0000000701d00000| Untracked 
|  18|0x0000000701e00000, 0x0000000701e00000, 0x0000000701f00000|  0%| F|  |TAMS 0x0000000701e00000, 0x0000000701e00000| Untracked 
|  19|0x0000000701f00000, 0x0000000701f00000, 0x0000000702000000|  0%| F|  |TAMS 0x0000000701f00000, 0x0000000701f00000| Untracked 
|  20|0x0000000702000000, 0x0000000702000000, 0x0000000702100000|  0%| F|  |TAMS 0x0000000702000000, 0x0000000702000000| Untracked 
|  21|0x0000000702100000, 0x0000000702100000, 0x0000000702200000|  0%| F|  |TAMS 0x0000000702100000, 0x0000000702100000| Untracked 
|  22|0x0000000702200000, 0x0000000702200000, 0x0000000702300000|  0%| F|  |TAMS 0x0000000702200000, 0x0000000702200000| Untracked 
|  23|0x0000000702300000, 0x0000000702300000, 0x0000000702400000|  0%| F|  |TAMS 0x0000000702300000, 0x0000000702300000| Untracked 
|  24|0x0000000702400000, 0x0000000702400000, 0x0000000702500000|  0%| F|  |TAMS 0x0000000702400000, 0x0000000702400000| Untracked 
|  25|0x0000000702500000, 0x0000000702500000, 0x0000000702600000|  0%| F|  |TAMS 0x0000000702500000, 0x0000000702500000| Untracked 
|  26|0x0000000702600000, 0x0000000702600000, 0x0000000702700000|  0%| F|  |TAMS 0x0000000702600000, 0x0000000702600000| Untracked 
|  27|0x0000000702700000, 0x0000000702700000, 0x0000000702800000|  0%| F|  |TAMS 0x0000000702700000, 0x0000000702700000| Untracked 
|  28|0x0000000702800000, 0x0000000702800000, 0x0000000702900000|  0%| F|  |TAMS 0x0000000702800000, 0x0000000702800000| Untracked 
|  29|0x0000000702900000, 0x0000000702900000, 0x0000000702a00000|  0%| F|  |TAMS 0x0000000702900000, 0x0000000702900000| Untracked 
|  30|0x0000000702a00000, 0x0000000702a00000, 0x0000000702b00000|  0%| F|  |TAMS 0x0000000702a00000, 0x0000000702a00000| Untracked 
|  31|0x0000000702b00000, 0x0000000702b00000, 0x0000000702c00000|  0%| F|  |TAMS 0x0000000702b00000, 0x0000000702b00000| Untracked 
|  32|0x0000000702c00000, 0x0000000702c00000, 0x0000000702d00000|  0%| F|  |TAMS 0x0000000702c00000, 0x0000000702c00000| Untracked 
|  33|0x0000000702d00000, 0x0000000702d00000, 0x0000000702e00000|  0%| F|  |TAMS 0x0000000702d00000, 0x0000000702d00000| Untracked 
|  34|0x0000000702e00000, 0x0000000702e00000, 0x0000000702f00000|  0%| F|  |TAMS 0x0000000702e00000, 0x0000000702e00000| Untracked 
|  35|0x0000000702f00000, 0x0000000702f00000, 0x0000000703000000|  0%| F|  |TAMS 0x0000000702f00000, 0x0000000702f00000| Untracked 
|  36|0x0000000703000000, 0x0000000703000000, 0x0000000703100000|  0%| F|  |TAMS 0x0000000703000000, 0x0000000703000000| Untracked 
|  37|0x0000000703100000, 0x0000000703100000, 0x0000000703200000|  0%| F|  |TAMS 0x0000000703100000, 0x0000000703100000| Untracked 
|  38|0x0000000703200000, 0x0000000703200000, 0x0000000703300000|  0%| F|  |TAMS 0x0000000703200000, 0x0000000703200000| Untracked 
|  39|0x0000000703300000, 0x0000000703300000, 0x0000000703400000|  0%| F|  |TAMS 0x0000000703300000, 0x0000000703300000| Untracked 
|  40|0x0000000703400000, 0x0000000703400000, 0x0000000703500000|  0%| F|  |TAMS 0x0000000703400000, 0x0000000703400000| Untracked 
|  41|0x0000000703500000, 0x0000000703500000, 0x0000000703600000|  0%| F|  |TAMS 0x0000000703500000, 0x0000000703500000| Untracked 
|  42|0x0000000703600000, 0x0000000703600000, 0x0000000703700000|  0%| F|  |TAMS 0x0000000703600000, 0x0000000703600000| Untracked 
|  43|0x0000000703700000, 0x0000000703700000, 0x0000000703800000|  0%| F|  |TAMS 0x0000000703700000, 0x0000000703700000| Untracked 
|  44|0x0000000703800000, 0x0000000703800000, 0x0000000703900000|  0%| F|  |TAMS 0x0000000703800000, 0x0000000703800000| Untracked 
|  45|0x0000000703900000, 0x0000000703900000, 0x0000000703a00000|  0%| F|  |TAMS 0x0000000703900000, 0x0000000703900000| Untracked 
|  46|0x0000000703a00000, 0x0000000703a00000, 0x0000000703b00000|  0%| F|  |TAMS 0x0000000703a00000, 0x0000000703a00000| Untracked 
|  47|0x0000000703b00000, 0x0000000703b00000, 0x0000000703c00000|  0%| F|  |TAMS 0x0000000703b00000, 0x0000000703b00000| Untracked 
|  48|0x0000000703c00000, 0x0000000703c00000, 0x0000000703d00000|  0%| F|  |TAMS 0x0000000703c00000, 0x0000000703c00000| Untracked 
|  49|0x0000000703d00000, 0x0000000703d00000, 0x0000000703e00000|  0%| F|  |TAMS 0x0000000703d00000, 0x0000000703d00000| Untracked 
|  50|0x0000000703e00000, 0x0000000703e00000, 0x0000000703f00000|  0%| F|  |TAMS 0x0000000703e00000, 0x0000000703e00000| Untracked 
|  51|0x0000000703f00000, 0x0000000703f00000, 0x0000000704000000|  0%| F|  |TAMS 0x0000000703f00000, 0x0000000703f00000| Untracked 
|  52|0x0000000704000000, 0x0000000704000000, 0x0000000704100000|  0%| F|  |TAMS 0x0000000704000000, 0x0000000704000000| Untracked 
|  53|0x0000000704100000, 0x0000000704100000, 0x0000000704200000|  0%| F|  |TAMS 0x0000000704100000, 0x0000000704100000| Untracked 
|  54|0x0000000704200000, 0x0000000704200000, 0x0000000704300000|  0%| F|  |TAMS 0x0000000704200000, 0x0000000704200000| Untracked 
|  55|0x0000000704300000, 0x0000000704300000, 0x0000000704400000|  0%| F|  |TAMS 0x0000000704300000, 0x0000000704300000| Untracked 
|  56|0x0000000704400000, 0x0000000704400000, 0x0000000704500000|  0%| F|  |TAMS 0x0000000704400000, 0x0000000704400000| Untracked 
|  57|0x0000000704500000, 0x0000000704500000, 0x0000000704600000|  0%| F|  |TAMS 0x0000000704500000, 0x0000000704500000| Untracked 
|  58|0x0000000704600000, 0x0000000704600000, 0x0000000704700000|  0%| F|  |TAMS 0x0000000704600000, 0x0000000704600000| Untracked 
|  59|0x0000000704700000, 0x0000000704700000, 0x0000000704800000|  0%| F|  |TAMS 0x0000000704700000, 0x0000000704700000| Untracked 
|  60|0x0000000704800000, 0x0000000704800000, 0x0000000704900000|  0%| F|  |TAMS 0x0000000704800000, 0x0000000704800000| Untracked 
|  61|0x0000000704900000, 0x0000000704900000, 0x0000000704a00000|  0%| F|  |TAMS 0x0000000704900000, 0x0000000704900000| Untracked 
|  62|0x0000000704a00000, 0x0000000704a00000, 0x0000000704b00000|  0%| F|  |TAMS 0x0000000704a00000, 0x0000000704a00000| Untracked 
|  63|0x0000000704b00000, 0x0000000704b00000, 0x0000000704c00000|  0%| F|  |TAMS 0x0000000704b00000, 0x0000000704b00000| Untracked 
|  64|0x0000000704c00000, 0x0000000704c00000, 0x0000000704d00000|  0%| F|  |TAMS 0x0000000704c00000, 0x0000000704c00000| Untracked 
|  65|0x0000000704d00000, 0x0000000704d00000, 0x0000000704e00000|  0%| F|  |TAMS 0x0000000704d00000, 0x0000000704d00000| Untracked 
|  66|0x0000000704e00000, 0x0000000704e00000, 0x0000000704f00000|  0%| F|  |TAMS 0x0000000704e00000, 0x0000000704e00000| Untracked 
|  67|0x0000000704f00000, 0x0000000704f00000, 0x0000000705000000|  0%| F|  |TAMS 0x0000000704f00000, 0x0000000704f00000| Untracked 
|  68|0x0000000705000000, 0x0000000705000000, 0x0000000705100000|  0%| F|  |TAMS 0x0000000705000000, 0x0000000705000000| Untracked 
|  69|0x0000000705100000, 0x0000000705100000, 0x0000000705200000|  0%| F|  |TAMS 0x0000000705100000, 0x0000000705100000| Untracked 
|  70|0x0000000705200000, 0x0000000705200000, 0x0000000705300000|  0%| F|  |TAMS 0x0000000705200000, 0x0000000705200000| Untracked 
|  71|0x0000000705300000, 0x0000000705300000, 0x0000000705400000|  0%| F|  |TAMS 0x0000000705300000, 0x0000000705300000| Untracked 
|  72|0x0000000705400000, 0x0000000705400000, 0x0000000705500000|  0%| F|  |TAMS 0x0000000705400000, 0x0000000705400000| Untracked 
|  73|0x0000000705500000, 0x0000000705500000, 0x0000000705600000|  0%| F|  |TAMS 0x0000000705500000, 0x0000000705500000| Untracked 
|  74|0x0000000705600000, 0x0000000705600000, 0x0000000705700000|  0%| F|  |TAMS 0x0000000705600000, 0x0000000705600000| Untracked 
|  75|0x0000000705700000, 0x0000000705700000, 0x0000000705800000|  0%| F|  |TAMS 0x0000000705700000, 0x0000000705700000| Untracked 
|  76|0x0000000705800000, 0x0000000705800000, 0x0000000705900000|  0%| F|  |TAMS 0x0000000705800000, 0x0000000705800000| Untracked 
|  77|0x0000000705900000, 0x0000000705900000, 0x0000000705a00000|  0%| F|  |TAMS 0x0000000705900000, 0x0000000705900000| Untracked 
|  78|0x0000000705a00000, 0x0000000705a00000, 0x0000000705b00000|  0%| F|  |TAMS 0x0000000705a00000, 0x0000000705a00000| Untracked 
|  79|0x0000000705b00000, 0x0000000705b00000, 0x0000000705c00000|  0%| F|  |TAMS 0x0000000705b00000, 0x0000000705b00000| Untracked 
|  80|0x0000000705c00000, 0x0000000705c00000, 0x0000000705d00000|  0%| F|  |TAMS 0x0000000705c00000, 0x0000000705c00000| Untracked 
|  81|0x0000000705d00000, 0x0000000705d00000, 0x0000000705e00000|  0%| F|  |TAMS 0x0000000705d00000, 0x0000000705d00000| Untracked 
|  82|0x0000000705e00000, 0x0000000705e00000, 0x0000000705f00000|  0%| F|  |TAMS 0x0000000705e00000, 0x0000000705e00000| Untracked 
|  83|0x0000000705f00000, 0x0000000705f00000, 0x0000000706000000|  0%| F|  |TAMS 0x0000000705f00000, 0x0000000705f00000| Untracked 
|  84|0x0000000706000000, 0x0000000706000000, 0x0000000706100000|  0%| F|  |TAMS 0x0000000706000000, 0x0000000706000000| Untracked 
|  85|0x0000000706100000, 0x0000000706100000, 0x0000000706200000|  0%| F|  |TAMS 0x0000000706100000, 0x0000000706100000| Untracked 
|  86|0x0000000706200000, 0x0000000706200000, 0x0000000706300000|  0%| F|  |TAMS 0x0000000706200000, 0x0000000706200000| Untracked 
|  87|0x0000000706300000, 0x0000000706300000, 0x0000000706400000|  0%| F|  |TAMS 0x0000000706300000, 0x0000000706300000| Untracked 
|  88|0x0000000706400000, 0x0000000706400000, 0x0000000706500000|  0%| F|  |TAMS 0x0000000706400000, 0x0000000706400000| Untracked 
|  89|0x0000000706500000, 0x0000000706500000, 0x0000000706600000|  0%| F|  |TAMS 0x0000000706500000, 0x0000000706500000| Untracked 
|  90|0x0000000706600000, 0x0000000706600000, 0x0000000706700000|  0%| F|  |TAMS 0x0000000706600000, 0x0000000706600000| Untracked 
|  91|0x0000000706700000, 0x0000000706700000, 0x0000000706800000|  0%| F|  |TAMS 0x0000000706700000, 0x0000000706700000| Untracked 
|  92|0x0000000706800000, 0x0000000706800000, 0x0000000706900000|  0%| F|  |TAMS 0x0000000706800000, 0x0000000706800000| Untracked 
|  93|0x0000000706900000, 0x0000000706900000, 0x0000000706a00000|  0%| F|  |TAMS 0x0000000706900000, 0x0000000706900000| Untracked 
|  94|0x0000000706a00000, 0x0000000706a00000, 0x0000000706b00000|  0%| F|  |TAMS 0x0000000706a00000, 0x0000000706a00000| Untracked 
|  95|0x0000000706b00000, 0x0000000706b00000, 0x0000000706c00000|  0%| F|  |TAMS 0x0000000706b00000, 0x0000000706b00000| Untracked 
|  96|0x0000000706c00000, 0x0000000706c00000, 0x0000000706d00000|  0%| F|  |TAMS 0x0000000706c00000, 0x0000000706c00000| Untracked 
|  97|0x0000000706d00000, 0x0000000706d00000, 0x0000000706e00000|  0%| F|  |TAMS 0x0000000706d00000, 0x0000000706d00000| Untracked 
|  98|0x0000000706e00000, 0x0000000706e00000, 0x0000000706f00000|  0%| F|  |TAMS 0x0000000706e00000, 0x0000000706e00000| Untracked 
|  99|0x0000000706f00000, 0x0000000706f00000, 0x0000000707000000|  0%| F|  |TAMS 0x0000000706f00000, 0x0000000706f00000| Untracked 
| 100|0x0000000707000000, 0x0000000707000000, 0x0000000707100000|  0%| F|  |TAMS 0x0000000707000000, 0x0000000707000000| Untracked 
| 101|0x0000000707100000, 0x0000000707100000, 0x0000000707200000|  0%| F|  |TAMS 0x0000000707100000, 0x0000000707100000| Untracked 
| 102|0x0000000707200000, 0x0000000707200000, 0x0000000707300000|  0%| F|  |TAMS 0x0000000707200000, 0x0000000707200000| Untracked 
| 103|0x0000000707300000, 0x0000000707300000, 0x0000000707400000|  0%| F|  |TAMS 0x0000000707300000, 0x0000000707300000| Untracked 
| 104|0x0000000707400000, 0x0000000707400000, 0x0000000707500000|  0%| F|  |TAMS 0x0000000707400000, 0x0000000707400000| Untracked 
| 105|0x0000000707500000, 0x0000000707500000, 0x0000000707600000|  0%| F|  |TAMS 0x0000000707500000, 0x0000000707500000| Untracked 
| 106|0x0000000707600000, 0x0000000707600000, 0x0000000707700000|  0%| F|  |TAMS 0x0000000707600000, 0x0000000707600000| Untracked 
| 107|0x0000000707700000, 0x0000000707700000, 0x0000000707800000|  0%| F|  |TAMS 0x0000000707700000, 0x0000000707700000| Untracked 
| 108|0x0000000707800000, 0x0000000707800000, 0x0000000707900000|  0%| F|  |TAMS 0x0000000707800000, 0x0000000707800000| Untracked 
| 109|0x0000000707900000, 0x0000000707900000, 0x0000000707a00000|  0%| F|  |TAMS 0x0000000707900000, 0x0000000707900000| Untracked 
| 110|0x0000000707a00000, 0x0000000707a00000, 0x0000000707b00000|  0%| F|  |TAMS 0x0000000707a00000, 0x0000000707a00000| Untracked 
| 111|0x0000000707b00000, 0x0000000707b00000, 0x0000000707c00000|  0%| F|  |TAMS 0x0000000707b00000, 0x0000000707b00000| Untracked 
| 112|0x0000000707c00000, 0x0000000707c00000, 0x0000000707d00000|  0%| F|  |TAMS 0x0000000707c00000, 0x0000000707c00000| Untracked 
| 113|0x0000000707d00000, 0x0000000707d00000, 0x0000000707e00000|  0%| F|  |TAMS 0x0000000707d00000, 0x0000000707d00000| Untracked 
| 114|0x0000000707e00000, 0x0000000707e00000, 0x0000000707f00000|  0%| F|  |TAMS 0x0000000707e00000, 0x0000000707e00000| Untracked 
| 115|0x0000000707f00000, 0x0000000707f00000, 0x0000000708000000|  0%| F|  |TAMS 0x0000000707f00000, 0x0000000707f00000| Untracked 
| 116|0x0000000708000000, 0x0000000708000000, 0x0000000708100000|  0%| F|  |TAMS 0x0000000708000000, 0x0000000708000000| Untracked 
| 117|0x0000000708100000, 0x0000000708100000, 0x0000000708200000|  0%| F|  |TAMS 0x0000000708100000, 0x0000000708100000| Untracked 
| 118|0x0000000708200000, 0x0000000708200000, 0x0000000708300000|  0%| F|  |TAMS 0x0000000708200000, 0x0000000708200000| Untracked 
| 119|0x0000000708300000, 0x0000000708300000, 0x0000000708400000|  0%| F|  |TAMS 0x0000000708300000, 0x0000000708300000| Untracked 
| 120|0x0000000708400000, 0x0000000708400000, 0x0000000708500000|  0%| F|  |TAMS 0x0000000708400000, 0x0000000708400000| Untracked 
| 121|0x0000000708500000, 0x0000000708500000, 0x0000000708600000|  0%| F|  |TAMS 0x0000000708500000, 0x0000000708500000| Untracked 
| 122|0x0000000708600000, 0x0000000708600000, 0x0000000708700000|  0%| F|  |TAMS 0x0000000708600000, 0x0000000708600000| Untracked 
| 123|0x0000000708700000, 0x0000000708700000, 0x0000000708800000|  0%| F|  |TAMS 0x0000000708700000, 0x0000000708700000| Untracked 
| 124|0x0000000708800000, 0x0000000708800000, 0x0000000708900000|  0%| F|  |TAMS 0x0000000708800000, 0x0000000708800000| Untracked 
| 125|0x0000000708900000, 0x0000000708900000, 0x0000000708a00000|  0%| F|  |TAMS 0x0000000708900000, 0x0000000708900000| Untracked 
| 126|0x0000000708a00000, 0x0000000708a00000, 0x0000000708b00000|  0%| F|  |TAMS 0x0000000708a00000, 0x0000000708a00000| Untracked 
| 127|0x0000000708b00000, 0x0000000708b00000, 0x0000000708c00000|  0%| F|  |TAMS 0x0000000708b00000, 0x0000000708b00000| Untracked 
| 128|0x0000000708c00000, 0x0000000708c00000, 0x0000000708d00000|  0%| F|  |TAMS 0x0000000708c00000, 0x0000000708c00000| Untracked 
| 129|0x0000000708d00000, 0x0000000708d00000, 0x0000000708e00000|  0%| F|  |TAMS 0x0000000708d00000, 0x0000000708d00000| Untracked 
| 130|0x0000000708e00000, 0x0000000708e00000, 0x0000000708f00000|  0%| F|  |TAMS 0x0000000708e00000, 0x0000000708e00000| Untracked 
| 131|0x0000000708f00000, 0x0000000708f00000, 0x0000000709000000|  0%| F|  |TAMS 0x0000000708f00000, 0x0000000708f00000| Untracked 
| 132|0x0000000709000000, 0x0000000709000000, 0x0000000709100000|  0%| F|  |TAMS 0x0000000709000000, 0x0000000709000000| Untracked 
| 133|0x0000000709100000, 0x0000000709100000, 0x0000000709200000|  0%| F|  |TAMS 0x0000000709100000, 0x0000000709100000| Untracked 
| 134|0x0000000709200000, 0x0000000709200000, 0x0000000709300000|  0%| F|  |TAMS 0x0000000709200000, 0x0000000709200000| Untracked 
| 135|0x0000000709300000, 0x0000000709300000, 0x0000000709400000|  0%| F|  |TAMS 0x0000000709300000, 0x0000000709300000| Untracked 
| 136|0x0000000709400000, 0x0000000709400000, 0x0000000709500000|  0%| F|  |TAMS 0x0000000709400000, 0x0000000709400000| Untracked 
| 137|0x0000000709500000, 0x0000000709500000, 0x0000000709600000|  0%| F|  |TAMS 0x0000000709500000, 0x0000000709500000| Untracked 
| 138|0x0000000709600000, 0x0000000709600000, 0x0000000709700000|  0%| F|  |TAMS 0x0000000709600000, 0x0000000709600000| Untracked 
| 139|0x0000000709700000, 0x0000000709700000, 0x0000000709800000|  0%| F|  |TAMS 0x0000000709700000, 0x0000000709700000| Untracked 
| 140|0x0000000709800000, 0x0000000709800000, 0x0000000709900000|  0%| F|  |TAMS 0x0000000709800000, 0x0000000709800000| Untracked 
| 141|0x0000000709900000, 0x0000000709900000, 0x0000000709a00000|  0%| F|  |TAMS 0x0000000709900000, 0x0000000709900000| Untracked 
| 142|0x0000000709a00000, 0x0000000709a00000, 0x0000000709b00000|  0%| F|  |TAMS 0x0000000709a00000, 0x0000000709a00000| Untracked 
| 143|0x0000000709b00000, 0x0000000709b00000, 0x0000000709c00000|  0%| F|  |TAMS 0x0000000709b00000, 0x0000000709b00000| Untracked 
| 144|0x0000000709c00000, 0x0000000709c00000, 0x0000000709d00000|  0%| F|  |TAMS 0x0000000709c00000, 0x0000000709c00000| Untracked 
| 145|0x0000000709d00000, 0x0000000709d00000, 0x0000000709e00000|  0%| F|  |TAMS 0x0000000709d00000, 0x0000000709d00000| Untracked 
| 146|0x0000000709e00000, 0x0000000709e00000, 0x0000000709f00000|  0%| F|  |TAMS 0x0000000709e00000, 0x0000000709e00000| Untracked 
| 147|0x0000000709f00000, 0x0000000709f00000, 0x000000070a000000|  0%| F|  |TAMS 0x0000000709f00000, 0x0000000709f00000| Untracked 
| 148|0x000000070a000000, 0x000000070a000000, 0x000000070a100000|  0%| F|  |TAMS 0x000000070a000000, 0x000000070a000000| Untracked 
| 149|0x000000070a100000, 0x000000070a100000, 0x000000070a200000|  0%| F|  |TAMS 0x000000070a100000, 0x000000070a100000| Untracked 
| 150|0x000000070a200000, 0x000000070a200000, 0x000000070a300000|  0%| F|  |TAMS 0x000000070a200000, 0x000000070a200000| Untracked 
| 151|0x000000070a300000, 0x000000070a300000, 0x000000070a400000|  0%| F|  |TAMS 0x000000070a300000, 0x000000070a300000| Untracked 
| 152|0x000000070a400000, 0x000000070a400000, 0x000000070a500000|  0%| F|  |TAMS 0x000000070a400000, 0x000000070a400000| Untracked 
| 153|0x000000070a500000, 0x000000070a500000, 0x000000070a600000|  0%| F|  |TAMS 0x000000070a500000, 0x000000070a500000| Untracked 
| 154|0x000000070a600000, 0x000000070a600000, 0x000000070a700000|  0%| F|  |TAMS 0x000000070a600000, 0x000000070a600000| Untracked 
| 155|0x000000070a700000, 0x000000070a700000, 0x000000070a800000|  0%| F|  |TAMS 0x000000070a700000, 0x000000070a700000| Untracked 
| 156|0x000000070a800000, 0x000000070a800000, 0x000000070a900000|  0%| F|  |TAMS 0x000000070a800000, 0x000000070a800000| Untracked 
| 157|0x000000070a900000, 0x000000070a900000, 0x000000070aa00000|  0%| F|  |TAMS 0x000000070a900000, 0x000000070a900000| Untracked 
| 158|0x000000070aa00000, 0x000000070aa00000, 0x000000070ab00000|  0%| F|  |TAMS 0x000000070aa00000, 0x000000070aa00000| Untracked 
| 159|0x000000070ab00000, 0x000000070ab00000, 0x000000070ac00000|  0%| F|  |TAMS 0x000000070ab00000, 0x000000070ab00000| Untracked 
| 160|0x000000070ac00000, 0x000000070ac00000, 0x000000070ad00000|  0%| F|  |TAMS 0x000000070ac00000, 0x000000070ac00000| Untracked 
| 161|0x000000070ad00000, 0x000000070ad00000, 0x000000070ae00000|  0%| F|  |TAMS 0x000000070ad00000, 0x000000070ad00000| Untracked 
| 162|0x000000070ae00000, 0x000000070ae00000, 0x000000070af00000|  0%| F|  |TAMS 0x000000070ae00000, 0x000000070ae00000| Untracked 
| 163|0x000000070af00000, 0x000000070af00000, 0x000000070b000000|  0%| F|  |TAMS 0x000000070af00000, 0x000000070af00000| Untracked 
| 164|0x000000070b000000, 0x000000070b000000, 0x000000070b100000|  0%| F|  |TAMS 0x000000070b000000, 0x000000070b000000| Untracked 
| 165|0x000000070b100000, 0x000000070b100000, 0x000000070b200000|  0%| F|  |TAMS 0x000000070b100000, 0x000000070b100000| Untracked 
| 166|0x000000070b200000, 0x000000070b200000, 0x000000070b300000|  0%| F|  |TAMS 0x000000070b200000, 0x000000070b200000| Untracked 
| 167|0x000000070b300000, 0x000000070b300000, 0x000000070b400000|  0%| F|  |TAMS 0x000000070b300000, 0x000000070b300000| Untracked 
| 168|0x000000070b400000, 0x000000070b400000, 0x000000070b500000|  0%| F|  |TAMS 0x000000070b400000, 0x000000070b400000| Untracked 
| 169|0x000000070b500000, 0x000000070b500000, 0x000000070b600000|  0%| F|  |TAMS 0x000000070b500000, 0x000000070b500000| Untracked 
| 170|0x000000070b600000, 0x000000070b600000, 0x000000070b700000|  0%| F|  |TAMS 0x000000070b600000, 0x000000070b600000| Untracked 
| 171|0x000000070b700000, 0x000000070b700000, 0x000000070b800000|  0%| F|  |TAMS 0x000000070b700000, 0x000000070b700000| Untracked 
| 172|0x000000070b800000, 0x000000070b800000, 0x000000070b900000|  0%| F|  |TAMS 0x000000070b800000, 0x000000070b800000| Untracked 
| 173|0x000000070b900000, 0x000000070b900000, 0x000000070ba00000|  0%| F|  |TAMS 0x000000070b900000, 0x000000070b900000| Untracked 
| 174|0x000000070ba00000, 0x000000070ba00000, 0x000000070bb00000|  0%| F|  |TAMS 0x000000070ba00000, 0x000000070ba00000| Untracked 
| 175|0x000000070bb00000, 0x000000070bb00000, 0x000000070bc00000|  0%| F|  |TAMS 0x000000070bb00000, 0x000000070bb00000| Untracked 
| 176|0x000000070bc00000, 0x000000070bc00000, 0x000000070bd00000|  0%| F|  |TAMS 0x000000070bc00000, 0x000000070bc00000| Untracked 
| 177|0x000000070bd00000, 0x000000070bd00000, 0x000000070be00000|  0%| F|  |TAMS 0x000000070bd00000, 0x000000070bd00000| Untracked 
| 178|0x000000070be00000, 0x000000070be00000, 0x000000070bf00000|  0%| F|  |TAMS 0x000000070be00000, 0x000000070be00000| Untracked 
| 179|0x000000070bf00000, 0x000000070bf00000, 0x000000070c000000|  0%| F|  |TAMS 0x000000070bf00000, 0x000000070bf00000| Untracked 
| 180|0x000000070c000000, 0x000000070c000000, 0x000000070c100000|  0%| F|  |TAMS 0x000000070c000000, 0x000000070c000000| Untracked 
| 181|0x000000070c100000, 0x000000070c100000, 0x000000070c200000|  0%| F|  |TAMS 0x000000070c100000, 0x000000070c100000| Untracked 
| 182|0x000000070c200000, 0x000000070c200000, 0x000000070c300000|  0%| F|  |TAMS 0x000000070c200000, 0x000000070c200000| Untracked 
| 183|0x000000070c300000, 0x000000070c300000, 0x000000070c400000|  0%| F|  |TAMS 0x000000070c300000, 0x000000070c300000| Untracked 
| 184|0x000000070c400000, 0x000000070c400000, 0x000000070c500000|  0%| F|  |TAMS 0x000000070c400000, 0x000000070c400000| Untracked 
| 185|0x000000070c500000, 0x000000070c500000, 0x000000070c600000|  0%| F|  |TAMS 0x000000070c500000, 0x000000070c500000| Untracked 
| 186|0x000000070c600000, 0x000000070c600000, 0x000000070c700000|  0%| F|  |TAMS 0x000000070c600000, 0x000000070c600000| Untracked 
| 187|0x000000070c700000, 0x000000070c700000, 0x000000070c800000|  0%| F|  |TAMS 0x000000070c700000, 0x000000070c700000| Untracked 
| 188|0x000000070c800000, 0x000000070c800000, 0x000000070c900000|  0%| F|  |TAMS 0x000000070c800000, 0x000000070c800000| Untracked 
| 189|0x000000070c900000, 0x000000070c900000, 0x000000070ca00000|  0%| F|  |TAMS 0x000000070c900000, 0x000000070c900000| Untracked 
| 190|0x000000070ca00000, 0x000000070ca00000, 0x000000070cb00000|  0%| F|  |TAMS 0x000000070ca00000, 0x000000070ca00000| Untracked 
| 191|0x000000070cb00000, 0x000000070cb00000, 0x000000070cc00000|  0%| F|  |TAMS 0x000000070cb00000, 0x000000070cb00000| Untracked 
| 192|0x000000070cc00000, 0x000000070cc00000, 0x000000070cd00000|  0%| F|  |TAMS 0x000000070cc00000, 0x000000070cc00000| Untracked 
| 193|0x000000070cd00000, 0x000000070cd00000, 0x000000070ce00000|  0%| F|  |TAMS 0x000000070cd00000, 0x000000070cd00000| Untracked 
| 194|0x000000070ce00000, 0x000000070ce00000, 0x000000070cf00000|  0%| F|  |TAMS 0x000000070ce00000, 0x000000070ce00000| Untracked 
| 195|0x000000070cf00000, 0x000000070cf00000, 0x000000070d000000|  0%| F|  |TAMS 0x000000070cf00000, 0x000000070cf00000| Untracked 
| 196|0x000000070d000000, 0x000000070d000000, 0x000000070d100000|  0%| F|  |TAMS 0x000000070d000000, 0x000000070d000000| Untracked 
| 197|0x000000070d100000, 0x000000070d100000, 0x000000070d200000|  0%| F|  |TAMS 0x000000070d100000, 0x000000070d100000| Untracked 
| 198|0x000000070d200000, 0x000000070d200000, 0x000000070d300000|  0%| F|  |TAMS 0x000000070d200000, 0x000000070d200000| Untracked 
| 199|0x000000070d300000, 0x000000070d300000, 0x000000070d400000|  0%| F|  |TAMS 0x000000070d300000, 0x000000070d300000| Untracked 
| 200|0x000000070d400000, 0x000000070d400000, 0x000000070d500000|  0%| F|  |TAMS 0x000000070d400000, 0x000000070d400000| Untracked 
| 201|0x000000070d500000, 0x000000070d500000, 0x000000070d600000|  0%| F|  |TAMS 0x000000070d500000, 0x000000070d500000| Untracked 
| 202|0x000000070d600000, 0x000000070d600000, 0x000000070d700000|  0%| F|  |TAMS 0x000000070d600000, 0x000000070d600000| Untracked 
| 203|0x000000070d700000, 0x000000070d700000, 0x000000070d800000|  0%| F|  |TAMS 0x000000070d700000, 0x000000070d700000| Untracked 
| 204|0x000000070d800000, 0x000000070d800000, 0x000000070d900000|  0%| F|  |TAMS 0x000000070d800000, 0x000000070d800000| Untracked 
| 205|0x000000070d900000, 0x000000070d900000, 0x000000070da00000|  0%| F|  |TAMS 0x000000070d900000, 0x000000070d900000| Untracked 
| 206|0x000000070da00000, 0x000000070da00000, 0x000000070db00000|  0%| F|  |TAMS 0x000000070da00000, 0x000000070da00000| Untracked 
| 207|0x000000070db00000, 0x000000070db00000, 0x000000070dc00000|  0%| F|  |TAMS 0x000000070db00000, 0x000000070db00000| Untracked 
| 208|0x000000070dc00000, 0x000000070dc00000, 0x000000070dd00000|  0%| F|  |TAMS 0x000000070dc00000, 0x000000070dc00000| Untracked 
| 209|0x000000070dd00000, 0x000000070dd00000, 0x000000070de00000|  0%| F|  |TAMS 0x000000070dd00000, 0x000000070dd00000| Untracked 
| 210|0x000000070de00000, 0x000000070de00000, 0x000000070df00000|  0%| F|  |TAMS 0x000000070de00000, 0x000000070de00000| Untracked 
| 211|0x000000070df00000, 0x000000070df00000, 0x000000070e000000|  0%| F|  |TAMS 0x000000070df00000, 0x000000070df00000| Untracked 
| 212|0x000000070e000000, 0x000000070e000000, 0x000000070e100000|  0%| F|  |TAMS 0x000000070e000000, 0x000000070e000000| Untracked 
| 213|0x000000070e100000, 0x000000070e100000, 0x000000070e200000|  0%| F|  |TAMS 0x000000070e100000, 0x000000070e100000| Untracked 
| 214|0x000000070e200000, 0x000000070e200000, 0x000000070e300000|  0%| F|  |TAMS 0x000000070e200000, 0x000000070e200000| Untracked 
| 215|0x000000070e300000, 0x000000070e300000, 0x000000070e400000|  0%| F|  |TAMS 0x000000070e300000, 0x000000070e300000| Untracked 
| 216|0x000000070e400000, 0x000000070e400000, 0x000000070e500000|  0%| F|  |TAMS 0x000000070e400000, 0x000000070e400000| Untracked 
| 217|0x000000070e500000, 0x000000070e500000, 0x000000070e600000|  0%| F|  |TAMS 0x000000070e500000, 0x000000070e500000| Untracked 
| 218|0x000000070e600000, 0x000000070e600000, 0x000000070e700000|  0%| F|  |TAMS 0x000000070e600000, 0x000000070e600000| Untracked 
| 219|0x000000070e700000, 0x000000070e700000, 0x000000070e800000|  0%| F|  |TAMS 0x000000070e700000, 0x000000070e700000| Untracked 
| 220|0x000000070e800000, 0x000000070e800000, 0x000000070e900000|  0%| F|  |TAMS 0x000000070e800000, 0x000000070e800000| Untracked 
| 221|0x000000070e900000, 0x000000070e900000, 0x000000070ea00000|  0%| F|  |TAMS 0x000000070e900000, 0x000000070e900000| Untracked 
| 222|0x000000070ea00000, 0x000000070ea00000, 0x000000070eb00000|  0%| F|  |TAMS 0x000000070ea00000, 0x000000070ea00000| Untracked 
| 223|0x000000070eb00000, 0x000000070eb00000, 0x000000070ec00000|  0%| F|  |TAMS 0x000000070eb00000, 0x000000070eb00000| Untracked 
| 224|0x000000070ec00000, 0x000000070ec00000, 0x000000070ed00000|  0%| F|  |TAMS 0x000000070ec00000, 0x000000070ec00000| Untracked 
| 225|0x000000070ed00000, 0x000000070ed00000, 0x000000070ee00000|  0%| F|  |TAMS 0x000000070ed00000, 0x000000070ed00000| Untracked 
| 226|0x000000070ee00000, 0x000000070ee00000, 0x000000070ef00000|  0%| F|  |TAMS 0x000000070ee00000, 0x000000070ee00000| Untracked 
| 227|0x000000070ef00000, 0x000000070ef00000, 0x000000070f000000|  0%| F|  |TAMS 0x000000070ef00000, 0x000000070ef00000| Untracked 
| 228|0x000000070f000000, 0x000000070f000000, 0x000000070f100000|  0%| F|  |TAMS 0x000000070f000000, 0x000000070f000000| Untracked 
| 229|0x000000070f100000, 0x000000070f100000, 0x000000070f200000|  0%| F|  |TAMS 0x000000070f100000, 0x000000070f100000| Untracked 
| 230|0x000000070f200000, 0x000000070f200000, 0x000000070f300000|  0%| F|  |TAMS 0x000000070f200000, 0x000000070f200000| Untracked 
| 231|0x000000070f300000, 0x000000070f300000, 0x000000070f400000|  0%| F|  |TAMS 0x000000070f300000, 0x000000070f300000| Untracked 
| 232|0x000000070f400000, 0x000000070f400000, 0x000000070f500000|  0%| F|  |TAMS 0x000000070f400000, 0x000000070f400000| Untracked 
| 233|0x000000070f500000, 0x000000070f500000, 0x000000070f600000|  0%| F|  |TAMS 0x000000070f500000, 0x000000070f500000| Untracked 
| 234|0x000000070f600000, 0x000000070f600000, 0x000000070f700000|  0%| F|  |TAMS 0x000000070f600000, 0x000000070f600000| Untracked 
| 235|0x000000070f700000, 0x000000070f700000, 0x000000070f800000|  0%| F|  |TAMS 0x000000070f700000, 0x000000070f700000| Untracked 
| 236|0x000000070f800000, 0x000000070f800000, 0x000000070f900000|  0%| F|  |TAMS 0x000000070f800000, 0x000000070f800000| Untracked 
| 237|0x000000070f900000, 0x000000070f900000, 0x000000070fa00000|  0%| F|  |TAMS 0x000000070f900000, 0x000000070f900000| Untracked 
| 238|0x000000070fa00000, 0x000000070fa00000, 0x000000070fb00000|  0%| F|  |TAMS 0x000000070fa00000, 0x000000070fa00000| Untracked 
| 239|0x000000070fb00000, 0x000000070fb00000, 0x000000070fc00000|  0%| F|  |TAMS 0x000000070fb00000, 0x000000070fb00000| Untracked 
| 240|0x000000070fc00000, 0x000000070fc00000, 0x000000070fd00000|  0%| F|  |TAMS 0x000000070fc00000, 0x000000070fc00000| Untracked 
| 241|0x000000070fd00000, 0x000000070fd00000, 0x000000070fe00000|  0%| F|  |TAMS 0x000000070fd00000, 0x000000070fd00000| Untracked 
| 242|0x000000070fe00000, 0x000000070fe00000, 0x000000070ff00000|  0%| F|  |TAMS 0x000000070fe00000, 0x000000070fe00000| Untracked 
| 243|0x000000070ff00000, 0x000000070ff00000, 0x0000000710000000|  0%| F|  |TAMS 0x000000070ff00000, 0x000000070ff00000| Untracked 
| 244|0x0000000710000000, 0x0000000710000000, 0x0000000710100000|  0%| F|  |TAMS 0x0000000710000000, 0x0000000710000000| Untracked 
| 245|0x0000000710100000, 0x0000000710100000, 0x0000000710200000|  0%| F|  |TAMS 0x0000000710100000, 0x0000000710100000| Untracked 
| 246|0x0000000710200000, 0x0000000710200000, 0x0000000710300000|  0%| F|  |TAMS 0x0000000710200000, 0x0000000710200000| Untracked 
| 247|0x0000000710300000, 0x0000000710300000, 0x0000000710400000|  0%| F|  |TAMS 0x0000000710300000, 0x0000000710300000| Untracked 
| 248|0x0000000710400000, 0x0000000710400000, 0x0000000710500000|  0%| F|  |TAMS 0x0000000710400000, 0x0000000710400000| Untracked 
| 249|0x0000000710500000, 0x0000000710500000, 0x0000000710600000|  0%| F|  |TAMS 0x0000000710500000, 0x0000000710500000| Untracked 
| 250|0x0000000710600000, 0x0000000710600000, 0x0000000710700000|  0%| F|  |TAMS 0x0000000710600000, 0x0000000710600000| Untracked 
| 251|0x0000000710700000, 0x0000000710700000, 0x0000000710800000|  0%| F|  |TAMS 0x0000000710700000, 0x0000000710700000| Untracked 
| 252|0x0000000710800000, 0x0000000710800000, 0x0000000710900000|  0%| F|  |TAMS 0x0000000710800000, 0x0000000710800000| Untracked 
| 253|0x0000000710900000, 0x0000000710900000, 0x0000000710a00000|  0%| F|  |TAMS 0x0000000710900000, 0x0000000710900000| Untracked 
| 254|0x0000000710a00000, 0x0000000710a00000, 0x0000000710b00000|  0%| F|  |TAMS 0x0000000710a00000, 0x0000000710a00000| Untracked 
| 255|0x0000000710b00000, 0x0000000710b00000, 0x0000000710c00000|  0%| F|  |TAMS 0x0000000710b00000, 0x0000000710b00000| Untracked 
| 256|0x0000000710c00000, 0x0000000710c00000, 0x0000000710d00000|  0%| F|  |TAMS 0x0000000710c00000, 0x0000000710c00000| Untracked 
| 257|0x0000000710d00000, 0x0000000710d00000, 0x0000000710e00000|  0%| F|  |TAMS 0x0000000710d00000, 0x0000000710d00000| Untracked 
| 258|0x0000000710e00000, 0x0000000710e00000, 0x0000000710f00000|  0%| F|  |TAMS 0x0000000710e00000, 0x0000000710e00000| Untracked 
| 259|0x0000000710f00000, 0x0000000710f00000, 0x0000000711000000|  0%| F|  |TAMS 0x0000000710f00000, 0x0000000710f00000| Untracked 
| 260|0x0000000711000000, 0x0000000711000000, 0x0000000711100000|  0%| F|  |TAMS 0x0000000711000000, 0x0000000711000000| Untracked 
| 261|0x0000000711100000, 0x0000000711100000, 0x0000000711200000|  0%| F|  |TAMS 0x0000000711100000, 0x0000000711100000| Untracked 
| 262|0x0000000711200000, 0x0000000711200000, 0x0000000711300000|  0%| F|  |TAMS 0x0000000711200000, 0x0000000711200000| Untracked 
| 263|0x0000000711300000, 0x0000000711300000, 0x0000000711400000|  0%| F|  |TAMS 0x0000000711300000, 0x0000000711300000| Untracked 
| 264|0x0000000711400000, 0x0000000711400000, 0x0000000711500000|  0%| F|  |TAMS 0x0000000711400000, 0x0000000711400000| Untracked 
| 265|0x0000000711500000, 0x0000000711500000, 0x0000000711600000|  0%| F|  |TAMS 0x0000000711500000, 0x0000000711500000| Untracked 
| 266|0x0000000711600000, 0x0000000711600000, 0x0000000711700000|  0%| F|  |TAMS 0x0000000711600000, 0x0000000711600000| Untracked 
| 267|0x0000000711700000, 0x0000000711700000, 0x0000000711800000|  0%| F|  |TAMS 0x0000000711700000, 0x0000000711700000| Untracked 
| 268|0x0000000711800000, 0x0000000711800000, 0x0000000711900000|  0%| F|  |TAMS 0x0000000711800000, 0x0000000711800000| Untracked 
| 269|0x0000000711900000, 0x0000000711900000, 0x0000000711a00000|  0%| F|  |TAMS 0x0000000711900000, 0x0000000711900000| Untracked 
| 270|0x0000000711a00000, 0x0000000711a00000, 0x0000000711b00000|  0%| F|  |TAMS 0x0000000711a00000, 0x0000000711a00000| Untracked 
| 271|0x0000000711b00000, 0x0000000711b00000, 0x0000000711c00000|  0%| F|  |TAMS 0x0000000711b00000, 0x0000000711b00000| Untracked 
| 272|0x0000000711c00000, 0x0000000711c00000, 0x0000000711d00000|  0%| F|  |TAMS 0x0000000711c00000, 0x0000000711c00000| Untracked 
| 273|0x0000000711d00000, 0x0000000711d00000, 0x0000000711e00000|  0%| F|  |TAMS 0x0000000711d00000, 0x0000000711d00000| Untracked 
| 274|0x0000000711e00000, 0x0000000711e00000, 0x0000000711f00000|  0%| F|  |TAMS 0x0000000711e00000, 0x0000000711e00000| Untracked 
| 275|0x0000000711f00000, 0x0000000711f00000, 0x0000000712000000|  0%| F|  |TAMS 0x0000000711f00000, 0x0000000711f00000| Untracked 
| 276|0x0000000712000000, 0x0000000712000000, 0x0000000712100000|  0%| F|  |TAMS 0x0000000712000000, 0x0000000712000000| Untracked 
| 277|0x0000000712100000, 0x0000000712100000, 0x0000000712200000|  0%| F|  |TAMS 0x0000000712100000, 0x0000000712100000| Untracked 
| 278|0x0000000712200000, 0x0000000712200000, 0x0000000712300000|  0%| F|  |TAMS 0x0000000712200000, 0x0000000712200000| Untracked 
| 279|0x0000000712300000, 0x0000000712300000, 0x0000000712400000|  0%| F|  |TAMS 0x0000000712300000, 0x0000000712300000| Untracked 
| 280|0x0000000712400000, 0x0000000712400000, 0x0000000712500000|  0%| F|  |TAMS 0x0000000712400000, 0x0000000712400000| Untracked 
| 281|0x0000000712500000, 0x0000000712500000, 0x0000000712600000|  0%| F|  |TAMS 0x0000000712500000, 0x0000000712500000| Untracked 
| 282|0x0000000712600000, 0x0000000712600000, 0x0000000712700000|  0%| F|  |TAMS 0x0000000712600000, 0x0000000712600000| Untracked 
| 283|0x0000000712700000, 0x0000000712700000, 0x0000000712800000|  0%| F|  |TAMS 0x0000000712700000, 0x0000000712700000| Untracked 
| 284|0x0000000712800000, 0x0000000712800000, 0x0000000712900000|  0%| F|  |TAMS 0x0000000712800000, 0x0000000712800000| Untracked 
| 285|0x0000000712900000, 0x0000000712900000, 0x0000000712a00000|  0%| F|  |TAMS 0x0000000712900000, 0x0000000712900000| Untracked 
| 286|0x0000000712a00000, 0x0000000712a00000, 0x0000000712b00000|  0%| F|  |TAMS 0x0000000712a00000, 0x0000000712a00000| Untracked 
| 287|0x0000000712b00000, 0x0000000712b00000, 0x0000000712c00000|  0%| F|  |TAMS 0x0000000712b00000, 0x0000000712b00000| Untracked 
| 288|0x0000000712c00000, 0x0000000712c4dbc0, 0x0000000712d00000| 30%| S|CS|TAMS 0x0000000712c00000, 0x0000000712c00000| Complete 
| 289|0x0000000712d00000, 0x0000000712e00000, 0x0000000712e00000|100%| S|CS|TAMS 0x0000000712d00000, 0x0000000712d00000| Complete 
| 290|0x0000000712e00000, 0x0000000712f00000, 0x0000000712f00000|100%| S|CS|TAMS 0x0000000712e00000, 0x0000000712e00000| Complete 
| 291|0x0000000712f00000, 0x0000000713000000, 0x0000000713000000|100%| S|CS|TAMS 0x0000000712f00000, 0x0000000712f00000| Complete 
| 292|0x0000000713000000, 0x0000000713100000, 0x0000000713100000|100%| S|CS|TAMS 0x0000000713000000, 0x0000000713000000| Complete 
| 293|0x0000000713100000, 0x0000000713200000, 0x0000000713200000|100%| S|CS|TAMS 0x0000000713100000, 0x0000000713100000| Complete 
| 294|0x0000000713200000, 0x0000000713300000, 0x0000000713300000|100%| S|CS|TAMS 0x0000000713200000, 0x0000000713200000| Complete 
| 295|0x0000000713300000, 0x0000000713400000, 0x0000000713400000|100%| S|CS|TAMS 0x0000000713300000, 0x0000000713300000| Complete 
| 296|0x0000000713400000, 0x0000000713500000, 0x0000000713500000|100%| S|CS|TAMS 0x0000000713400000, 0x0000000713400000| Complete 
| 297|0x0000000713500000, 0x0000000713600000, 0x0000000713600000|100%| S|CS|TAMS 0x0000000713500000, 0x0000000713500000| Complete 
| 298|0x0000000713600000, 0x0000000713700000, 0x0000000713700000|100%| S|CS|TAMS 0x0000000713600000, 0x0000000713600000| Complete 
| 299|0x0000000713700000, 0x0000000713800000, 0x0000000713800000|100%| S|CS|TAMS 0x0000000713700000, 0x0000000713700000| Complete 
| 300|0x0000000713800000, 0x0000000713900000, 0x0000000713900000|100%| S|CS|TAMS 0x0000000713800000, 0x0000000713800000| Complete 
| 301|0x0000000713900000, 0x0000000713900000, 0x0000000713a00000|  0%| F|  |TAMS 0x0000000713900000, 0x0000000713900000| Untracked 
| 302|0x0000000713a00000, 0x0000000713a00000, 0x0000000713b00000|  0%| F|  |TAMS 0x0000000713a00000, 0x0000000713a00000| Untracked 
| 303|0x0000000713b00000, 0x0000000713b00000, 0x0000000713c00000|  0%| F|  |TAMS 0x0000000713b00000, 0x0000000713b00000| Untracked 
| 304|0x0000000713c00000, 0x0000000713c00000, 0x0000000713d00000|  0%| F|  |TAMS 0x0000000713c00000, 0x0000000713c00000| Untracked 
| 305|0x0000000713d00000, 0x0000000713d00000, 0x0000000713e00000|  0%| F|  |TAMS 0x0000000713d00000, 0x0000000713d00000| Untracked 
| 306|0x0000000713e00000, 0x0000000713e00000, 0x0000000713f00000|  0%| F|  |TAMS 0x0000000713e00000, 0x0000000713e00000| Untracked 
| 307|0x0000000713f00000, 0x0000000713f00000, 0x0000000714000000|  0%| F|  |TAMS 0x0000000713f00000, 0x0000000713f00000| Untracked 

Card table byte_map: [0x0000017de3c50000,0x0000017de4450000] _byte_map_base: 0x0000017de044a000

Marking Bits (Prev, Next): (CMBitMap*) 0x0000017dcb832028, (CMBitMap*) 0x0000017dcb832060
 Prev Bits: [0x0000017de4c50000, 0x0000017de8c20000)
 Next Bits: [0x0000017de8c20000, 0x0000017decbf0000)

Polling page: 0x0000017dc9590000

Metaspace:

Usage:
  Non-class:     52.47 MB capacity,    51.37 MB ( 98%) used,   905.70 KB (  2%) free+waste,   220.25 KB ( <1%) overhead. 
      Class:      8.47 MB capacity,     7.77 MB ( 92%) used,   605.82 KB (  7%) free+waste,   106.56 KB (  1%) overhead. 
       Both:     60.94 MB capacity,    59.15 MB ( 97%) used,     1.48 MB (  2%) free+waste,   326.81 KB ( <1%) overhead. 

Virtual space:
  Non-class space:       70.00 MB reserved,      52.51 MB ( 75%) committed 
      Class space:        1.00 GB reserved,       8.50 MB ( <1%) committed 
             Both:        1.07 GB reserved,      61.01 MB (  6%) committed 

Chunk freelists:
   Non-Class:  36.00 KB
       Class:  0 bytes
        Both:  36.00 KB

MaxMetaspaceSize: 17179869184.00 GB
CompressedClassSpaceSize: 1.00 GB
Initial GC threshold: 20.80 MB
Current GC threshold: 101.27 MB
CDS: off

CodeHeap 'non-profiled nmethods': size=238336Kb used=8165Kb max_used=8165Kb free=230170Kb
 bounds [0x0000017dd4620000, 0x0000017dd4e20000, 0x0000017de2ee0000]
CodeHeap 'non-nmethods': size=7424Kb used=1383Kb max_used=1383Kb free=6040Kb
 bounds [0x0000017dd3ee0000, 0x0000017dd4150000, 0x0000017dd4620000]
 total_blobs=5508 nmethods=4918 adapters=522
 compilation: enabled
              stopped_count=0, restarted_count=0
 full_count=0

Compilation events (20 events):
Event: 3.268 Thread 0x0000017df02af800 4907       1       org.springframework.beans.factory.support.AbstractAutowireCapableBeanFactory::getInstantiationStrategy (5 bytes)
Event: 3.268 Thread 0x0000017df02af800 nmethod 4907 0x0000017dd4e15810 code [0x0000017dd4e159c0, 0x0000017dd4e15a78]
Event: 3.271 Thread 0x0000017df02af800 4908       1       java.util.stream.Streams$ConcatSpliterator::tryAdvance (54 bytes)
Event: 3.271 Thread 0x0000017df02af800 nmethod 4908 0x0000017dd4e15b10 code [0x0000017dd4e15ce0, 0x0000017dd4e15e68]
Event: 3.272 Thread 0x0000017df02af800 4909       1       java.io.ObjectInputStream$BlockDataInputStream::getBlockDataMode (5 bytes)
Event: 3.272 Thread 0x0000017df02af800 nmethod 4909 0x0000017dd4e15f10 code [0x0000017dd4e160c0, 0x0000017dd4e16178]
Event: 3.272 Thread 0x0000017df02af800 4910       1       org.springframework.beans.factory.support.DefaultListableBeanFactory::getBeanNamesForType (101 bytes)
Event: 3.273 Thread 0x0000017df02af800 nmethod 4910 0x0000017dd4e16210 code [0x0000017dd4e16420, 0x0000017dd4e16908]
Event: 3.273 Thread 0x0000017df02af800 4911       1       java.lang.ClassLoader::getName (5 bytes)
Event: 3.273 Thread 0x0000017df02af800 nmethod 4911 0x0000017dd4e16b90 code [0x0000017dd4e16d40, 0x0000017dd4e16df8]
Event: 3.274 Thread 0x0000017df02af800 4912       1       java.io.ObjectStreamField::isPrimitive (23 bytes)
Event: 3.274 Thread 0x0000017df02af800 nmethod 4912 0x0000017dd4e16e90 code [0x0000017dd4e17060, 0x0000017dd4e17228]
Event: 3.274 Thread 0x0000017df02af800 4913       1       java.io.ObjectStreamClass$WeakClassKey::equals (42 bytes)
Event: 3.274 Thread 0x0000017df02af800 nmethod 4913 0x0000017dd4e17410 code [0x0000017dd4e175c0, 0x0000017dd4e177b8]
Event: 3.274 Thread 0x0000017df02af800 4914       1       java.io.ObjectOutputStream::writeString (74 bytes)
Event: 3.274 Thread 0x0000017df02af800 nmethod 4914 0x0000017dd4e17890 code [0x0000017dd4e17ac0, 0x0000017dd4e17e78]
Event: 3.282 Thread 0x0000017df02af800 4917       1       org.springframework.beans.factory.support.DefaultListableBeanFactory::findAnnotationOnBean (8 bytes)
Event: 3.282 Thread 0x0000017df02af800 nmethod 4917 0x0000017dd4e18810 code [0x0000017dd4e18a20, 0x0000017dd4e18e58]
Event: 3.283 Thread 0x0000017df02af800 4918       1       org.springframework.aop.scope.ScopedProxyUtils::isScopedTarget (19 bytes)
Event: 3.283 Thread 0x0000017df02af800 nmethod 4918 0x0000017dd4e19110 code [0x0000017dd4e192c0, 0x0000017dd4e193c8]

GC Heap History (17 events):
Event: 0.699 GC heap before
{Heap before GC invocations=0 (full 0):
 garbage-first heap   total 262144K, used 24576K [0x0000000700c00000, 0x0000000800000000)
  region size 1024K, 24 young (24576K), 0 survivors (0K)
 Metaspace       used 13460K, capacity 13832K, committed 14080K, reserved 1062912K
  class space    used 1378K, capacity 1503K, committed 1536K, reserved 1048576K
}
Event: 0.705 GC heap after
{Heap after GC invocations=1 (full 0):
 garbage-first heap   total 262144K, used 6749K [0x0000000700c00000, 0x0000000800000000)
  region size 1024K, 3 young (3072K), 3 survivors (3072K)
 Metaspace       used 13460K, capacity 13832K, committed 14080K, reserved 1062912K
  class space    used 1378K, capacity 1503K, committed 1536K, reserved 1048576K
}
Event: 1.023 GC heap before
{Heap before GC invocations=1 (full 0):
 garbage-first heap   total 262144K, used 51805K [0x0000000700c00000, 0x0000000800000000)
  region size 1024K, 48 young (49152K), 3 survivors (3072K)
 Metaspace       used 20523K, capacity 21105K, committed 21296K, reserved 1069056K
  class space    used 2364K, capacity 2601K, committed 2688K, reserved 1048576K
}
Event: 1.028 GC heap after
{Heap after GC invocations=2 (full 0):
 garbage-first heap   total 262144K, used 8706K [0x0000000700c00000, 0x0000000800000000)
  region size 1024K, 5 young (5120K), 5 survivors (5120K)
 Metaspace       used 20523K, capacity 21105K, committed 21296K, reserved 1069056K
  class space    used 2364K, capacity 2601K, committed 2688K, reserved 1048576K
}
Event: 1.162 GC heap before
{Heap before GC invocations=3 (full 0):
 garbage-first heap   total 262144K, used 64002K [0x0000000700c00000, 0x0000000800000000)
  region size 1024K, 60 young (61440K), 5 survivors (5120K)
 Metaspace       used 24655K, capacity 25358K, committed 25520K, reserved 1071104K
  class space    used 2983K, capacity 3271K, committed 3328K, reserved 1048576K
}
Event: 1.167 GC heap after
{Heap after GC invocations=4 (full 0):
 garbage-first heap   total 262144K, used 10708K [0x0000000700c00000, 0x0000000800000000)
  region size 1024K, 4 young (4096K), 4 survivors (4096K)
 Metaspace       used 24655K, capacity 25358K, committed 25520K, reserved 1071104K
  class space    used 2983K, capacity 3271K, committed 3328K, reserved 1048576K
}
Event: 1.414 GC heap before
{Heap before GC invocations=4 (full 0):
 garbage-first heap   total 262144K, used 83412K [0x0000000700c00000, 0x0000000800000000)
  region size 1024K, 76 young (77824K), 4 survivors (4096K)
 Metaspace       used 29602K, capacity 30579K, committed 30896K, reserved 1077248K
  class space    used 3603K, capacity 3978K, committed 4096K, reserved 1048576K
}
Event: 1.418 GC heap after
{Heap after GC invocations=5 (full 0):
 garbage-first heap   total 262144K, used 12418K [0x0000000700c00000, 0x0000000800000000)
  region size 1024K, 6 young (6144K), 6 survivors (6144K)
 Metaspace       used 29602K, capacity 30579K, committed 30896K, reserved 1077248K
  class space    used 3603K, capacity 3978K, committed 4096K, reserved 1048576K
}
Event: 1.748 GC heap before
{Heap before GC invocations=5 (full 0):
 garbage-first heap   total 262144K, used 61570K [0x0000000700c00000, 0x0000000800000000)
  region size 1024K, 55 young (56320K), 6 survivors (6144K)
 Metaspace       used 34600K, capacity 35875K, committed 35920K, reserved 1081344K
  class space    used 4376K, capacity 4863K, committed 4864K, reserved 1048576K
}
Event: 1.758 GC heap after
{Heap after GC invocations=6 (full 0):
 garbage-first heap   total 315392K, used 15032K [0x0000000700c00000, 0x0000000800000000)
  region size 1024K, 8 young (8192K), 8 survivors (8192K)
 Metaspace       used 34600K, capacity 35875K, committed 35920K, reserved 1081344K
  class space    used 4376K, capacity 4863K, committed 4864K, reserved 1048576K
}
Event: 2.361 GC heap before
{Heap before GC invocations=7 (full 0):
 garbage-first heap   total 315392K, used 139960K [0x0000000700c00000, 0x0000000800000000)
  region size 1024K, 131 young (134144K), 8 survivors (8192K)
 Metaspace       used 46631K, capacity 48098K, committed 48208K, reserved 1091584K
  class space    used 5983K, capacity 6547K, committed 6656K, reserved 1048576K
}
Event: 2.370 GC heap after
{Heap after GC invocations=8 (full 0):
 garbage-first heap   total 315392K, used 18276K [0x0000000700c00000, 0x0000000800000000)
  region size 1024K, 12 young (12288K), 12 survivors (12288K)
 Metaspace       used 46631K, capacity 48098K, committed 48208K, reserved 1091584K
  class space    used 5983K, capacity 6547K, committed 6656K, reserved 1048576K
}
Event: 3.025 GC heap before
{Heap before GC invocations=8 (full 0):
 garbage-first heap   total 315392K, used 152420K [0x0000000700c00000, 0x0000000800000000)
  region size 1024K, 144 young (147456K), 12 survivors (12288K)
 Metaspace       used 58505K, capacity 60122K, committed 60296K, reserved 1101824K
  class space    used 7608K, capacity 8261K, committed 8320K, reserved 1048576K
}
Event: 3.041 GC heap after
{Heap after GC invocations=9 (full 0):
 garbage-first heap   total 315392K, used 21899K [0x0000000700c00000, 0x0000000800000000)
  region size 1024K, 15 young (15360K), 15 survivors (15360K)
 Metaspace       used 58505K, capacity 60122K, committed 60296K, reserved 1101824K
  class space    used 7608K, capacity 8261K, committed 8320K, reserved 1048576K
}
Event: 3.230 GC heap before
{Heap before GC invocations=10 (full 0):
 garbage-first heap   total 315392K, used 50571K [0x0000000700c00000, 0x0000000800000000)
  region size 1024K, 44 young (45056K), 15 survivors (15360K)
 Metaspace       used 60050K, capacity 61782K, committed 61960K, reserved 1110016K
  class space    used 7886K, capacity 8577K, committed 8704K, reserved 1048576K
}
Event: 3.247 GC heap after
{Heap after GC invocations=11 (full 0):
 garbage-first heap   total 315392K, used 23903K [0x0000000700c00000, 0x0000000800000000)
  region size 1024K, 14 young (14336K), 14 survivors (14336K)
 Metaspace       used 60050K, capacity 61782K, committed 61960K, reserved 1110016K
  class space    used 7886K, capacity 8577K, committed 8704K, reserved 1048576K
}
Event: 3.290 GC heap before
{Heap before GC invocations=12 (full 0):
 garbage-first heap   total 315392K, used 30047K [0x0000000700c00000, 0x0000000800000000)
  region size 1024K, 21 young (21504K), 14 survivors (14336K)
 Metaspace       used 60566K, capacity 62405K, committed 62472K, reserved 1120256K
  class space    used 7960K, capacity 8673K, committed 8704K, reserved 1048576K
}

Deoptimization events (20 events):
Event: 3.275 Thread 0x0000017df1ee8800 DEOPT PACKING pc=0x0000017dd4df48e4 sp=0x00000003583f96e0
Event: 3.275 Thread 0x0000017df1ee8800 DEOPT UNPACKING pc=0x0000017dd3f2a95e sp=0x00000003583f8c08 mode 1
Event: 3.275 Thread 0x0000017df1ee8800 DEOPT PACKING pc=0x0000017dd4df48e4 sp=0x00000003583f96e0
Event: 3.275 Thread 0x0000017df1ee8800 DEOPT UNPACKING pc=0x0000017dd3f2a95e sp=0x00000003583f8c08 mode 1
Event: 3.275 Thread 0x0000017df1ee8800 DEOPT PACKING pc=0x0000017dd4df48e4 sp=0x00000003583f96e0
Event: 3.275 Thread 0x0000017df1ee8800 DEOPT UNPACKING pc=0x0000017dd3f2a95e sp=0x00000003583f8c08 mode 1
Event: 3.275 Thread 0x0000017df1ee8800 DEOPT PACKING pc=0x0000017dd4df48e4 sp=0x00000003583f96e0
Event: 3.275 Thread 0x0000017df1ee8800 DEOPT UNPACKING pc=0x0000017dd3f2a95e sp=0x00000003583f8c08 mode 1
Event: 3.275 Thread 0x0000017df1ee8800 DEOPT PACKING pc=0x0000017dd4df48e4 sp=0x00000003583f96e0
Event: 3.275 Thread 0x0000017df1ee8800 DEOPT UNPACKING pc=0x0000017dd3f2a95e sp=0x00000003583f8c08 mode 1
Event: 3.275 Thread 0x0000017df1ee8800 DEOPT PACKING pc=0x0000017dd4df48e4 sp=0x00000003583f96e0
Event: 3.275 Thread 0x0000017df1ee8800 DEOPT UNPACKING pc=0x0000017dd3f2a95e sp=0x00000003583f8c08 mode 1
Event: 3.275 Thread 0x0000017df1ee8800 DEOPT PACKING pc=0x0000017dd4df48e4 sp=0x00000003583f96e0
Event: 3.275 Thread 0x0000017df1ee8800 DEOPT UNPACKING pc=0x0000017dd3f2a95e sp=0x00000003583f8c08 mode 1
Event: 3.275 Thread 0x0000017df1ee8800 DEOPT PACKING pc=0x0000017dd4df48e4 sp=0x00000003583f96e0
Event: 3.275 Thread 0x0000017df1ee8800 DEOPT UNPACKING pc=0x0000017dd3f2a95e sp=0x00000003583f8c08 mode 1
Event: 3.275 Thread 0x0000017df1ee8800 DEOPT PACKING pc=0x0000017dd4df48e4 sp=0x00000003583f96e0
Event: 3.275 Thread 0x0000017df1ee8800 DEOPT UNPACKING pc=0x0000017dd3f2a95e sp=0x00000003583f8c08 mode 1
Event: 3.275 Thread 0x0000017df1ee8800 DEOPT PACKING pc=0x0000017dd4df48e4 sp=0x00000003583f96e0
Event: 3.275 Thread 0x0000017df1ee8800 DEOPT UNPACKING pc=0x0000017dd3f2a95e sp=0x00000003583f8c08 mode 1

Classes redefined (0 events):
No events

Internal exceptions (20 events):
Event: 3.077 Thread 0x0000017df444d000 Exception <a 'java/io/FileNotFoundException'{0x000000071385fbe0}> (0x000000071385fbe0) thrown at [./src/hotspot/share/prims/jni.cpp, line 615]
Event: 3.080 Thread 0x0000017dcb7ca000 Exception <a 'java/lang/ClassNotFoundException'{0x00000007138a1788}: java/lang/ObjectCustomizer> (0x00000007138a1788) thrown at [./src/hotspot/share/classfile/systemDictionary.cpp, line 231]
Event: 3.080 Thread 0x0000017dcb7ca000 Exception <a 'java/lang/ClassNotFoundException'{0x00000007138b6348}: com/example/crud/model/base/BaseEntityCustomizer> (0x00000007138b6348) thrown at [./src/hotspot/share/classfile/systemDictionary.cpp, line 231]
Event: 3.080 Thread 0x0000017dcb7ca000 Exception <a 'java/lang/ClassNotFoundException'{0x00000007138c87a8}: com/example/crud/model/PersonCustomizer> (0x00000007138c87a8) thrown at [./src/hotspot/share/classfile/systemDictionary.cpp, line 231]
Event: 3.107 Thread 0x0000017dcb7ca000 Exception <a 'java/lang/IncompatibleClassChangeError'{0x0000000713595438}: Found class java.lang.Object, but interface was expected> (0x0000000713595438) thrown at [./src/hotspot/share/interpreter/linkResolver.cpp, line 839]
Event: 3.147 Thread 0x0000017dcb7ca000 Exception <a 'java/lang/ClassNotFoundException'{0x0000000712ebdc58}: java/lang/ObjectCustomizer> (0x0000000712ebdc58) thrown at [./src/hotspot/share/classfile/systemDictionary.cpp, line 231]
Event: 3.147 Thread 0x0000017dcb7ca000 Exception <a 'java/lang/ClassNotFoundException'{0x0000000712ed8238}: org/springframework/web/servlet/config/annotation/WebMvcConfigurationSupportCustomizer> (0x0000000712ed8238) thrown at [./src/hotspot/share/classfile/systemDictionary.cpp, line 231]
Event: 3.147 Thread 0x0000017dcb7ca000 Exception <a 'java/lang/ClassNotFoundException'{0x0000000712efee98}: org/springframework/web/servlet/config/annotation/DelegatingWebMvcConfigurationCustomizer> (0x0000000712efee98) thrown at [./src/hotspot/share/classfile/systemDictionary.cpp, line 231]
Event: 3.148 Thread 0x0000017dcb7ca000 Exception <a 'java/lang/ClassNotFoundException'{0x0000000712d1e308}: org/springframework/boot/autoconfigure/web/servlet/WebMvcAutoConfiguration$EnableWebMvcConfigurationCustomizer> (0x0000000712d1e308) thrown at [./src/hotspot/share/classfile/systemDictionary.cpp, line 231]
Event: 3.148 Thread 0x0000017dcb7ca000 Exception <a 'java/lang/ClassNotFoundException'{0x0000000712d3ed28}: org/springframework/context/ResourceLoaderAwareCustomizer> (0x0000000712d3ed28) thrown at [./src/hotspot/share/classfile/systemDictionary.cpp, line 231]
Event: 3.149 Thread 0x0000017dcb7ca000 Exception <a 'java/lang/ClassNotFoundException'{0x0000000712d515f0}: org/springframework/beans/factory/AwareCustomizer> (0x0000000712d515f0) thrown at [./src/hotspot/share/classfile/systemDictionary.cpp, line 231]
Event: 3.149 Thread 0x0000017dcb7ca000 Exception <a 'java/lang/ClassNotFoundException'{0x0000000712d64d68}: org/springframework/context/ApplicationContextAwareCustomizer> (0x0000000712d64d68) thrown at [./src/hotspot/share/classfile/systemDictionary.cpp, line 231]
Event: 3.149 Thread 0x0000017dcb7ca000 Exception <a 'java/lang/ClassNotFoundException'{0x0000000712d77fc0}: org/springframework/beans/factory/AwareCustomizer> (0x0000000712d77fc0) thrown at [./src/hotspot/share/classfile/systemDictionary.cpp, line 231]
Event: 3.149 Thread 0x0000017dcb7ca000 Exception <a 'java/lang/ClassNotFoundException'{0x0000000712d8b998}: org/springframework/web/context/ServletContextAwareCustomizer> (0x0000000712d8b998) thrown at [./src/hotspot/share/classfile/systemDictionary.cpp, line 231]
Event: 3.150 Thread 0x0000017dcb7ca000 Exception <a 'java/lang/ClassNotFoundException'{0x0000000712d9e6c8}: org/springframework/beans/factory/AwareCustomizer> (0x0000000712d9e6c8) thrown at [./src/hotspot/share/classfile/systemDictionary.cpp, line 231]
Event: 3.183 Thread 0x0000017dcb7ca000 Exception <a 'java/lang/NoSuchMethodError'{0x0000000712949d58}: 'java.lang.Object java.lang.invoke.DirectMethodHandle$Holder.invokeInterface(java.lang.Object, java.lang.Object, java.lang.Object, java.lang.Object)'> (0x0000000712949d58) thrown at [./src/hotspot/share/interpreter/linkResolver.cpp, line 773]
Event: 3.272 Thread 0x0000017df1ee8800 Exception <a 'java/lang/OutOfMemoryError'{0x0000000713c022e8}: unable to create native thread: possibly out of memory or process/resource limits reached> (0x0000000713c022e8) thrown at [./src/hotspot/share/prims/jvm.cpp, line 2924]
Event: 3.272 Thread 0x0000017df1ee8800 Exception <a 'java/lang/reflect/InvocationTargetException'{0x0000000713c025b8}> (0x0000000713c025b8) thrown at [./src/hotspot/share/runtime/reflection.cpp, line 1247]
Event: 3.275 Thread 0x0000017dcb7ca000 Exception <a 'java/lang/NoSuchMethodError'{0x0000000713c94a18}: 'void java.lang.invoke.DirectMethodHandle$Holder.invokeVirtual(java.lang.Object, java.lang.Object, int)'> (0x0000000713c94a18) thrown at [./src/hotspot/share/interpreter/linkResolver.cpp, line 773]
Event: 3.276 Thread 0x0000017dcb7ca000 Exception <a 'java/lang/NoSuchMethodError'{0x0000000713cae818}: 'void java.lang.invoke.DirectMethodHandle$Holder.invokeVirtual(java.lang.Object, java.lang.Object, long)'> (0x0000000713cae818) thrown at [./src/hotspot/share/interpreter/linkResolver.cpp, line 773]

Events (20 events):
Event: 3.289 loading class javax/servlet/http/Part done
Event: 3.289 loading class org/springframework/web/util/UrlPathHelper$1
Event: 3.289 loading class org/springframework/web/util/UrlPathHelper$1 done
Event: 3.289 loading class org/springframework/web/method/annotation/ExpressionValueMethodArgumentResolver
Event: 3.289 loading class org/springframework/web/method/annotation/ExpressionValueMethodArgumentResolver done
Event: 3.289 loading class org/springframework/web/servlet/mvc/method/annotation/SessionAttributeMethodArgumentResolver
Event: 3.289 loading class org/springframework/web/servlet/mvc/method/annotation/SessionAttributeMethodArgumentResolver done
Event: 3.289 loading class org/springframework/web/servlet/mvc/method/annotation/RequestAttributeMethodArgumentResolver
Event: 3.289 loading class org/springframework/web/servlet/mvc/method/annotation/RequestAttributeMethodArgumentResolver done
Event: 3.289 loading class org/springframework/web/servlet/mvc/method/annotation/ServletRequestMethodArgumentResolver
Event: 3.289 loading class org/springframework/web/servlet/mvc/method/annotation/ServletRequestMethodArgumentResolver done
Event: 3.290 loading class org/springframework/web/servlet/mvc/method/annotation/ServletResponseMethodArgumentResolver
Event: 3.290 loading class org/springframework/web/servlet/mvc/method/annotation/ServletResponseMethodArgumentResolver done
Event: 3.290 loading class org/springframework/web/servlet/mvc/method/annotation/HttpEntityMethodProcessor
Event: 3.290 loading class org/springframework/web/servlet/mvc/method/annotation/HttpEntityMethodProcessor done
Event: 3.290 loading class org/springframework/web/servlet/mvc/method/annotation/RedirectAttributesMethodArgumentResolver
Event: 3.290 loading class org/springframework/web/servlet/mvc/method/annotation/RedirectAttributesMethodArgumentResolver done
Event: 3.290 loading class org/springframework/web/method/annotation/ModelMethodProcessor
Event: 3.290 loading class org/springframework/web/method/annotation/ModelMethodProcessor done
Event: 3.290 Executing VM operation: CollectForMetadataAllocation


Dynamic libraries:
0x00007ff747540000 - 0x00007ff74754d000 	C:\Users\proge\.jdks\corretto-11.0.12\bin\java.exe
0x00007ffaba220000 - 0x00007ffaba429000 	C:\WINDOWS\SYSTEM32\ntdll.dll
0x00007ffab9ae0000 - 0x00007ffab9b9d000 	C:\WINDOWS\System32\KERNEL32.DLL
0x00007ffab7af0000 - 0x00007ffab7e6c000 	C:\WINDOWS\System32\KERNELBASE.dll
0x00007ffaac780000 - 0x00007ffaac797000 	C:\Users\proge\.jdks\corretto-11.0.12\bin\jli.dll
0x00007ffab7930000 - 0x00007ffab7a41000 	C:\WINDOWS\System32\ucrtbase.dll
0x00007ffaabd80000 - 0x00007ffaabd99000 	C:\Users\proge\.jdks\corretto-11.0.12\bin\VCRUNTIME140.dll
0x00007ffab9f80000 - 0x00007ffaba12d000 	C:\WINDOWS\System32\USER32.dll
0x00007ffaa5b50000 - 0x00007ffaa5df5000 	C:\WINDOWS\WinSxS\amd64_microsoft.windows.common-controls_6595b64144ccf1df_6.0.22000.120_none_9d947278b86cc467\COMCTL32.dll
0x00007ffab7e70000 - 0x00007ffab7e96000 	C:\WINDOWS\System32\win32u.dll
0x00007ffab9c70000 - 0x00007ffab9c99000 	C:\WINDOWS\System32\GDI32.dll
0x00007ffab9ca0000 - 0x00007ffab9d43000 	C:\WINDOWS\System32\msvcrt.dll
0x00007ffab7f10000 - 0x00007ffab8029000 	C:\WINDOWS\System32\gdi32full.dll
0x00007ffab7a50000 - 0x00007ffab7aed000 	C:\WINDOWS\System32\msvcp_win.dll
0x00007ffab9d50000 - 0x00007ffab9d81000 	C:\WINDOWS\System32\IMM32.DLL
0x00007ffaa49b0000 - 0x00007ffaa4a4b000 	C:\Users\proge\.jdks\corretto-11.0.12\bin\msvcp140.dll
0x00007ffa2eed0000 - 0x00007ffa2fa2a000 	C:\Users\proge\.jdks\corretto-11.0.12\bin\server\jvm.dll
0x00007ffaba130000 - 0x00007ffaba1de000 	C:\WINDOWS\System32\ADVAPI32.dll
0x00007ffab9d90000 - 0x00007ffab9e2e000 	C:\WINDOWS\System32\sechost.dll
0x00007ffab95e0000 - 0x00007ffab9700000 	C:\WINDOWS\System32\RPCRT4.dll
0x00007ffab9130000 - 0x00007ffab9138000 	C:\WINDOWS\System32\PSAPI.DLL
0x00007ffab1f70000 - 0x00007ffab1fa3000 	C:\WINDOWS\SYSTEM32\WINMM.dll
0x00007ffab0110000 - 0x00007ffab011a000 	C:\WINDOWS\SYSTEM32\VERSION.dll
0x00007ffaac890000 - 0x00007ffaac899000 	C:\WINDOWS\SYSTEM32\WSOCK32.dll
0x00007ffab8d40000 - 0x00007ffab8daf000 	C:\WINDOWS\System32\WS2_32.dll
0x00007ffab68e0000 - 0x00007ffab68f8000 	C:\WINDOWS\SYSTEM32\kernel.appcore.dll
0x00007ffaacb70000 - 0x00007ffaacb80000 	C:\Users\proge\.jdks\corretto-11.0.12\bin\verify.dll
0x00007ffaab420000 - 0x00007ffaab641000 	C:\WINDOWS\SYSTEM32\DBGHELP.DLL
0x00007ffaa3270000 - 0x00007ffaa32a1000 	C:\WINDOWS\SYSTEM32\dbgcore.DLL
0x00007ffab8030000 - 0x00007ffab80af000 	C:\WINDOWS\System32\bcryptPrimitives.dll
0x00007ffaabc90000 - 0x00007ffaabcb8000 	C:\Users\proge\.jdks\corretto-11.0.12\bin\java.dll
0x00007ffaac240000 - 0x00007ffaac24a000 	C:\Users\proge\.jdks\corretto-11.0.12\bin\jimage.dll
0x00007ffaac420000 - 0x00007ffaac458000 	C:\Users\proge\.jdks\corretto-11.0.12\bin\jdwp.dll
0x00007ffab3a60000 - 0x00007ffab3a6e000 	C:\Users\proge\.jdks\corretto-11.0.12\bin\instrument.dll
0x00007ffaabc70000 - 0x00007ffaabc87000 	C:\Users\proge\.jdks\corretto-11.0.12\bin\zip.dll
0x00007ffab8580000 - 0x00007ffab8d38000 	C:\WINDOWS\System32\SHELL32.dll
0x00007ffab5870000 - 0x00007ffab60d8000 	C:\WINDOWS\SYSTEM32\windows.storage.dll
0x00007ffab8190000 - 0x00007ffab8509000 	C:\WINDOWS\System32\combase.dll
0x00007ffab5700000 - 0x00007ffab5866000 	C:\WINDOWS\SYSTEM32\wintypes.dll
0x00007ffab8db0000 - 0x00007ffab8e9a000 	C:\WINDOWS\System32\SHCORE.dll
0x00007ffab9e30000 - 0x00007ffab9e8d000 	C:\WINDOWS\System32\shlwapi.dll
0x00007ffab7630000 - 0x00007ffab7651000 	C:\WINDOWS\SYSTEM32\profapi.dll
0x00007ffaad590000 - 0x00007ffaad59a000 	C:\Users\proge\.jdks\corretto-11.0.12\bin\dt_socket.dll
0x00007ffab6d10000 - 0x00007ffab6d77000 	C:\WINDOWS\system32\mswsock.dll
0x00007ffaabc50000 - 0x00007ffaabc69000 	C:\Users\proge\.jdks\corretto-11.0.12\bin\net.dll
0x00007ffab28a0000 - 0x00007ffab29ac000 	C:\WINDOWS\SYSTEM32\WINHTTP.dll
0x00007ffaaba40000 - 0x00007ffaaba52000 	C:\Users\proge\.jdks\corretto-11.0.12\bin\nio.dll
0x00007ffab6440000 - 0x00007ffab6528000 	C:\WINDOWS\SYSTEM32\DNSAPI.dll
0x00007ffab6410000 - 0x00007ffab643d000 	C:\WINDOWS\SYSTEM32\IPHLPAPI.DLL
0x00007ffab9880000 - 0x00007ffab9889000 	C:\WINDOWS\System32\NSI.dll
0x00007ffab0100000 - 0x00007ffab010a000 	C:\Windows\System32\rasadhlp.dll
0x00007ffab0c60000 - 0x00007ffab0ce1000 	C:\WINDOWS\System32\fwpuclnt.dll
0x00007ffaad510000 - 0x00007ffaad519000 	C:\Users\proge\.jdks\corretto-11.0.12\bin\management.dll
0x00007ffaad500000 - 0x00007ffaad50b000 	C:\Users\proge\.jdks\corretto-11.0.12\bin\management_ext.dll
0x00007ffab6f60000 - 0x00007ffab6f78000 	C:\WINDOWS\SYSTEM32\CRYPTSP.dll
0x00007ffab6840000 - 0x00007ffab6875000 	C:\WINDOWS\system32\rsaenh.dll
0x00007ffab6e00000 - 0x00007ffab6e29000 	C:\WINDOWS\SYSTEM32\USERENV.dll
0x00007ffab70e0000 - 0x00007ffab7107000 	C:\WINDOWS\SYSTEM32\bcrypt.dll
0x00007ffab6f50000 - 0x00007ffab6f5c000 	C:\WINDOWS\SYSTEM32\CRYPTBASE.dll
0x00007ffab2a10000 - 0x00007ffab2a29000 	C:\WINDOWS\SYSTEM32\dhcpcsvc6.DLL
0x00007ffab2c90000 - 0x00007ffab2cae000 	C:\WINDOWS\SYSTEM32\dhcpcsvc.DLL
0x00007ffa7b880000 - 0x00007ffa7b897000 	C:\WINDOWS\system32\napinsp.dll
0x00007ffa7b860000 - 0x00007ffa7b87b000 	C:\WINDOWS\system32\pnrpnsp.dll
0x00007ffa7b840000 - 0x00007ffa7b852000 	C:\WINDOWS\System32\winrnr.dll
0x00007ffa98280000 - 0x00007ffa98295000 	C:\WINDOWS\system32\wshbth.dll
0x00007ffa7b820000 - 0x00007ffa7b83f000 	C:\WINDOWS\system32\nlansp_c.dll
0x00007ffaa9340000 - 0x00007ffaa934e000 	C:\Users\proge\.jdks\corretto-11.0.12\bin\sunmscapi.dll
0x00007ffab77c0000 - 0x00007ffab7922000 	C:\WINDOWS\System32\CRYPT32.dll
0x00007ffab70b0000 - 0x00007ffab70d8000 	C:\WINDOWS\SYSTEM32\ncrypt.dll
0x00007ffab7070000 - 0x00007ffab70a7000 	C:\WINDOWS\SYSTEM32\NTASN1.dll
0x00007ffaa54f0000 - 0x00007ffaa5515000 	C:\Users\proge\.jdks\corretto-11.0.12\bin\sunec.dll

dbghelp: loaded successfully - version: 4.0.5 - missing functions: none
symbol engine: initialized successfully - sym options: 0x614 - pdb path: .;C:\Users\proge\.jdks\corretto-11.0.12\bin;C:\WINDOWS\SYSTEM32;C:\WINDOWS\WinSxS\amd64_microsoft.windows.common-controls_6595b64144ccf1df_6.0.22000.120_none_9d947278b86cc467;C:\Users\proge\.jdks\corretto-11.0.12\bin\server

VM Arguments:
jvm_args: -agentlib:jdwp=transport=dt_socket,address=127.0.0.1:56986,suspend=y,server=n -XX:TieredStopAtLevel=1 -Xverify:none -Dspring.output.ansi.enabled=always -Dcom.sun.management.jmxremote -Dspring.jmx.enabled=true -Dspring.liveBeansView.mbeanDomain -Dspring.application.admin.enabled=true -javaagent:C:\Users\proge\AppData\Local\JetBrains\Toolbox\apps\IDEA-U\ch-0\222.4167.29\plugins\java\lib\rt\debugger-agent.jar -Dfile.encoding=UTF-8 
java_command: com.example.crud.CrudServiceApplication
java_class_path (initial): D:\IdeaFlex\soa_lab2\crud\target\classes;C:\Users\proge\.m2\repository\org\springframework\boot\spring-boot-starter-web\2.7.4\spring-boot-starter-web-2.7.4.jar;C:\Users\proge\.m2\repository\org\springframework\boot\spring-boot-starter\2.7.4\spring-boot-starter-2.7.4.jar;C:\Users\proge\.m2\repository\org\springframework\boot\spring-boot\2.7.4\spring-boot-2.7.4.jar;C:\Users\proge\.m2\repository\org\springframework\boot\spring-boot-autoconfigure\2.7.4\spring-boot-autoconfigure-2.7.4.jar;C:\Users\proge\.m2\repository\org\springframework\boot\spring-boot-starter-logging\2.7.4\spring-boot-starter-logging-2.7.4.jar;C:\Users\proge\.m2\repository\ch\qos\logback\logback-classic\1.2.11\logback-classic-1.2.11.jar;C:\Users\proge\.m2\repository\ch\qos\logback\logback-core\1.2.11\logback-core-1.2.11.jar;C:\Users\proge\.m2\repository\org\apache\logging\log4j\log4j-to-slf4j\2.17.2\log4j-to-slf4j-2.17.2.jar;C:\Users\proge\.m2\repository\org\apache\logging\log4j\log4j-api\2.17.2\log4j-api-2.17.2.jar;C:\Users\proge\.m2\repository\org\slf4j\jul-to-slf4j\1.7.36\jul-to-slf4j-1.7.36.jar;C:\Users\proge\.m2\repository\jakarta\annotation\jakarta.annotation-api\1.3.5\jakarta.annotation-api-1.3.5.jar;C:\Users\proge\.m2\repository\org\yaml\snakeyaml\1.30\snakeyaml-1.30.jar;C:\Users\proge\.m2\repository\org\springframework\boot\spring-boot-starter-json\2.7.4\spring-boot-starter-json-2.7.4.jar;C:\Users\proge\.m2\repository\com\fasterxml\jackson\core\jackson-databind\2.13.4\jackson-databind-2.13.4.jar;C:\Users\proge\.m2\repository\com\fasterxml\jackson\core\jackson-annotations\2.13.4\jackson-annotations-2.13.4.jar;C:\Users\proge\.m2\repository\com\fasterxml\jackson\core\jackson-core\2.13.4\jackson-core-2.13.4.jar;C:\Users\proge\.m2\repository\com\fasterxml\jackson\datatype\jackson-datatype-jdk8\2.13.4\jackson-datatype-jdk8-2.13.4.jar;C:\Users\proge\.m2\repository\com\fasterxml\jackson\datatype\jackson-datatype-jsr310\2.13.4\jackson-datatype-jsr310-2.13.4.jar;C:\Users\pr
Launcher Type: SUN_STANDARD

[Global flags]
     bool BytecodeVerificationLocal                = false                                     {product} {command line}
     bool BytecodeVerificationRemote               = false                                     {product} {command line}
     intx CICompilerCount                          = 4                                         {product} {ergonomic}
     uint ConcGCThreads                            = 3                                         {product} {ergonomic}
     uint G1ConcRefinementThreads                  = 10                                        {product} {ergonomic}
   size_t G1HeapRegionSize                         = 1048576                                   {product} {ergonomic}
    uintx GCDrainStackTargetSize                   = 64                                        {product} {ergonomic}
   size_t InitialHeapSize                          = 268435456                                 {product} {ergonomic}
     bool ManagementServer                         = true                                      {product} {command line}
   size_t MarkStackSize                            = 4194304                                   {product} {ergonomic}
   size_t MaxHeapSize                              = 4282384384                                {product} {ergonomic}
   size_t MaxNewSize                               = 2569011200                                {product} {ergonomic}
   size_t MinHeapDeltaBytes                        = 1048576                                   {product} {ergonomic}
    uintx NonNMethodCodeHeapSize                   = 7549744                                {pd product} {ergonomic}
    uintx NonProfiledCodeHeapSize                  = 244108496                              {pd product} {ergonomic}
    uintx ProfiledCodeHeapSize                     = 0                                      {pd product} {ergonomic}
    uintx ReservedCodeCacheSize                    = 251658240                              {pd product} {ergonomic}
     bool SegmentedCodeCache                       = true                                      {product} {ergonomic}
     intx TieredStopAtLevel                        = 1                                         {product} {command line}
     bool UseCompressedClassPointers               = true                                 {lp64_product} {ergonomic}
     bool UseCompressedOops                        = true                                 {lp64_product} {ergonomic}
     bool UseG1GC                                  = true                                      {product} {ergonomic}
     bool UseLargePagesIndividualAllocation        = false                                  {pd product} {ergonomic}

Logging:
Log output configuration:
 #0: stdout all=warning uptime,level,tags
 #1: stderr all=off uptime,level,tags

Environment Variables:
PATH=C:\Python310\Scripts\;C:\Python310\;C:\Users\proge\AppData\Local\Programs\Python\Python39\Scripts\;C:\Users\proge\AppData\Local\Programs\Python\Python39\;C:\Program Files (x86)\Common Files\Oracle\Java\javapath;C:\Windows\system32;C:\Windows;C:\Windows\System32\Wbem;C:\Windows\System32\WindowsPowerShell\v1.0\;C:\Windows\System32\OpenSSH\;C:\Program Files\Git\cmd;C:\Program Files\Git\mingw64\bin;C:\Program Files\Git\usr\bin;C:\Program Files\NVIDIA Corporation\NVIDIA NvDLISR;C:\Program Files (x86)\NVIDIA Corporation\PhysX\Common;C:\ProgramData\chocolatey\bin;C:\Program Files\Go\bin;C:\WINDOWS\system32;C:\WINDOWS;C:\WINDOWS\System32\Wbem;C:\WINDOWS\System32\WindowsPowerShell\v1.0\;C:\WINDOWS\System32\OpenSSH\;C:\Program Files\nodejs\;C:\drivers;C:\Program Files\Cloudflare\Cloudflare WARP\;C:\Users\proge\AppData\Local\Microsoft\WindowsApps;C:\Program Files\JetBrains\IntelliJ IDEA 2020.2.3\bin;C:\Program Files\JetBrains\CLion 2020.3.2\bin;C:\Users\proge\go\bin;C:\Program Files\JetBrains\GoLand 2021.1\bin;C:\Program Files\LLVM\bin;C:\Users\proge\AppData\Roaming\npm;С:\drivers;A:\Microsoft VS Code\bin;C:\Users\proge\AppData\Local\JetBrains\Toolbox\scripts
USERNAME=proge
OS=Windows_NT
PROCESSOR_IDENTIFIER=AMD64 Family 23 Model 113 Stepping 0, AuthenticAMD



---------------  S Y S T E M  ---------------

OS: Windows 10 , 64 bit Build 22000 (10.0.22000.708)
OS uptime: 2 days 0:39 hours

CPU:total 12 (initial active 12) (12 cores per cpu, 2 threads per core) family 23 model 113 stepping 0 microcode 0x0, cmov, cx8, fxsr, mmx, sse, sse2, sse3, ssse3, sse4.1, sse4.2, popcnt, avx, avx2, aes, clmul, mmxext, 3dnowpref, lzcnt, sse4a, ht, tsc, tscinvbit, tscinv, bmi1, bmi2, adx, sha, fma

Memory: 4k page, system-wide physical 16328M (940M free)
TotalPageFile size 29549M (AvailPageFile size 9M)
current process WorkingSet (physical memory assigned to process): 303M, peak: 303M
current process commit charge ("private bytes"): 489M, peak: 592M

vm_info: OpenJDK 64-Bit Server VM (11.0.12+7-LTS) for windows-amd64 JRE (11.0.12+7-LTS), built on Jul 13 2021 17:58:36 by "Administrator" with unknown MS VC++:1916

END.
