#
# There is insufficient memory for the Java Runtime Environment to continue.
# Native memory allocation (mmap) failed to map 268435456 bytes for Failed to commit area from 0x0000000700c00000 to 0x0000000710c00000 of length 268435456.
# Possible reasons:
#   The system is out of physical RAM or swap space
#   The process is running with CompressedOops enabled, and the Java Heap may be blocking the growth of the native heap
# Possible solutions:
#   Reduce memory load on the system
#   Increase physical memory or swap space
#   Check if swap backing store is full
#   Decrease Java heap size (-Xmx/-Xms)
#   Decrease number of Java threads
#   Decrease Java thread stack sizes (-Xss)
#   Set larger code cache with -XX:ReservedCodeCacheSize=
# This output file may be truncated or incomplete.
#
#  Out of Memory Error (./src/hotspot/os/windows/os_windows.cpp:3311), pid=23272, tid=26956
#
# JRE version:  (11.0.12+7) (build )
# Java VM: OpenJDK 64-Bit Server VM (11.0.12+7-LTS, mixed mode, sharing, tiered, compressed oops, g1 gc, windows-amd64)
# No core dump will be written. Minidumps are not enabled by default on client versions of Windows
#

---------------  S U M M A R Y ------------

Command Line: -agentlib:jdwp=transport=dt_socket,address=127.0.0.1:65319,suspend=y,server=n -XX:TieredStopAtLevel=1 -Xverify:none -Dspring.output.ansi.enabled=always -Dcom.sun.management.jmxremote -Dspring.jmx.enabled=true -Dspring.liveBeansView.mbeanDomain -Dspring.application.admin.enabled=true -javaagent:C:\Users\proge\AppData\Local\JetBrains\Toolbox\apps\IDEA-U\ch-0\222.4167.29\plugins\java\lib\rt\debugger-agent.jar -Dfile.encoding=UTF-8 com.example.crud.CrudServiceApplication

Host: AMD Ryzen 5 3600X 6-Core Processor             , 12 cores, 15G,  Windows 10 , 64 bit Build 22000 (10.0.22000.708)
Time: Mon Oct  3 23:24:43 2022 RTZ 2 (зима) elapsed time: 0.012211 seconds (0d 0h 0m 0s)

---------------  T H R E A D  ---------------

Current thread (0x000001cda8a7e800):  JavaThread "Unknown thread" [_thread_in_vm, id=26956, stack(0x0000002e0d200000,0x0000002e0d300000)]

Stack: [0x0000002e0d200000,0x0000002e0d300000]
Native frames: (J=compiled Java code, j=interpreted, Vv=VM code, C=native code)
V  [jvm.dll+0x601d7a]
V  [jvm.dll+0x78b45e]
V  [jvm.dll+0x78cb2f]
V  [jvm.dll+0x78d1f3]
V  [jvm.dll+0x24bc58]
V  [jvm.dll+0x5fef1a]
V  [jvm.dll+0x5f39d5]
V  [jvm.dll+0x3038fc]
V  [jvm.dll+0x303782]
V  [jvm.dll+0x3084a6]
V  [jvm.dll+0x34d5ff]
V  [jvm.dll+0x34d030]
V  [jvm.dll+0x2e0a08]
V  [jvm.dll+0x2e1b66]
V  [jvm.dll+0x7667e7]
V  [jvm.dll+0x767f6f]
V  [jvm.dll+0x35a389]
V  [jvm.dll+0x749870]
V  [jvm.dll+0x3c1fbf]
V  [jvm.dll+0x3c4491]
C  [jli.dll+0x5207]
C  [ucrtbase.dll+0x26c0c]
C  [KERNEL32.DLL+0x154e0]
C  [ntdll.dll+0x485b]


---------------  P R O C E S S  ---------------

Threads class SMR info:
_java_thread_list=0x000001cda692aef0, length=0, elements={
}

Java Threads: ( => current thread )

Other Threads:
  0x000001cda8a9b800 GCTaskThread "GC Thread#0" [stack: 0x0000002e0d300000,0x0000002e0d400000] [id=26220]
  0x000001cda8af3000 ConcurrentGCThread "G1 Main Marker" [stack: 0x0000002e0d400000,0x0000002e0d500000] [id=6300]
  0x000001cda8af5000 ConcurrentGCThread "G1 Conc#0" [stack: 0x0000002e0d500000,0x0000002e0d600000] [id=25548]

[error occurred during error reporting (printing all threads), id 0xc0000005, EXCEPTION_ACCESS_VIOLATION (0xc0000005) at pc=0x00007ffa581a00d7]

VM state:not at safepoint (not fully initialized)

VM Mutex/Monitor currently owned by a thread:  ([mutex/lock_event])
[0x000001cda8a7b960] Heap_lock - owner thread: 0x000001cda8a7e800

Heap address: 0x0000000700c00000, size: 4084 MB, Compressed Oops mode: Non-zero based: 0x0000000700c00000
Narrow klass base: 0x0000000000000000, Narrow klass shift: 0

GC Heap History (0 events):
No events

Deoptimization events (0 events):
No events

Classes redefined (0 events):
No events

Internal exceptions (0 events):
No events

Events (1 events):
Event: 0.007 Loaded shared library C:\Users\proge\.jdks\corretto-11.0.12\bin\zip.dll


Dynamic libraries:
0x00007ff632690000 - 0x00007ff63269d000 	C:\Users\proge\.jdks\corretto-11.0.12\bin\java.exe
0x00007ffaba220000 - 0x00007ffaba429000 	C:\WINDOWS\SYSTEM32\ntdll.dll
0x00007ffab9ae0000 - 0x00007ffab9b9d000 	C:\WINDOWS\System32\KERNEL32.DLL
0x00007ffab7af0000 - 0x00007ffab7e6c000 	C:\WINDOWS\System32\KERNELBASE.dll
0x00007ffab7930000 - 0x00007ffab7a41000 	C:\WINDOWS\System32\ucrtbase.dll
0x00007ffaac8d0000 - 0x00007ffaac8e9000 	C:\Users\proge\.jdks\corretto-11.0.12\bin\VCRUNTIME140.dll
0x00007ffaad3b0000 - 0x00007ffaad3c7000 	C:\Users\proge\.jdks\corretto-11.0.12\bin\jli.dll
0x00007ffab9f80000 - 0x00007ffaba12d000 	C:\WINDOWS\System32\USER32.dll
0x00007ffaa5b50000 - 0x00007ffaa5df5000 	C:\WINDOWS\WinSxS\amd64_microsoft.windows.common-controls_6595b64144ccf1df_6.0.22000.120_none_9d947278b86cc467\COMCTL32.dll
0x00007ffab7e70000 - 0x00007ffab7e96000 	C:\WINDOWS\System32\win32u.dll
0x00007ffab9ca0000 - 0x00007ffab9d43000 	C:\WINDOWS\System32\msvcrt.dll
0x00007ffab9c70000 - 0x00007ffab9c99000 	C:\WINDOWS\System32\GDI32.dll
0x00007ffab7f10000 - 0x00007ffab8029000 	C:\WINDOWS\System32\gdi32full.dll
0x00007ffab7a50000 - 0x00007ffab7aed000 	C:\WINDOWS\System32\msvcp_win.dll
0x00007ffab9d50000 - 0x00007ffab9d81000 	C:\WINDOWS\System32\IMM32.DLL
0x00007ffa6df60000 - 0x00007ffa6dffb000 	C:\Users\proge\.jdks\corretto-11.0.12\bin\msvcp140.dll
0x00007ffa57eb0000 - 0x00007ffa58a0a000 	C:\Users\proge\.jdks\corretto-11.0.12\bin\server\jvm.dll
0x00007ffaba130000 - 0x00007ffaba1de000 	C:\WINDOWS\System32\ADVAPI32.dll
0x00007ffab9d90000 - 0x00007ffab9e2e000 	C:\WINDOWS\System32\sechost.dll
0x00007ffab95e0000 - 0x00007ffab9700000 	C:\WINDOWS\System32\RPCRT4.dll
0x00007ffab9130000 - 0x00007ffab9138000 	C:\WINDOWS\System32\PSAPI.DLL
0x00007ffab1f70000 - 0x00007ffab1fa3000 	C:\WINDOWS\SYSTEM32\WINMM.dll
0x00007ffa937e0000 - 0x00007ffa937e9000 	C:\WINDOWS\SYSTEM32\WSOCK32.dll
0x00007ffab0110000 - 0x00007ffab011a000 	C:\WINDOWS\SYSTEM32\VERSION.dll
0x00007ffab8d40000 - 0x00007ffab8daf000 	C:\WINDOWS\System32\WS2_32.dll
0x00007ffab68e0000 - 0x00007ffab68f8000 	C:\WINDOWS\SYSTEM32\kernel.appcore.dll
0x00007ffab44d0000 - 0x00007ffab44e0000 	C:\Users\proge\.jdks\corretto-11.0.12\bin\verify.dll
0x00007ffaab420000 - 0x00007ffaab641000 	C:\WINDOWS\SYSTEM32\DBGHELP.DLL
0x00007ffaa3270000 - 0x00007ffaa32a1000 	C:\WINDOWS\SYSTEM32\dbgcore.DLL
0x00007ffab8030000 - 0x00007ffab80af000 	C:\WINDOWS\System32\bcryptPrimitives.dll
0x00007ffaa9e90000 - 0x00007ffaa9eb8000 	C:\Users\proge\.jdks\corretto-11.0.12\bin\java.dll
0x00007ffaad780000 - 0x00007ffaad78a000 	C:\Users\proge\.jdks\corretto-11.0.12\bin\jimage.dll
0x00007ffaa6530000 - 0x00007ffaa6568000 	C:\Users\proge\.jdks\corretto-11.0.12\bin\jdwp.dll
0x00007ffab3cd0000 - 0x00007ffab3cde000 	C:\Users\proge\.jdks\corretto-11.0.12\bin\instrument.dll
0x00007ffaab710000 - 0x00007ffaab727000 	C:\Users\proge\.jdks\corretto-11.0.12\bin\zip.dll

dbghelp: loaded successfully - version: 4.0.5 - missing functions: none
symbol engine: initialized successfully - sym options: 0x614 - pdb path: .;C:\Users\proge\.jdks\corretto-11.0.12\bin;C:\WINDOWS\SYSTEM32;C:\WINDOWS\WinSxS\amd64_microsoft.windows.common-controls_6595b64144ccf1df_6.0.22000.120_none_9d947278b86cc467;C:\Users\proge\.jdks\corretto-11.0.12\bin\server

VM Arguments:
jvm_args: -agentlib:jdwp=transport=dt_socket,address=127.0.0.1:65319,suspend=y,server=n -XX:TieredStopAtLevel=1 -Xverify:none -Dspring.output.ansi.enabled=always -Dcom.sun.management.jmxremote -Dspring.jmx.enabled=true -Dspring.liveBeansView.mbeanDomain -Dspring.application.admin.enabled=true -javaagent:C:\Users\proge\AppData\Local\JetBrains\Toolbox\apps\IDEA-U\ch-0\222.4167.29\plugins\java\lib\rt\debugger-agent.jar -Dfile.encoding=UTF-8 
java_command: com.example.crud.CrudServiceApplication
java_class_path (initial): D:\IdeaFlex\soa_lab2\crud\target\classes;C:\Users\proge\.m2\repository\org\springframework\boot\spring-boot-starter-web\2.7.4\spring-boot-starter-web-2.7.4.jar;C:\Users\proge\.m2\repository\org\springframework\boot\spring-boot-starter\2.7.4\spring-boot-starter-2.7.4.jar;C:\Users\proge\.m2\repository\org\springframework\boot\spring-boot\2.7.4\spring-boot-2.7.4.jar;C:\Users\proge\.m2\repository\org\springframework\boot\spring-boot-autoconfigure\2.7.4\spring-boot-autoconfigure-2.7.4.jar;C:\Users\proge\.m2\repository\org\springframework\boot\spring-boot-starter-logging\2.7.4\spring-boot-starter-logging-2.7.4.jar;C:\Users\proge\.m2\repository\ch\qos\logback\logback-classic\1.2.11\logback-classic-1.2.11.jar;C:\Users\proge\.m2\repository\ch\qos\logback\logback-core\1.2.11\logback-core-1.2.11.jar;C:\Users\proge\.m2\repository\org\apache\logging\log4j\log4j-to-slf4j\2.17.2\log4j-to-slf4j-2.17.2.jar;C:\Users\proge\.m2\repository\org\apache\logging\log4j\log4j-api\2.17.2\log4j-api-2.17.2.jar;C:\Users\proge\.m2\repository\org\slf4j\jul-to-slf4j\1.7.36\jul-to-slf4j-1.7.36.jar;C:\Users\proge\.m2\repository\jakarta\annotation\jakarta.annotation-api\1.3.5\jakarta.annotation-api-1.3.5.jar;C:\Users\proge\.m2\repository\org\yaml\snakeyaml\1.30\snakeyaml-1.30.jar;C:\Users\proge\.m2\repository\org\springframework\boot\spring-boot-starter-json\2.7.4\spring-boot-starter-json-2.7.4.jar;C:\Users\proge\.m2\repository\com\fasterxml\jackson\core\jackson-databind\2.13.4\jackson-databind-2.13.4.jar;C:\Users\proge\.m2\repository\com\fasterxml\jackson\core\jackson-annotations\2.13.4\jackson-annotations-2.13.4.jar;C:\Users\proge\.m2\repository\com\fasterxml\jackson\core\jackson-core\2.13.4\jackson-core-2.13.4.jar;C:\Users\proge\.m2\repository\com\fasterxml\jackson\datatype\jackson-datatype-jdk8\2.13.4\jackson-datatype-jdk8-2.13.4.jar;C:\Users\proge\.m2\repository\com\fasterxml\jackson\datatype\jackson-datatype-jsr310\2.13.4\jackson-datatype-jsr310-2.13.4.jar;C:\Users\pr
Launcher Type: SUN_STANDARD

[Global flags]
     bool BytecodeVerificationLocal                = false                                     {product} {command line}
     bool BytecodeVerificationRemote               = false                                     {product} {command line}
     intx CICompilerCount                          = 4                                         {product} {ergonomic}
     uint ConcGCThreads                            = 3                                         {product} {ergonomic}
     uint G1ConcRefinementThreads                  = 10                                        {product} {ergonomic}
   size_t G1HeapRegionSize                         = 1048576                                   {product} {ergonomic}
    uintx GCDrainStackTargetSize                   = 64                                        {product} {ergonomic}
   size_t InitialHeapSize                          = 268435456                                 {product} {ergonomic}
     bool ManagementServer                         = true                                      {product} {command line}
   size_t MarkStackSize                            = 4194304                                   {product} {ergonomic}
   size_t MaxHeapSize                              = 4282384384                                {product} {ergonomic}
   size_t MinHeapDeltaBytes                        = 1048576                                   {product} {ergonomic}
    uintx NonNMethodCodeHeapSize                   = 7549744                                {pd product} {ergonomic}
    uintx NonProfiledCodeHeapSize                  = 244108496                              {pd product} {ergonomic}
    uintx ProfiledCodeHeapSize                     = 0                                      {pd product} {ergonomic}
    uintx ReservedCodeCacheSize                    = 251658240                              {pd product} {ergonomic}
     bool SegmentedCodeCache                       = true                                      {product} {ergonomic}
     intx TieredStopAtLevel                        = 1                                         {product} {command line}
     bool UseCompressedClassPointers               = true                                 {lp64_product} {ergonomic}
     bool UseCompressedOops                        = true                                 {lp64_product} {ergonomic}
     bool UseG1GC                                  = true                                      {product} {ergonomic}
     bool UseLargePagesIndividualAllocation        = false                                  {pd product} {ergonomic}

Logging:
Log output configuration:
 #0: stdout all=warning uptime,level,tags
 #1: stderr all=off uptime,level,tags

Environment Variables:
PATH=C:\Python310\Scripts\;C:\Python310\;C:\Users\proge\AppData\Local\Programs\Python\Python39\Scripts\;C:\Users\proge\AppData\Local\Programs\Python\Python39\;C:\Program Files (x86)\Common Files\Oracle\Java\javapath;C:\Windows\system32;C:\Windows;C:\Windows\System32\Wbem;C:\Windows\System32\WindowsPowerShell\v1.0\;C:\Windows\System32\OpenSSH\;C:\Program Files\Git\cmd;C:\Program Files\Git\mingw64\bin;C:\Program Files\Git\usr\bin;C:\Program Files\NVIDIA Corporation\NVIDIA NvDLISR;C:\Program Files (x86)\NVIDIA Corporation\PhysX\Common;C:\ProgramData\chocolatey\bin;C:\Program Files\Go\bin;C:\WINDOWS\system32;C:\WINDOWS;C:\WINDOWS\System32\Wbem;C:\WINDOWS\System32\WindowsPowerShell\v1.0\;C:\WINDOWS\System32\OpenSSH\;C:\Program Files\nodejs\;C:\drivers;C:\Program Files\Cloudflare\Cloudflare WARP\;C:\Users\proge\AppData\Local\Microsoft\WindowsApps;C:\Program Files\JetBrains\IntelliJ IDEA 2020.2.3\bin;C:\Program Files\JetBrains\CLion 2020.3.2\bin;C:\Users\proge\go\bin;C:\Program Files\JetBrains\GoLand 2021.1\bin;C:\Program Files\LLVM\bin;C:\Users\proge\AppData\Roaming\npm;С:\drivers;A:\Microsoft VS Code\bin;C:\Users\proge\AppData\Local\JetBrains\Toolbox\scripts
USERNAME=proge
OS=Windows_NT
PROCESSOR_IDENTIFIER=AMD64 Family 23 Model 113 Stepping 0, AuthenticAMD



---------------  S Y S T E M  ---------------

OS: Windows 10 , 64 bit Build 22000 (10.0.22000.708)
OS uptime: 3 days 0:33 hours

CPU:total 12 (initial active 12) (12 cores per cpu, 2 threads per core) family 23 model 113 stepping 0 microcode 0x0, cmov, cx8, fxsr, mmx, sse, sse2, sse3, ssse3, sse4.1, sse4.2, popcnt, avx, avx2, aes, clmul, mmxext, 3dnowpref, lzcnt, sse4a, ht, tsc, tscinvbit, tscinv, bmi1, bmi2, adx, sha, fma

Memory: 4k page, system-wide physical 16328M (851M free)
TotalPageFile size 29437M (AvailPageFile size 240M)
current process WorkingSet (physical memory assigned to process): 11M, peak: 11M
current process commit charge ("private bytes"): 62M, peak: 318M

vm_info: OpenJDK 64-Bit Server VM (11.0.12+7-LTS) for windows-amd64 JRE (11.0.12+7-LTS), built on Jul 13 2021 17:58:36 by "Administrator" with unknown MS VC++:1916

END.
