#
# There is insufficient memory for the Java Runtime Environment to continue.
# Native memory allocation (malloc) failed to allocate 1048576 bytes for AllocateHeap
# Possible reasons:
#   The system is out of physical RAM or swap space
#   The process is running with CompressedOops enabled, and the Java Heap may be blocking the growth of the native heap
# Possible solutions:
#   Reduce memory load on the system
#   Increase physical memory or swap space
#   Check if swap backing store is full
#   Decrease Java heap size (-Xmx/-Xms)
#   Decrease number of Java threads
#   Decrease Java thread stack sizes (-Xss)
#   Set larger code cache with -XX:ReservedCodeCacheSize=
#   JVM is running with Zero Based Compressed Oops mode in which the Java heap is
#     placed in the first 32GB address space. The Java Heap base address is the
#     maximum limit for the native heap growth. Please use -XX:HeapBaseMinAddress
#     to set the Java Heap base and to place the Java Heap above 32GB virtual address.
# This output file may be truncated or incomplete.
#
#  Out of Memory Error (./src/hotspot/share/memory/allocation.cpp:46), pid=26452, tid=23480
#
# JRE version: OpenJDK Runtime Environment Corretto-11.0.12.7.1 (11.0.12+7) (build 11.0.12+7-LTS)
# Java VM: OpenJDK 64-Bit Server VM Corretto-11.0.12.7.1 (11.0.12+7-LTS, mixed mode, tiered, compressed oops, g1 gc, windows-amd64)
# No core dump will be written. Minidumps are not enabled by default on client versions of Windows
#

---------------  S U M M A R Y ------------

Command Line: -agentlib:jdwp=transport=dt_socket,address=127.0.0.1:53332,suspend=y,server=n -XX:TieredStopAtLevel=1 -Xverify:none -Dspring.output.ansi.enabled=always -Dcom.sun.management.jmxremote -Dspring.jmx.enabled=true -Dspring.liveBeansView.mbeanDomain -Dspring.application.admin.enabled=true -javaagent:C:\Users\proge\AppData\Local\JetBrains\Toolbox\apps\IDEA-U\ch-0\222.4167.29\plugins\java\lib\rt\debugger-agent.jar -Dfile.encoding=UTF-8 com.example.crud.CrudServiceApplication

Host: AMD Ryzen 5 3600X 6-Core Processor             , 12 cores, 15G,  Windows 10 , 64 bit Build 22000 (10.0.22000.708)
Time: Mon Oct  3 23:22:51 2022 RTZ 2 (зима) elapsed time: 1.394035 seconds (0d 0h 0m 1s)

---------------  T H R E A D  ---------------

Current thread (0x000001e2bc940800):  VMThread "VM Thread" [stack: 0x0000004174500000,0x0000004174600000] [id=23480]

Stack: [0x0000004174500000,0x0000004174600000]
[error occurred during error reporting (printing stack bounds), id 0xc0000005, EXCEPTION_ACCESS_VIOLATION (0xc0000005) at pc=0x000001e2a0ea112d]

Native frames: (J=compiled Java code, j=interpreted, Vv=VM code, C=native code)
V  [jvm.dll+0x601d7a]
V  [jvm.dll+0x78b45e]
V  [jvm.dll+0x78cb2f]
V  [jvm.dll+0x78d155]
V  [jvm.dll+0x78d10b]
V  [jvm.dll+0x601263]
V  [jvm.dll+0x601978]
C  [ntdll.dll+0xa8b1f]
C  [ntdll.dll+0x35b9a]
C  [ntdll.dll+0xa7b2e]
C  0x000001e2a0ea112d

VM_Operation (0x0000004173ffc680): CollectForMetadataAllocation, mode: safepoint, requested by thread 0x000001e29878e800


---------------  P R O C E S S  ---------------

Threads class SMR info:
_java_thread_list=0x000001e2bda82c10, length=13, elements={
0x000001e29878e800, 0x000001e2bc946000, 0x000001e2bd1f3000, 0x000001e2bd205800,
0x000001e2bd206800, 0x000001e2bd207800, 0x000001e2bd20b800, 0x000001e2bd25d000,
0x000001e2bd396800, 0x000001e2bd424800, 0x000001e2bd421000, 0x000001e2bd43c800,
0x000001e2bd39a000
}

Java Threads: ( => current thread )
  0x000001e29878e800 JavaThread "main" [_thread_blocked, id=21272, stack(0x0000004173f00000,0x0000004174000000)]
  0x000001e2bc946000 JavaThread "Reference Handler" daemon [_thread_blocked, id=16624, stack(0x0000004174600000,0x0000004174700000)]
  0x000001e2bd1f3000 JavaThread "Finalizer" daemon [_thread_blocked, id=3712, stack(0x0000004174700000,0x0000004174800000)]
  0x000001e2bd205800 JavaThread "Signal Dispatcher" daemon [_thread_blocked, id=17480, stack(0x0000004174800000,0x0000004174900000)]
  0x000001e2bd206800 JavaThread "Attach Listener" daemon [_thread_blocked, id=4256, stack(0x0000004174900000,0x0000004174a00000)]
  0x000001e2bd207800 JavaThread "Service Thread" daemon [_thread_blocked, id=10904, stack(0x0000004174a00000,0x0000004174b00000)]
  0x000001e2bd20b800 JavaThread "C1 CompilerThread0" daemon [_thread_blocked, id=1400, stack(0x0000004174b00000,0x0000004174c00000)]
  0x000001e2bd25d000 JavaThread "Sweeper thread" daemon [_thread_blocked, id=2644, stack(0x0000004174c00000,0x0000004174d00000)]
  0x000001e2bd396800 JavaThread "Common-Cleaner" daemon [_thread_blocked, id=6644, stack(0x0000004174d00000,0x0000004174e00000)]
  0x000001e2bd424800 JavaThread "JDWP Transport Listener: dt_socket" daemon [_thread_blocked, id=11452, stack(0x0000004174e00000,0x0000004174f00000)]
  0x000001e2bd421000 JavaThread "JDWP Event Helper Thread" daemon [_thread_blocked, id=5684, stack(0x0000004174f00000,0x0000004175000000)]
  0x000001e2bd43c800 JavaThread "JDWP Command Reader" daemon [_thread_in_native, id=17088, stack(0x0000004175000000,0x0000004175100000)]
  0x000001e2bd39a000 JavaThread "RMI TCP Accept-0" daemon [_thread_in_native, id=4456, stack(0x0000004175100000,0x0000004175200000)]

Other Threads:
=>0x000001e2bc940800 VMThread "VM Thread" [stack: 0x0000004174500000,0x0000004174600000] [id=23480]
  0x000001e2bdabc000 WatcherThread [stack: 0x0000004175200000,0x0000004175300000] [id=10484]
  0x000001e2987aa000 GCTaskThread "GC Thread#0" [stack: 0x0000004174000000,0x0000004174100000] [id=23104]
  0x000001e2bdd09000 GCTaskThread "GC Thread#1" [stack: 0x0000004175300000,0x0000004175400000] [id=25032]
  0x000001e2bde58000 GCTaskThread "GC Thread#2" [stack: 0x0000004175400000,0x0000004175500000] [id=26716]
  0x000001e2bdc65800 GCTaskThread "GC Thread#3" [stack: 0x0000004175500000,0x0000004175600000] [id=17788]
  0x000001e2bde5d000 GCTaskThread "GC Thread#4" [stack: 0x0000004175600000,0x0000004175700000] [id=4596]
  0x000001e2bde5d800 GCTaskThread "GC Thread#5" [stack: 0x0000004175700000,0x0000004175800000] [id=19604]
  0x000001e298800000 ConcurrentGCThread "G1 Main Marker" [stack: 0x0000004174100000,0x0000004174200000] [id=19212]
  0x000001e298804000 ConcurrentGCThread "G1 Conc#0" [stack: 0x0000004174200000,0x0000004174300000] [id=18876]
  0x000001e2be77d800 ConcurrentGCThread "G1 Conc#1" [stack: 0x0000004175800000,0x0000004175900000] [id=16912]
  0x000001e2be8b7000 ConcurrentGCThread "G1 Conc#2" [stack: 0x0000004175900000,0x0000004175a00000] [id=25392]
  0x000001e2bc829800 ConcurrentGCThread "G1 Refine#0" [stack: 0x0000004174300000,0x0000004174400000] [id=12852]
  0x000001e2bc82c800 ConcurrentGCThread "G1 Young RemSet Sampling" [stack: 0x0000004174400000,0x0000004174500000] [id=21568]

Threads with active compile tasks:

VM state:at safepoint (normal execution)

VM Mutex/Monitor currently owned by a thread:  ([mutex/lock_event])
[0x000001e29878a2e0] Threads_lock - owner thread: 0x000001e2bc940800
[0x000001e29878b9f0] Heap_lock - owner thread: 0x000001e29878e800

Heap address: 0x0000000700c00000, size: 4084 MB, Compressed Oops mode: Zero based, Oop shift amount: 3
Narrow klass base: 0x0000000800000000, Narrow klass shift: 0
Compressed class space size: 1073741824 Address: 0x0000000800000000

Heap:
 garbage-first heap   total 262144K, used 7823K [0x0000000700c00000, 0x0000000800000000)
  region size 1024K, 1 young (1024K), 1 survivors (1024K)
 Metaspace       used 15936K, capacity 16409K, committed 16512K, reserved 1073152K
  class space    used 1697K, capacity 1880K, committed 1920K, reserved 1048576K
Heap Regions: E=young(eden), S=young(survivor), O=old, HS=humongous(starts), HC=humongous(continues), CS=collection set, F=free, A=archive, TAMS=top-at-mark-start (previous, next)
|   0|0x0000000700c00000, 0x0000000700d00000, 0x0000000700d00000|100%|HS|  |TAMS 0x0000000700c00000, 0x0000000700d00000| Complete 
|   1|0x0000000700d00000, 0x0000000700e00000, 0x0000000700e00000|100%| O|  |TAMS 0x0000000700d00000, 0x0000000700e00000| Untracked 
|   2|0x0000000700e00000, 0x0000000700f00000, 0x0000000700f00000|100%| O|  |TAMS 0x0000000700e00000, 0x0000000700f00000| Untracked 
|   3|0x0000000700f00000, 0x0000000701000000, 0x0000000701000000|100%| O|  |TAMS 0x0000000700f00000, 0x0000000701000000| Untracked 
|   4|0x0000000701000000, 0x0000000701100000, 0x0000000701100000|100%| O|  |TAMS 0x0000000701000000, 0x0000000701100000| Untracked 
|   5|0x0000000701100000, 0x0000000701200000, 0x0000000701200000|100%| O|  |TAMS 0x0000000701100000, 0x0000000701200000| Untracked 
|   6|0x0000000701200000, 0x00000007012af800, 0x0000000701300000| 68%| O|  |TAMS 0x0000000701200000, 0x00000007012af800| Untracked 
|   7|0x0000000701300000, 0x0000000701300000, 0x0000000701400000|  0%| F|  |TAMS 0x0000000701300000, 0x0000000701300000| Untracked 
|   8|0x0000000701400000, 0x0000000701400000, 0x0000000701500000|  0%| F|  |TAMS 0x0000000701400000, 0x0000000701400000| Untracked 
|   9|0x0000000701500000, 0x0000000701500000, 0x0000000701600000|  0%| F|  |TAMS 0x0000000701500000, 0x0000000701500000| Untracked 
|  10|0x0000000701600000, 0x0000000701600000, 0x0000000701700000|  0%| F|  |TAMS 0x0000000701600000, 0x0000000701600000| Untracked 
|  11|0x0000000701700000, 0x0000000701700000, 0x0000000701800000|  0%| F|  |TAMS 0x0000000701700000, 0x0000000701700000| Untracked 
|  12|0x0000000701800000, 0x0000000701800000, 0x0000000701900000|  0%| F|  |TAMS 0x0000000701800000, 0x0000000701800000| Untracked 
|  13|0x0000000701900000, 0x0000000701900000, 0x0000000701a00000|  0%| F|  |TAMS 0x0000000701900000, 0x0000000701900000| Untracked 
|  14|0x0000000701a00000, 0x0000000701a00000, 0x0000000701b00000|  0%| F|  |TAMS 0x0000000701a00000, 0x0000000701a00000| Untracked 
|  15|0x0000000701b00000, 0x0000000701b00000, 0x0000000701c00000|  0%| F|  |TAMS 0x0000000701b00000, 0x0000000701b00000| Untracked 
|  16|0x0000000701c00000, 0x0000000701c00000, 0x0000000701d00000|  0%| F|  |TAMS 0x0000000701c00000, 0x0000000701c00000| Untracked 
|  17|0x0000000701d00000, 0x0000000701d00000, 0x0000000701e00000|  0%| F|  |TAMS 0x0000000701d00000, 0x0000000701d00000| Untracked 
|  18|0x0000000701e00000, 0x0000000701e00000, 0x0000000701f00000|  0%| F|  |TAMS 0x0000000701e00000, 0x0000000701e00000| Untracked 
|  19|0x0000000701f00000, 0x0000000701f00000, 0x0000000702000000|  0%| F|  |TAMS 0x0000000701f00000, 0x0000000701f00000| Untracked 
|  20|0x0000000702000000, 0x0000000702000000, 0x0000000702100000|  0%| F|  |TAMS 0x0000000702000000, 0x0000000702000000| Untracked 
|  21|0x0000000702100000, 0x0000000702100000, 0x0000000702200000|  0%| F|  |TAMS 0x0000000702100000, 0x0000000702100000| Untracked 
|  22|0x0000000702200000, 0x0000000702200000, 0x0000000702300000|  0%| F|  |TAMS 0x0000000702200000, 0x0000000702200000| Untracked 
|  23|0x0000000702300000, 0x0000000702300000, 0x0000000702400000|  0%| F|  |TAMS 0x0000000702300000, 0x0000000702300000| Untracked 
|  24|0x0000000702400000, 0x0000000702400000, 0x0000000702500000|  0%| F|  |TAMS 0x0000000702400000, 0x0000000702400000| Untracked 
|  25|0x0000000702500000, 0x0000000702500000, 0x0000000702600000|  0%| F|  |TAMS 0x0000000702500000, 0x0000000702500000| Untracked 
|  26|0x0000000702600000, 0x0000000702600000, 0x0000000702700000|  0%| F|  |TAMS 0x0000000702600000, 0x0000000702600000| Untracked 
|  27|0x0000000702700000, 0x0000000702700000, 0x0000000702800000|  0%| F|  |TAMS 0x0000000702700000, 0x0000000702700000| Untracked 
|  28|0x0000000702800000, 0x0000000702800000, 0x0000000702900000|  0%| F|  |TAMS 0x0000000702800000, 0x0000000702800000| Untracked 
|  29|0x0000000702900000, 0x0000000702900000, 0x0000000702a00000|  0%| F|  |TAMS 0x0000000702900000, 0x0000000702900000| Untracked 
|  30|0x0000000702a00000, 0x0000000702a00000, 0x0000000702b00000|  0%| F|  |TAMS 0x0000000702a00000, 0x0000000702a00000| Untracked 
|  31|0x0000000702b00000, 0x0000000702b00000, 0x0000000702c00000|  0%| F|  |TAMS 0x0000000702b00000, 0x0000000702b00000| Untracked 
|  32|0x0000000702c00000, 0x0000000702c00000, 0x0000000702d00000|  0%| F|  |TAMS 0x0000000702c00000, 0x0000000702c00000| Untracked 
|  33|0x0000000702d00000, 0x0000000702d00000, 0x0000000702e00000|  0%| F|  |TAMS 0x0000000702d00000, 0x0000000702d00000| Untracked 
|  34|0x0000000702e00000, 0x0000000702e00000, 0x0000000702f00000|  0%| F|  |TAMS 0x0000000702e00000, 0x0000000702e00000| Untracked 
|  35|0x0000000702f00000, 0x0000000702f00000, 0x0000000703000000|  0%| F|  |TAMS 0x0000000702f00000, 0x0000000702f00000| Untracked 
|  36|0x0000000703000000, 0x0000000703000000, 0x0000000703100000|  0%| F|  |TAMS 0x0000000703000000, 0x0000000703000000| Untracked 
|  37|0x0000000703100000, 0x0000000703100000, 0x0000000703200000|  0%| F|  |TAMS 0x0000000703100000, 0x0000000703100000| Untracked 
|  38|0x0000000703200000, 0x0000000703200000, 0x0000000703300000|  0%| F|  |TAMS 0x0000000703200000, 0x0000000703200000| Untracked 
|  39|0x0000000703300000, 0x0000000703300000, 0x0000000703400000|  0%| F|  |TAMS 0x0000000703300000, 0x0000000703300000| Untracked 
|  40|0x0000000703400000, 0x0000000703400000, 0x0000000703500000|  0%| F|  |TAMS 0x0000000703400000, 0x0000000703400000| Untracked 
|  41|0x0000000703500000, 0x0000000703500000, 0x0000000703600000|  0%| F|  |TAMS 0x0000000703500000, 0x0000000703500000| Untracked 
|  42|0x0000000703600000, 0x0000000703600000, 0x0000000703700000|  0%| F|  |TAMS 0x0000000703600000, 0x0000000703600000| Untracked 
|  43|0x0000000703700000, 0x0000000703700000, 0x0000000703800000|  0%| F|  |TAMS 0x0000000703700000, 0x0000000703700000| Untracked 
|  44|0x0000000703800000, 0x0000000703800000, 0x0000000703900000|  0%| F|  |TAMS 0x0000000703800000, 0x0000000703800000| Untracked 
|  45|0x0000000703900000, 0x0000000703900000, 0x0000000703a00000|  0%| F|  |TAMS 0x0000000703900000, 0x0000000703900000| Untracked 
|  46|0x0000000703a00000, 0x0000000703a00000, 0x0000000703b00000|  0%| F|  |TAMS 0x0000000703a00000, 0x0000000703a00000| Untracked 
|  47|0x0000000703b00000, 0x0000000703b00000, 0x0000000703c00000|  0%| F|  |TAMS 0x0000000703b00000, 0x0000000703b00000| Untracked 
|  48|0x0000000703c00000, 0x0000000703c00000, 0x0000000703d00000|  0%| F|  |TAMS 0x0000000703c00000, 0x0000000703c00000| Untracked 
|  49|0x0000000703d00000, 0x0000000703d00000, 0x0000000703e00000|  0%| F|  |TAMS 0x0000000703d00000, 0x0000000703d00000| Untracked 
|  50|0x0000000703e00000, 0x0000000703e00000, 0x0000000703f00000|  0%| F|  |TAMS 0x0000000703e00000, 0x0000000703e00000| Untracked 
|  51|0x0000000703f00000, 0x0000000703f00000, 0x0000000704000000|  0%| F|  |TAMS 0x0000000703f00000, 0x0000000703f00000| Untracked 
|  52|0x0000000704000000, 0x0000000704000000, 0x0000000704100000|  0%| F|  |TAMS 0x0000000704000000, 0x0000000704000000| Untracked 
|  53|0x0000000704100000, 0x0000000704100000, 0x0000000704200000|  0%| F|  |TAMS 0x0000000704100000, 0x0000000704100000| Untracked 
|  54|0x0000000704200000, 0x0000000704200000, 0x0000000704300000|  0%| F|  |TAMS 0x0000000704200000, 0x0000000704200000| Untracked 
|  55|0x0000000704300000, 0x0000000704300000, 0x0000000704400000|  0%| F|  |TAMS 0x0000000704300000, 0x0000000704300000| Untracked 
|  56|0x0000000704400000, 0x0000000704400000, 0x0000000704500000|  0%| F|  |TAMS 0x0000000704400000, 0x0000000704400000| Untracked 
|  57|0x0000000704500000, 0x0000000704500000, 0x0000000704600000|  0%| F|  |TAMS 0x0000000704500000, 0x0000000704500000| Untracked 
|  58|0x0000000704600000, 0x0000000704600000, 0x0000000704700000|  0%| F|  |TAMS 0x0000000704600000, 0x0000000704600000| Untracked 
|  59|0x0000000704700000, 0x0000000704700000, 0x0000000704800000|  0%| F|  |TAMS 0x0000000704700000, 0x0000000704700000| Untracked 
|  60|0x0000000704800000, 0x0000000704800000, 0x0000000704900000|  0%| F|  |TAMS 0x0000000704800000, 0x0000000704800000| Untracked 
|  61|0x0000000704900000, 0x0000000704900000, 0x0000000704a00000|  0%| F|  |TAMS 0x0000000704900000, 0x0000000704900000| Untracked 
|  62|0x0000000704a00000, 0x0000000704a00000, 0x0000000704b00000|  0%| F|  |TAMS 0x0000000704a00000, 0x0000000704a00000| Untracked 
|  63|0x0000000704b00000, 0x0000000704b00000, 0x0000000704c00000|  0%| F|  |TAMS 0x0000000704b00000, 0x0000000704b00000| Untracked 
|  64|0x0000000704c00000, 0x0000000704c00000, 0x0000000704d00000|  0%| F|  |TAMS 0x0000000704c00000, 0x0000000704c00000| Untracked 
|  65|0x0000000704d00000, 0x0000000704d00000, 0x0000000704e00000|  0%| F|  |TAMS 0x0000000704d00000, 0x0000000704d00000| Untracked 
|  66|0x0000000704e00000, 0x0000000704e00000, 0x0000000704f00000|  0%| F|  |TAMS 0x0000000704e00000, 0x0000000704e00000| Untracked 
|  67|0x0000000704f00000, 0x0000000704f00000, 0x0000000705000000|  0%| F|  |TAMS 0x0000000704f00000, 0x0000000704f00000| Untracked 
|  68|0x0000000705000000, 0x0000000705000000, 0x0000000705100000|  0%| F|  |TAMS 0x0000000705000000, 0x0000000705000000| Untracked 
|  69|0x0000000705100000, 0x0000000705100000, 0x0000000705200000|  0%| F|  |TAMS 0x0000000705100000, 0x0000000705100000| Untracked 
|  70|0x0000000705200000, 0x0000000705200000, 0x0000000705300000|  0%| F|  |TAMS 0x0000000705200000, 0x0000000705200000| Untracked 
|  71|0x0000000705300000, 0x0000000705300000, 0x0000000705400000|  0%| F|  |TAMS 0x0000000705300000, 0x0000000705300000| Untracked 
|  72|0x0000000705400000, 0x0000000705400000, 0x0000000705500000|  0%| F|  |TAMS 0x0000000705400000, 0x0000000705400000| Untracked 
|  73|0x0000000705500000, 0x0000000705500000, 0x0000000705600000|  0%| F|  |TAMS 0x0000000705500000, 0x0000000705500000| Untracked 
|  74|0x0000000705600000, 0x0000000705600000, 0x0000000705700000|  0%| F|  |TAMS 0x0000000705600000, 0x0000000705600000| Untracked 
|  75|0x0000000705700000, 0x0000000705700000, 0x0000000705800000|  0%| F|  |TAMS 0x0000000705700000, 0x0000000705700000| Untracked 
|  76|0x0000000705800000, 0x0000000705800000, 0x0000000705900000|  0%| F|  |TAMS 0x0000000705800000, 0x0000000705800000| Untracked 
|  77|0x0000000705900000, 0x0000000705900000, 0x0000000705a00000|  0%| F|  |TAMS 0x0000000705900000, 0x0000000705900000| Untracked 
|  78|0x0000000705a00000, 0x0000000705a00000, 0x0000000705b00000|  0%| F|  |TAMS 0x0000000705a00000, 0x0000000705a00000| Untracked 
|  79|0x0000000705b00000, 0x0000000705b00000, 0x0000000705c00000|  0%| F|  |TAMS 0x0000000705b00000, 0x0000000705b00000| Untracked 
|  80|0x0000000705c00000, 0x0000000705c00000, 0x0000000705d00000|  0%| F|  |TAMS 0x0000000705c00000, 0x0000000705c00000| Untracked 
|  81|0x0000000705d00000, 0x0000000705d00000, 0x0000000705e00000|  0%| F|  |TAMS 0x0000000705d00000, 0x0000000705d00000| Untracked 
|  82|0x0000000705e00000, 0x0000000705e00000, 0x0000000705f00000|  0%| F|  |TAMS 0x0000000705e00000, 0x0000000705e00000| Untracked 
|  83|0x0000000705f00000, 0x0000000705f00000, 0x0000000706000000|  0%| F|  |TAMS 0x0000000705f00000, 0x0000000705f00000| Untracked 
|  84|0x0000000706000000, 0x0000000706000000, 0x0000000706100000|  0%| F|  |TAMS 0x0000000706000000, 0x0000000706000000| Untracked 
|  85|0x0000000706100000, 0x0000000706100000, 0x0000000706200000|  0%| F|  |TAMS 0x0000000706100000, 0x0000000706100000| Untracked 
|  86|0x0000000706200000, 0x0000000706200000, 0x0000000706300000|  0%| F|  |TAMS 0x0000000706200000, 0x0000000706200000| Untracked 
|  87|0x0000000706300000, 0x0000000706300000, 0x0000000706400000|  0%| F|  |TAMS 0x0000000706300000, 0x0000000706300000| Untracked 
|  88|0x0000000706400000, 0x0000000706400000, 0x0000000706500000|  0%| F|  |TAMS 0x0000000706400000, 0x0000000706400000| Untracked 
|  89|0x0000000706500000, 0x0000000706500000, 0x0000000706600000|  0%| F|  |TAMS 0x0000000706500000, 0x0000000706500000| Untracked 
|  90|0x0000000706600000, 0x0000000706600000, 0x0000000706700000|  0%| F|  |TAMS 0x0000000706600000, 0x0000000706600000| Untracked 
|  91|0x0000000706700000, 0x0000000706700000, 0x0000000706800000|  0%| F|  |TAMS 0x0000000706700000, 0x0000000706700000| Untracked 
|  92|0x0000000706800000, 0x0000000706800000, 0x0000000706900000|  0%| F|  |TAMS 0x0000000706800000, 0x0000000706800000| Untracked 
|  93|0x0000000706900000, 0x0000000706900000, 0x0000000706a00000|  0%| F|  |TAMS 0x0000000706900000, 0x0000000706900000| Untracked 
|  94|0x0000000706a00000, 0x0000000706a00000, 0x0000000706b00000|  0%| F|  |TAMS 0x0000000706a00000, 0x0000000706a00000| Untracked 
|  95|0x0000000706b00000, 0x0000000706b00000, 0x0000000706c00000|  0%| F|  |TAMS 0x0000000706b00000, 0x0000000706b00000| Untracked 
|  96|0x0000000706c00000, 0x0000000706c00000, 0x0000000706d00000|  0%| F|  |TAMS 0x0000000706c00000, 0x0000000706c00000| Untracked 
|  97|0x0000000706d00000, 0x0000000706d00000, 0x0000000706e00000|  0%| F|  |TAMS 0x0000000706d00000, 0x0000000706d00000| Untracked 
|  98|0x0000000706e00000, 0x0000000706e00000, 0x0000000706f00000|  0%| F|  |TAMS 0x0000000706e00000, 0x0000000706e00000| Untracked 
|  99|0x0000000706f00000, 0x0000000706f00000, 0x0000000707000000|  0%| F|  |TAMS 0x0000000706f00000, 0x0000000706f00000| Untracked 
| 100|0x0000000707000000, 0x0000000707000000, 0x0000000707100000|  0%| F|  |TAMS 0x0000000707000000, 0x0000000707000000| Untracked 
| 101|0x0000000707100000, 0x0000000707100000, 0x0000000707200000|  0%| F|  |TAMS 0x0000000707100000, 0x0000000707100000| Untracked 
| 102|0x0000000707200000, 0x0000000707200000, 0x0000000707300000|  0%| F|  |TAMS 0x0000000707200000, 0x0000000707200000| Untracked 
| 103|0x0000000707300000, 0x0000000707300000, 0x0000000707400000|  0%| F|  |TAMS 0x0000000707300000, 0x0000000707300000| Untracked 
| 104|0x0000000707400000, 0x0000000707400000, 0x0000000707500000|  0%| F|  |TAMS 0x0000000707400000, 0x0000000707400000| Untracked 
| 105|0x0000000707500000, 0x0000000707500000, 0x0000000707600000|  0%| F|  |TAMS 0x0000000707500000, 0x0000000707500000| Untracked 
| 106|0x0000000707600000, 0x0000000707600000, 0x0000000707700000|  0%| F|  |TAMS 0x0000000707600000, 0x0000000707600000| Untracked 
| 107|0x0000000707700000, 0x0000000707700000, 0x0000000707800000|  0%| F|  |TAMS 0x0000000707700000, 0x0000000707700000| Untracked 
| 108|0x0000000707800000, 0x0000000707800000, 0x0000000707900000|  0%| F|  |TAMS 0x0000000707800000, 0x0000000707800000| Untracked 
| 109|0x0000000707900000, 0x0000000707900000, 0x0000000707a00000|  0%| F|  |TAMS 0x0000000707900000, 0x0000000707900000| Untracked 
| 110|0x0000000707a00000, 0x0000000707a00000, 0x0000000707b00000|  0%| F|  |TAMS 0x0000000707a00000, 0x0000000707a00000| Untracked 
| 111|0x0000000707b00000, 0x0000000707b00000, 0x0000000707c00000|  0%| F|  |TAMS 0x0000000707b00000, 0x0000000707b00000| Untracked 
| 112|0x0000000707c00000, 0x0000000707c00000, 0x0000000707d00000|  0%| F|  |TAMS 0x0000000707c00000, 0x0000000707c00000| Untracked 
| 113|0x0000000707d00000, 0x0000000707d00000, 0x0000000707e00000|  0%| F|  |TAMS 0x0000000707d00000, 0x0000000707d00000| Untracked 
| 114|0x0000000707e00000, 0x0000000707e00000, 0x0000000707f00000|  0%| F|  |TAMS 0x0000000707e00000, 0x0000000707e00000| Untracked 
| 115|0x0000000707f00000, 0x0000000707f00000, 0x0000000708000000|  0%| F|  |TAMS 0x0000000707f00000, 0x0000000707f00000| Untracked 
| 116|0x0000000708000000, 0x0000000708000000, 0x0000000708100000|  0%| F|  |TAMS 0x0000000708000000, 0x0000000708000000| Untracked 
| 117|0x0000000708100000, 0x0000000708100000, 0x0000000708200000|  0%| F|  |TAMS 0x0000000708100000, 0x0000000708100000| Untracked 
| 118|0x0000000708200000, 0x0000000708200000, 0x0000000708300000|  0%| F|  |TAMS 0x0000000708200000, 0x0000000708200000| Untracked 
| 119|0x0000000708300000, 0x0000000708300000, 0x0000000708400000|  0%| F|  |TAMS 0x0000000708300000, 0x0000000708300000| Untracked 
| 120|0x0000000708400000, 0x0000000708400000, 0x0000000708500000|  0%| F|  |TAMS 0x0000000708400000, 0x0000000708400000| Untracked 
| 121|0x0000000708500000, 0x0000000708500000, 0x0000000708600000|  0%| F|  |TAMS 0x0000000708500000, 0x0000000708500000| Untracked 
| 122|0x0000000708600000, 0x0000000708600000, 0x0000000708700000|  0%| F|  |TAMS 0x0000000708600000, 0x0000000708600000| Untracked 
| 123|0x0000000708700000, 0x0000000708700000, 0x0000000708800000|  0%| F|  |TAMS 0x0000000708700000, 0x0000000708700000| Untracked 
| 124|0x0000000708800000, 0x0000000708800000, 0x0000000708900000|  0%| F|  |TAMS 0x0000000708800000, 0x0000000708800000| Untracked 
| 125|0x0000000708900000, 0x0000000708900000, 0x0000000708a00000|  0%| F|  |TAMS 0x0000000708900000, 0x0000000708900000| Untracked 
| 126|0x0000000708a00000, 0x0000000708a00000, 0x0000000708b00000|  0%| F|  |TAMS 0x0000000708a00000, 0x0000000708a00000| Untracked 
| 127|0x0000000708b00000, 0x0000000708b00000, 0x0000000708c00000|  0%| F|  |TAMS 0x0000000708b00000, 0x0000000708b00000| Untracked 
| 128|0x0000000708c00000, 0x0000000708c00000, 0x0000000708d00000|  0%| F|  |TAMS 0x0000000708c00000, 0x0000000708c00000| Untracked 
| 129|0x0000000708d00000, 0x0000000708d00000, 0x0000000708e00000|  0%| F|  |TAMS 0x0000000708d00000, 0x0000000708d00000| Untracked 
| 130|0x0000000708e00000, 0x0000000708e00000, 0x0000000708f00000|  0%| F|  |TAMS 0x0000000708e00000, 0x0000000708e00000| Untracked 
| 131|0x0000000708f00000, 0x0000000708f00000, 0x0000000709000000|  0%| F|  |TAMS 0x0000000708f00000, 0x0000000708f00000| Untracked 
| 132|0x0000000709000000, 0x0000000709000000, 0x0000000709100000|  0%| F|  |TAMS 0x0000000709000000, 0x0000000709000000| Untracked 
| 133|0x0000000709100000, 0x0000000709100000, 0x0000000709200000|  0%| F|  |TAMS 0x0000000709100000, 0x0000000709100000| Untracked 
| 134|0x0000000709200000, 0x0000000709200000, 0x0000000709300000|  0%| F|  |TAMS 0x0000000709200000, 0x0000000709200000| Untracked 
| 135|0x0000000709300000, 0x0000000709300000, 0x0000000709400000|  0%| F|  |TAMS 0x0000000709300000, 0x0000000709300000| Untracked 
| 136|0x0000000709400000, 0x0000000709400000, 0x0000000709500000|  0%| F|  |TAMS 0x0000000709400000, 0x0000000709400000| Untracked 
| 137|0x0000000709500000, 0x0000000709500000, 0x0000000709600000|  0%| F|  |TAMS 0x0000000709500000, 0x0000000709500000| Untracked 
| 138|0x0000000709600000, 0x0000000709600000, 0x0000000709700000|  0%| F|  |TAMS 0x0000000709600000, 0x0000000709600000| Untracked 
| 139|0x0000000709700000, 0x0000000709700000, 0x0000000709800000|  0%| F|  |TAMS 0x0000000709700000, 0x0000000709700000| Untracked 
| 140|0x0000000709800000, 0x0000000709800000, 0x0000000709900000|  0%| F|  |TAMS 0x0000000709800000, 0x0000000709800000| Untracked 
| 141|0x0000000709900000, 0x0000000709900000, 0x0000000709a00000|  0%| F|  |TAMS 0x0000000709900000, 0x0000000709900000| Untracked 
| 142|0x0000000709a00000, 0x0000000709a00000, 0x0000000709b00000|  0%| F|  |TAMS 0x0000000709a00000, 0x0000000709a00000| Untracked 
| 143|0x0000000709b00000, 0x0000000709b00000, 0x0000000709c00000|  0%| F|  |TAMS 0x0000000709b00000, 0x0000000709b00000| Untracked 
| 144|0x0000000709c00000, 0x0000000709c00000, 0x0000000709d00000|  0%| F|  |TAMS 0x0000000709c00000, 0x0000000709c00000| Untracked 
| 145|0x0000000709d00000, 0x0000000709d00000, 0x0000000709e00000|  0%| F|  |TAMS 0x0000000709d00000, 0x0000000709d00000| Untracked 
| 146|0x0000000709e00000, 0x0000000709e00000, 0x0000000709f00000|  0%| F|  |TAMS 0x0000000709e00000, 0x0000000709e00000| Untracked 
| 147|0x0000000709f00000, 0x0000000709f00000, 0x000000070a000000|  0%| F|  |TAMS 0x0000000709f00000, 0x0000000709f00000| Untracked 
| 148|0x000000070a000000, 0x000000070a000000, 0x000000070a100000|  0%| F|  |TAMS 0x000000070a000000, 0x000000070a000000| Untracked 
| 149|0x000000070a100000, 0x000000070a100000, 0x000000070a200000|  0%| F|  |TAMS 0x000000070a100000, 0x000000070a100000| Untracked 
| 150|0x000000070a200000, 0x000000070a200000, 0x000000070a300000|  0%| F|  |TAMS 0x000000070a200000, 0x000000070a200000| Untracked 
| 151|0x000000070a300000, 0x000000070a300000, 0x000000070a400000|  0%| F|  |TAMS 0x000000070a300000, 0x000000070a300000| Untracked 
| 152|0x000000070a400000, 0x000000070a400000, 0x000000070a500000|  0%| F|  |TAMS 0x000000070a400000, 0x000000070a400000| Untracked 
| 153|0x000000070a500000, 0x000000070a500000, 0x000000070a600000|  0%| F|  |TAMS 0x000000070a500000, 0x000000070a500000| Untracked 
| 154|0x000000070a600000, 0x000000070a600000, 0x000000070a700000|  0%| F|  |TAMS 0x000000070a600000, 0x000000070a600000| Untracked 
| 155|0x000000070a700000, 0x000000070a700000, 0x000000070a800000|  0%| F|  |TAMS 0x000000070a700000, 0x000000070a700000| Untracked 
| 156|0x000000070a800000, 0x000000070a800000, 0x000000070a900000|  0%| F|  |TAMS 0x000000070a800000, 0x000000070a800000| Untracked 
| 157|0x000000070a900000, 0x000000070a900000, 0x000000070aa00000|  0%| F|  |TAMS 0x000000070a900000, 0x000000070a900000| Untracked 
| 158|0x000000070aa00000, 0x000000070aa00000, 0x000000070ab00000|  0%| F|  |TAMS 0x000000070aa00000, 0x000000070aa00000| Untracked 
| 159|0x000000070ab00000, 0x000000070ab00000, 0x000000070ac00000|  0%| F|  |TAMS 0x000000070ab00000, 0x000000070ab00000| Untracked 
| 160|0x000000070ac00000, 0x000000070ac00000, 0x000000070ad00000|  0%| F|  |TAMS 0x000000070ac00000, 0x000000070ac00000| Untracked 
| 161|0x000000070ad00000, 0x000000070ad00000, 0x000000070ae00000|  0%| F|  |TAMS 0x000000070ad00000, 0x000000070ad00000| Untracked 
| 162|0x000000070ae00000, 0x000000070ae00000, 0x000000070af00000|  0%| F|  |TAMS 0x000000070ae00000, 0x000000070ae00000| Untracked 
| 163|0x000000070af00000, 0x000000070af00000, 0x000000070b000000|  0%| F|  |TAMS 0x000000070af00000, 0x000000070af00000| Untracked 
| 164|0x000000070b000000, 0x000000070b000000, 0x000000070b100000|  0%| F|  |TAMS 0x000000070b000000, 0x000000070b000000| Untracked 
| 165|0x000000070b100000, 0x000000070b100000, 0x000000070b200000|  0%| F|  |TAMS 0x000000070b100000, 0x000000070b100000| Untracked 
| 166|0x000000070b200000, 0x000000070b200000, 0x000000070b300000|  0%| F|  |TAMS 0x000000070b200000, 0x000000070b200000| Untracked 
| 167|0x000000070b300000, 0x000000070b300000, 0x000000070b400000|  0%| F|  |TAMS 0x000000070b300000, 0x000000070b300000| Untracked 
| 168|0x000000070b400000, 0x000000070b400000, 0x000000070b500000|  0%| F|  |TAMS 0x000000070b400000, 0x000000070b400000| Untracked 
| 169|0x000000070b500000, 0x000000070b500000, 0x000000070b600000|  0%| F|  |TAMS 0x000000070b500000, 0x000000070b500000| Untracked 
| 170|0x000000070b600000, 0x000000070b600000, 0x000000070b700000|  0%| F|  |TAMS 0x000000070b600000, 0x000000070b600000| Untracked 
| 171|0x000000070b700000, 0x000000070b700000, 0x000000070b800000|  0%| F|  |TAMS 0x000000070b700000, 0x000000070b700000| Untracked 
| 172|0x000000070b800000, 0x000000070b800000, 0x000000070b900000|  0%| F|  |TAMS 0x000000070b800000, 0x000000070b800000| Untracked 
| 173|0x000000070b900000, 0x000000070b900000, 0x000000070ba00000|  0%| F|  |TAMS 0x000000070b900000, 0x000000070b900000| Untracked 
| 174|0x000000070ba00000, 0x000000070ba00000, 0x000000070bb00000|  0%| F|  |TAMS 0x000000070ba00000, 0x000000070ba00000| Untracked 
| 175|0x000000070bb00000, 0x000000070bb00000, 0x000000070bc00000|  0%| F|  |TAMS 0x000000070bb00000, 0x000000070bb00000| Untracked 
| 176|0x000000070bc00000, 0x000000070bc00000, 0x000000070bd00000|  0%| F|  |TAMS 0x000000070bc00000, 0x000000070bc00000| Untracked 
| 177|0x000000070bd00000, 0x000000070bd00000, 0x000000070be00000|  0%| F|  |TAMS 0x000000070bd00000, 0x000000070bd00000| Untracked 
| 178|0x000000070be00000, 0x000000070be00000, 0x000000070bf00000|  0%| F|  |TAMS 0x000000070be00000, 0x000000070be00000| Untracked 
| 179|0x000000070bf00000, 0x000000070bf00000, 0x000000070c000000|  0%| F|  |TAMS 0x000000070bf00000, 0x000000070bf00000| Untracked 
| 180|0x000000070c000000, 0x000000070c000000, 0x000000070c100000|  0%| F|  |TAMS 0x000000070c000000, 0x000000070c000000| Untracked 
| 181|0x000000070c100000, 0x000000070c100000, 0x000000070c200000|  0%| F|  |TAMS 0x000000070c100000, 0x000000070c100000| Untracked 
| 182|0x000000070c200000, 0x000000070c200000, 0x000000070c300000|  0%| F|  |TAMS 0x000000070c200000, 0x000000070c200000| Untracked 
| 183|0x000000070c300000, 0x000000070c300000, 0x000000070c400000|  0%| F|  |TAMS 0x000000070c300000, 0x000000070c300000| Untracked 
| 184|0x000000070c400000, 0x000000070c400000, 0x000000070c500000|  0%| F|  |TAMS 0x000000070c400000, 0x000000070c400000| Untracked 
| 185|0x000000070c500000, 0x000000070c500000, 0x000000070c600000|  0%| F|  |TAMS 0x000000070c500000, 0x000000070c500000| Untracked 
| 186|0x000000070c600000, 0x000000070c600000, 0x000000070c700000|  0%| F|  |TAMS 0x000000070c600000, 0x000000070c600000| Untracked 
| 187|0x000000070c700000, 0x000000070c700000, 0x000000070c800000|  0%| F|  |TAMS 0x000000070c700000, 0x000000070c700000| Untracked 
| 188|0x000000070c800000, 0x000000070c800000, 0x000000070c900000|  0%| F|  |TAMS 0x000000070c800000, 0x000000070c800000| Untracked 
| 189|0x000000070c900000, 0x000000070c900000, 0x000000070ca00000|  0%| F|  |TAMS 0x000000070c900000, 0x000000070c900000| Untracked 
| 190|0x000000070ca00000, 0x000000070ca00000, 0x000000070cb00000|  0%| F|  |TAMS 0x000000070ca00000, 0x000000070ca00000| Untracked 
| 191|0x000000070cb00000, 0x000000070cb00000, 0x000000070cc00000|  0%| F|  |TAMS 0x000000070cb00000, 0x000000070cb00000| Untracked 
| 192|0x000000070cc00000, 0x000000070cc00000, 0x000000070cd00000|  0%| F|  |TAMS 0x000000070cc00000, 0x000000070cc00000| Untracked 
| 193|0x000000070cd00000, 0x000000070cd00000, 0x000000070ce00000|  0%| F|  |TAMS 0x000000070cd00000, 0x000000070cd00000| Untracked 
| 194|0x000000070ce00000, 0x000000070ce00000, 0x000000070cf00000|  0%| F|  |TAMS 0x000000070ce00000, 0x000000070ce00000| Untracked 
| 195|0x000000070cf00000, 0x000000070cf00000, 0x000000070d000000|  0%| F|  |TAMS 0x000000070cf00000, 0x000000070cf00000| Untracked 
| 196|0x000000070d000000, 0x000000070d000000, 0x000000070d100000|  0%| F|  |TAMS 0x000000070d000000, 0x000000070d000000| Untracked 
| 197|0x000000070d100000, 0x000000070d100000, 0x000000070d200000|  0%| F|  |TAMS 0x000000070d100000, 0x000000070d100000| Untracked 
| 198|0x000000070d200000, 0x000000070d200000, 0x000000070d300000|  0%| F|  |TAMS 0x000000070d200000, 0x000000070d200000| Untracked 
| 199|0x000000070d300000, 0x000000070d300000, 0x000000070d400000|  0%| F|  |TAMS 0x000000070d300000, 0x000000070d300000| Untracked 
| 200|0x000000070d400000, 0x000000070d400000, 0x000000070d500000|  0%| F|  |TAMS 0x000000070d400000, 0x000000070d400000| Untracked 
| 201|0x000000070d500000, 0x000000070d500000, 0x000000070d600000|  0%| F|  |TAMS 0x000000070d500000, 0x000000070d500000| Untracked 
| 202|0x000000070d600000, 0x000000070d600000, 0x000000070d700000|  0%| F|  |TAMS 0x000000070d600000, 0x000000070d600000| Untracked 
| 203|0x000000070d700000, 0x000000070d700000, 0x000000070d800000|  0%| F|  |TAMS 0x000000070d700000, 0x000000070d700000| Untracked 
| 204|0x000000070d800000, 0x000000070d800000, 0x000000070d900000|  0%| F|  |TAMS 0x000000070d800000, 0x000000070d800000| Untracked 
| 205|0x000000070d900000, 0x000000070d900000, 0x000000070da00000|  0%| F|  |TAMS 0x000000070d900000, 0x000000070d900000| Untracked 
| 206|0x000000070da00000, 0x000000070da00000, 0x000000070db00000|  0%| F|  |TAMS 0x000000070da00000, 0x000000070da00000| Untracked 
| 207|0x000000070db00000, 0x000000070db00000, 0x000000070dc00000|  0%| F|  |TAMS 0x000000070db00000, 0x000000070db00000| Untracked 
| 208|0x000000070dc00000, 0x000000070dc00000, 0x000000070dd00000|  0%| F|  |TAMS 0x000000070dc00000, 0x000000070dc00000| Untracked 
| 209|0x000000070dd00000, 0x000000070dd00000, 0x000000070de00000|  0%| F|  |TAMS 0x000000070dd00000, 0x000000070dd00000| Untracked 
| 210|0x000000070de00000, 0x000000070de00000, 0x000000070df00000|  0%| F|  |TAMS 0x000000070de00000, 0x000000070de00000| Untracked 
| 211|0x000000070df00000, 0x000000070df00000, 0x000000070e000000|  0%| F|  |TAMS 0x000000070df00000, 0x000000070df00000| Untracked 
| 212|0x000000070e000000, 0x000000070e000000, 0x000000070e100000|  0%| F|  |TAMS 0x000000070e000000, 0x000000070e000000| Untracked 
| 213|0x000000070e100000, 0x000000070e100000, 0x000000070e200000|  0%| F|  |TAMS 0x000000070e100000, 0x000000070e100000| Untracked 
| 214|0x000000070e200000, 0x000000070e200000, 0x000000070e300000|  0%| F|  |TAMS 0x000000070e200000, 0x000000070e200000| Untracked 
| 215|0x000000070e300000, 0x000000070e300000, 0x000000070e400000|  0%| F|  |TAMS 0x000000070e300000, 0x000000070e300000| Untracked 
| 216|0x000000070e400000, 0x000000070e400000, 0x000000070e500000|  0%| F|  |TAMS 0x000000070e400000, 0x000000070e400000| Untracked 
| 217|0x000000070e500000, 0x000000070e500000, 0x000000070e600000|  0%| F|  |TAMS 0x000000070e500000, 0x000000070e500000| Untracked 
| 218|0x000000070e600000, 0x000000070e600000, 0x000000070e700000|  0%| F|  |TAMS 0x000000070e600000, 0x000000070e600000| Untracked 
| 219|0x000000070e700000, 0x000000070e700000, 0x000000070e800000|  0%| F|  |TAMS 0x000000070e700000, 0x000000070e700000| Untracked 
| 220|0x000000070e800000, 0x000000070e800000, 0x000000070e900000|  0%| F|  |TAMS 0x000000070e800000, 0x000000070e800000| Untracked 
| 221|0x000000070e900000, 0x000000070e900000, 0x000000070ea00000|  0%| F|  |TAMS 0x000000070e900000, 0x000000070e900000| Untracked 
| 222|0x000000070ea00000, 0x000000070ea00000, 0x000000070eb00000|  0%| F|  |TAMS 0x000000070ea00000, 0x000000070ea00000| Untracked 
| 223|0x000000070eb00000, 0x000000070eb00000, 0x000000070ec00000|  0%| F|  |TAMS 0x000000070eb00000, 0x000000070eb00000| Untracked 
| 224|0x000000070ec00000, 0x000000070ec00000, 0x000000070ed00000|  0%| F|  |TAMS 0x000000070ec00000, 0x000000070ec00000| Untracked 
| 225|0x000000070ed00000, 0x000000070ed00000, 0x000000070ee00000|  0%| F|  |TAMS 0x000000070ed00000, 0x000000070ed00000| Untracked 
| 226|0x000000070ee00000, 0x000000070ee00000, 0x000000070ef00000|  0%| F|  |TAMS 0x000000070ee00000, 0x000000070ee00000| Untracked 
| 227|0x000000070ef00000, 0x000000070ef00000, 0x000000070f000000|  0%| F|  |TAMS 0x000000070ef00000, 0x000000070ef00000| Untracked 
| 228|0x000000070f000000, 0x000000070f000000, 0x000000070f100000|  0%| F|  |TAMS 0x000000070f000000, 0x000000070f000000| Untracked 
| 229|0x000000070f100000, 0x000000070f100000, 0x000000070f200000|  0%| F|  |TAMS 0x000000070f100000, 0x000000070f100000| Untracked 
| 230|0x000000070f200000, 0x000000070f200000, 0x000000070f300000|  0%| F|  |TAMS 0x000000070f200000, 0x000000070f200000| Untracked 
| 231|0x000000070f300000, 0x000000070f300000, 0x000000070f400000|  0%| F|  |TAMS 0x000000070f300000, 0x000000070f300000| Untracked 
| 232|0x000000070f400000, 0x000000070f400000, 0x000000070f500000|  0%| F|  |TAMS 0x000000070f400000, 0x000000070f400000| Untracked 
| 233|0x000000070f500000, 0x000000070f500000, 0x000000070f600000|  0%| F|  |TAMS 0x000000070f500000, 0x000000070f500000| Untracked 
| 234|0x000000070f600000, 0x000000070f600000, 0x000000070f700000|  0%| F|  |TAMS 0x000000070f600000, 0x000000070f600000| Untracked 
| 235|0x000000070f700000, 0x000000070f700000, 0x000000070f800000|  0%| F|  |TAMS 0x000000070f700000, 0x000000070f700000| Untracked 
| 236|0x000000070f800000, 0x000000070f800000, 0x000000070f900000|  0%| F|  |TAMS 0x000000070f800000, 0x000000070f800000| Untracked 
| 237|0x000000070f900000, 0x000000070f900000, 0x000000070fa00000|  0%| F|  |TAMS 0x000000070f900000, 0x000000070f900000| Untracked 
| 238|0x000000070fa00000, 0x000000070faf4450, 0x000000070fb00000| 95%| S|CS|TAMS 0x000000070fa00000, 0x000000070fa00000| Complete 
| 239|0x000000070fb00000, 0x000000070fb00000, 0x000000070fc00000|  0%| F|  |TAMS 0x000000070fb00000, 0x000000070fb00000| Untracked 
| 240|0x000000070fc00000, 0x000000070fc00000, 0x000000070fd00000|  0%| F|  |TAMS 0x000000070fc00000, 0x000000070fc00000| Untracked 
| 241|0x000000070fd00000, 0x000000070fd00000, 0x000000070fe00000|  0%| F|  |TAMS 0x000000070fd00000, 0x000000070fd00000| Untracked 
| 242|0x000000070fe00000, 0x000000070fe00000, 0x000000070ff00000|  0%| F|  |TAMS 0x000000070fe00000, 0x000000070fe00000| Untracked 
| 243|0x000000070ff00000, 0x000000070ff00000, 0x0000000710000000|  0%| F|  |TAMS 0x000000070ff00000, 0x000000070ff00000| Untracked 
| 244|0x0000000710000000, 0x0000000710000000, 0x0000000710100000|  0%| F|  |TAMS 0x0000000710000000, 0x0000000710000000| Untracked 
| 245|0x0000000710100000, 0x0000000710100000, 0x0000000710200000|  0%| F|  |TAMS 0x0000000710100000, 0x0000000710100000| Untracked 
| 246|0x0000000710200000, 0x0000000710200000, 0x0000000710300000|  0%| F|  |TAMS 0x0000000710200000, 0x0000000710200000| Untracked 
| 247|0x0000000710300000, 0x0000000710300000, 0x0000000710400000|  0%| F|  |TAMS 0x0000000710300000, 0x0000000710300000| Untracked 
| 248|0x0000000710400000, 0x0000000710400000, 0x0000000710500000|  0%| F|  |TAMS 0x0000000710400000, 0x0000000710400000| Untracked 
| 249|0x0000000710500000, 0x0000000710500000, 0x0000000710600000|  0%| F|  |TAMS 0x0000000710500000, 0x0000000710500000| Untracked 
| 250|0x0000000710600000, 0x0000000710600000, 0x0000000710700000|  0%| F|  |TAMS 0x0000000710600000, 0x0000000710600000| Untracked 
| 251|0x0000000710700000, 0x0000000710700000, 0x0000000710800000|  0%| F|  |TAMS 0x0000000710700000, 0x0000000710700000| Untracked 
| 252|0x0000000710800000, 0x0000000710800000, 0x0000000710900000|  0%| F|  |TAMS 0x0000000710800000, 0x0000000710800000| Untracked 
| 253|0x0000000710900000, 0x0000000710900000, 0x0000000710a00000|  0%| F|  |TAMS 0x0000000710900000, 0x0000000710900000| Untracked 
| 254|0x0000000710a00000, 0x0000000710a00000, 0x0000000710b00000|  0%| F|  |TAMS 0x0000000710a00000, 0x0000000710a00000| Untracked 
| 255|0x0000000710b00000, 0x0000000710b00000, 0x0000000710c00000|  0%| F|  |TAMS 0x0000000710b00000, 0x0000000710b00000| Untracked 

Card table byte_map: [0x000001e2b0bf0000,0x000001e2b13f0000] _byte_map_base: 0x000001e2ad3ea000

Marking Bits (Prev, Next): (CMBitMap*) 0x000001e2987ef4e8, (CMBitMap*) 0x000001e2987ef520
 Prev Bits: [0x000001e2b1bf0000, 0x000001e2b5bc0000)
 Next Bits: [0x000001e2b5bc0000, 0x000001e2b9b90000)

Polling page: 0x000001e2966d0000

Metaspace:

Usage:
  Non-class:     14.19 MB capacity,    13.91 MB ( 98%) used,   250.43 KB (  2%) free+waste,    39.75 KB ( <1%) overhead. 
      Class:      1.84 MB capacity,     1.66 MB ( 90%) used,   163.31 KB (  9%) free+waste,    19.31 KB (  1%) overhead. 
       Both:     16.02 MB capacity,    15.56 MB ( 97%) used,   413.74 KB (  3%) free+waste,    59.06 KB ( <1%) overhead. 

Virtual space:
  Non-class space:       24.00 MB reserved,      14.25 MB ( 59%) committed 
      Class space:        1.00 GB reserved,       1.88 MB ( <1%) committed 
             Both:        1.02 GB reserved,      16.13 MB (  2%) committed 

Chunk freelists:
   Non-Class:  63.00 KB
       Class:  8.00 KB
        Both:  71.00 KB

MaxMetaspaceSize: 17179869184.00 GB
CompressedClassSpaceSize: 1.00 GB
Initial GC threshold: 20.80 MB
Current GC threshold: 21.12 MB
CDS: off

CodeHeap 'non-profiled nmethods': size=238336Kb used=2175Kb max_used=2175Kb free=236161Kb
 bounds [0x000001e2a15e0000, 0x000001e2a1850000, 0x000001e2afea0000]
CodeHeap 'non-nmethods': size=7424Kb used=1244Kb max_used=1244Kb free=6179Kb
 bounds [0x000001e2a0ea0000, 0x000001e2a1110000, 0x000001e2a15e0000]
 total_blobs=1821 nmethods=1401 adapters=355
 compilation: enabled
              stopped_count=0, restarted_count=0
 full_count=0

Compilation events (20 events):
Event: 1.382 Thread 0x000001e2bd20b800 1394       1       java.util.ArrayList::toArray (57 bytes)
Event: 1.382 Thread 0x000001e2bd20b800 nmethod 1394 0x000001e2a17f8190 code [0x000001e2a17f8360, 0x000001e2a17f8698]
Event: 1.382 Thread 0x000001e2bd20b800 1390       1       sun.reflect.generics.parser.SignatureParser::parseClassTypeSignature (118 bytes)
Event: 1.383 Thread 0x000001e2bd20b800 nmethod 1390 0x000001e2a17f8790 code [0x000001e2a17f8aa0, 0x000001e2a17f9598]
Event: 1.383 Thread 0x000001e2bd20b800 1395   !   1       com.intellij.rt.debugger.agent.CaptureAgent$CaptureTransformer::transform (206 bytes)
Event: 1.384 Thread 0x000001e2bd20b800 nmethod 1395 0x000001e2a17f9c90 code [0x000001e2a17fa080, 0x000001e2a17fb1d8]
Event: 1.384 Thread 0x000001e2bd20b800 1392       1       sun.reflect.generics.parser.SignatureParser::parseClassTypeSignatureSuffix (29 bytes)
Event: 1.384 Thread 0x000001e2bd20b800 nmethod 1392 0x000001e2a17fc310 code [0x000001e2a17fc4e0, 0x000001e2a17fc638]
Event: 1.384 Thread 0x000001e2bd20b800 1393       1       sun.reflect.generics.tree.ClassTypeSignature::make (9 bytes)
Event: 1.384 Thread 0x000001e2bd20b800 nmethod 1393 0x000001e2a17fc710 code [0x000001e2a17fc8c0, 0x000001e2a17fca18]
Event: 1.384 Thread 0x000001e2bd20b800 1396   !   1       com.intellij.rt.debugger.agent.CollectionBreakpointInstrumentor$CollectionBreakpointTransformer::transform (109 bytes)
Event: 1.385 Thread 0x000001e2bd20b800 nmethod 1396 0x000001e2a17fca90 code [0x000001e2a17fcd60, 0x000001e2a17fd6a8]
Event: 1.385 Thread 0x000001e2bd20b800 1397       1       java.util.RegularEnumSet::add (9 bytes)
Event: 1.385 Thread 0x000001e2bd20b800 nmethod 1397 0x000001e2a17fde90 code [0x000001e2a17fe040, 0x000001e2a17fe168]
Event: 1.385 Thread 0x000001e2bd20b800 1398       1       java.util.RegularEnumSet::add (40 bytes)
Event: 1.385 Thread 0x000001e2bd20b800 nmethod 1398 0x000001e2a17fe210 code [0x000001e2a17fe3c0, 0x000001e2a17fe4e8]
Event: 1.385 Thread 0x000001e2bd20b800 1399       1       java.util.EnumSet::typeCheck (59 bytes)
Event: 1.385 Thread 0x000001e2bd20b800 nmethod 1399 0x000001e2a17fe590 code [0x000001e2a17fe7e0, 0x000001e2a17fed38]
Event: 1.386 Thread 0x000001e2bd20b800 1400       1       jdk.internal.misc.Unsafe::defineAnonymousClass (46 bytes)
Event: 1.386 Thread 0x000001e2bd20b800 nmethod 1400 0x000001e2a17ff590 code [0x000001e2a17ff780, 0x000001e2a17ffa58]

GC Heap History (4 events):
Event: 1.275 GC heap before
{Heap before GC invocations=0 (full 0):
 garbage-first heap   total 262144K, used 24576K [0x0000000700c00000, 0x0000000800000000)
  region size 1024K, 24 young (24576K), 0 survivors (0K)
 Metaspace       used 13454K, capacity 13832K, committed 14080K, reserved 1062912K
  class space    used 1378K, capacity 1503K, committed 1536K, reserved 1048576K
}
Event: 1.279 GC heap after
{Heap after GC invocations=1 (full 0):
 garbage-first heap   total 262144K, used 6944K [0x0000000700c00000, 0x0000000800000000)
  region size 1024K, 3 young (3072K), 3 survivors (3072K)
 Metaspace       used 13454K, capacity 13832K, committed 14080K, reserved 1062912K
  class space    used 1378K, capacity 1503K, committed 1536K, reserved 1048576K
}
Event: 1.388 GC heap before
{Heap before GC invocations=1 (full 0):
 garbage-first heap   total 262144K, used 23328K [0x0000000700c00000, 0x0000000800000000)
  region size 1024K, 20 young (20480K), 3 survivors (3072K)
 Metaspace       used 15936K, capacity 16409K, committed 16512K, reserved 1071104K
  class space    used 1697K, capacity 1880K, committed 1920K, reserved 1048576K
}
Event: 1.391 GC heap after
{Heap after GC invocations=2 (full 0):
 garbage-first heap   total 262144K, used 7823K [0x0000000700c00000, 0x0000000800000000)
  region size 1024K, 1 young (1024K), 1 survivors (1024K)
 Metaspace       used 15936K, capacity 16409K, committed 16512K, reserved 1071104K
  class space    used 1697K, capacity 1880K, committed 1920K, reserved 1048576K
}

Deoptimization events (20 events):
Event: 1.373 Thread 0x000001e29878e800 DEOPT PACKING pc=0x000001e2a172c7fc sp=0x0000004173ffe170
Event: 1.373 Thread 0x000001e29878e800 DEOPT UNPACKING pc=0x000001e2a0eea95e sp=0x0000004173ffd660 mode 1
Event: 1.374 Thread 0x000001e29878e800 DEOPT PACKING pc=0x000001e2a178e68c sp=0x0000004173ffd600
Event: 1.374 Thread 0x000001e29878e800 DEOPT UNPACKING pc=0x000001e2a0eea95e sp=0x0000004173ffca98 mode 1
Event: 1.374 Thread 0x000001e29878e800 DEOPT PACKING pc=0x000001e2a178c21c sp=0x0000004173ffd6d0
Event: 1.374 Thread 0x000001e29878e800 DEOPT UNPACKING pc=0x000001e2a0eea95e sp=0x0000004173ffcb88 mode 1
Event: 1.374 Thread 0x000001e29878e800 DEOPT PACKING pc=0x000001e2a172c7fc sp=0x0000004173ffe170
Event: 1.374 Thread 0x000001e29878e800 DEOPT UNPACKING pc=0x000001e2a0eea95e sp=0x0000004173ffd660 mode 1
Event: 1.374 Thread 0x000001e29878e800 DEOPT PACKING pc=0x000001e2a178e68c sp=0x0000004173ffd600
Event: 1.374 Thread 0x000001e29878e800 DEOPT UNPACKING pc=0x000001e2a0eea95e sp=0x0000004173ffca98 mode 1
Event: 1.374 Thread 0x000001e29878e800 DEOPT PACKING pc=0x000001e2a178c21c sp=0x0000004173ffd6d0
Event: 1.374 Thread 0x000001e29878e800 DEOPT UNPACKING pc=0x000001e2a0eea95e sp=0x0000004173ffcb88 mode 1
Event: 1.374 Thread 0x000001e29878e800 DEOPT PACKING pc=0x000001e2a172c7fc sp=0x0000004173ffe170
Event: 1.374 Thread 0x000001e29878e800 DEOPT UNPACKING pc=0x000001e2a0eea95e sp=0x0000004173ffd660 mode 1
Event: 1.374 Thread 0x000001e29878e800 DEOPT PACKING pc=0x000001e2a178e68c sp=0x0000004173ffd600
Event: 1.374 Thread 0x000001e29878e800 DEOPT UNPACKING pc=0x000001e2a0eea95e sp=0x0000004173ffca98 mode 1
Event: 1.374 Thread 0x000001e29878e800 DEOPT PACKING pc=0x000001e2a178c21c sp=0x0000004173ffd6d0
Event: 1.374 Thread 0x000001e29878e800 DEOPT UNPACKING pc=0x000001e2a0eea95e sp=0x0000004173ffcb88 mode 1
Event: 1.374 Thread 0x000001e29878e800 DEOPT PACKING pc=0x000001e2a172c7fc sp=0x0000004173ffe170
Event: 1.374 Thread 0x000001e29878e800 DEOPT UNPACKING pc=0x000001e2a0eea95e sp=0x0000004173ffd660 mode 1

Classes redefined (0 events):
No events

Internal exceptions (20 events):
Event: 0.890 Thread 0x000001e29878e800 Exception <a 'java/lang/NoSuchMethodError'{0x00000007100ed0f0}: 'java.lang.Object java.lang.invoke.DirectMethodHandle$Holder.invokeStatic(java.lang.Object, java.lang.Object, java.lang.Object, java.lang.Object, java.lang.Object, java.lang.Object, java.lang.Object, java.lang.Object, java.lang.Object, java.lang.Object, java.lang.Object, int, int, java.lang.Object)'> (0x00000007100ed0f0) thrown at [./src/hotspot/share/interpreter/linkResolver.cpp, line 773]
Event: 0.892 Thread 0x000001e29878e800 Exception <a 'java/lang/NoSuchMethodError'{0x000000070ff0f880}: 'java.lang.Object java.lang.invoke.DirectMethodHandle$Holder.invokeStatic(java.lang.Object, java.lang.Object, java.lang.Object, java.lang.Object, java.lang.Object, java.lang.Object, java.lang.Object, java.lang.Object, java.lang.Object, java.lang.Object, java.lang.Object, int, int, java.lang.Object, java.lang.Object)'> (0x000000070ff0f880) thrown at [./src/hotspot/share/interpreter/linkResolver.cpp, line 773]
Event: 0.949 Thread 0x000001e29878e800 Exception <a 'java/lang/NoSuchMethodError'{0x000000070fd5ecb0}: 'int java.lang.invoke.DirectMethodHandle$Holder.invokeSpecialIFC(java.lang.Object, java.lang.Object, java.lang.Object)'> (0x000000070fd5ecb0) thrown at [./src/hotspot/share/interpreter/linkResolver.cpp, line 773]
Event: 0.970 Thread 0x000001e29878e800 Exception <a 'java/lang/NoSuchMethodError'{0x000000070fc0ed08}: 'java.lang.Object java.lang.invoke.DirectMethodHandle$Holder.invokeStatic(java.lang.Object, int, int, int, int)'> (0x000000070fc0ed08) thrown at [./src/hotspot/share/interpreter/linkResolver.cpp, line 773]
Event: 0.970 Thread 0x000001e29878e800 Exception <a 'java/lang/NoSuchMethodError'{0x000000070fc11e30}: 'java.lang.Object java.lang.invoke.DirectMethodHandle$Holder.invokeStaticInit(java.lang.Object, int, int, int, int)'> (0x000000070fc11e30) thrown at [./src/hotspot/share/interpreter/linkResolver.cpp, line 773]
Event: 1.170 Thread 0x000001e29878e800 Exception <a 'java/lang/NoSuchMethodError'{0x000000070fc710f8}: 'java.lang.Object java.lang.invoke.DirectMethodHandle$Holder.invokeStatic(java.lang.Object, java.lang.Object, int, int, int, int)'> (0x000000070fc710f8) thrown at [./src/hotspot/share/interpreter/linkResolver.cpp, line 773]
Event: 1.170 Thread 0x000001e29878e800 Exception <a 'java/lang/NoSuchMethodError'{0x000000070fc74450}: 'java.lang.Object java.lang.invoke.DirectMethodHandle$Holder.invokeStaticInit(java.lang.Object, java.lang.Object, int, int, int, int)'> (0x000000070fc74450) thrown at [./src/hotspot/share/interpreter/linkResolver.cpp, line 773]
Event: 1.181 Thread 0x000001e29878e800 Exception <a 'java/lang/ClassNotFoundException'{0x000000070fcb5490}: javax/management/remote/rmi/RMIServerImpl_Skel> (0x000000070fcb5490) thrown at [./src/hotspot/share/classfile/systemDictionary.cpp, line 231]
Event: 1.221 Thread 0x000001e29878e800 Exception <a 'java/lang/ClassNotFoundException'{0x000000070f9df328}: javax/smartcardio/CardPermission> (0x000000070f9df328) thrown at [./src/hotspot/share/classfile/systemDictionary.cpp, line 231]
Event: 1.228 Thread 0x000001e29878e800 Exception <a 'java/io/FileNotFoundException'{0x000000070f9ef950}> (0x000000070f9ef950) thrown at [./src/hotspot/share/prims/jni.cpp, line 615]
Event: 1.288 Thread 0x000001e29878e800 Exception <a 'java/lang/NoSuchMethodError'{0x0000000710a408e0}: 'java.lang.Object java.lang.invoke.DirectMethodHandle$Holder.invokeSpecialIFC(java.lang.Object, java.lang.Object, java.lang.Object, java.lang.Object)'> (0x0000000710a408e0) thrown at [./src/hotspot/share/interpreter/linkResolver.cpp, line 773]
Event: 1.295 Thread 0x000001e29878e800 Exception <a 'java/lang/NoSuchMethodError'{0x000000071096ad88}: 'int java.lang.invoke.DirectMethodHandle$Holder.invokeStaticInit(java.lang.Object, java.lang.Object)'> (0x000000071096ad88) thrown at [./src/hotspot/share/interpreter/linkResolver.cpp, line 773]
Event: 1.316 Thread 0x000001e29878e800 Exception <a 'java/lang/NoSuchMethodError'{0x0000000710687ed0}: 'int java.lang.invoke.DirectMethodHandle$Holder.invokeStaticInit(java.lang.Object, java.lang.Object, java.lang.Object)'> (0x0000000710687ed0) thrown at [./src/hotspot/share/interpreter/linkResolver.cpp, line 773]
Event: 1.322 Thread 0x000001e29878e800 Exception <a 'java/lang/NoSuchMethodError'{0x00000007105b9f00}: 'void java.lang.invoke.DirectMethodHandle$Holder.invokeSpecial(java.lang.Object, java.lang.Object)'> (0x00000007105b9f00) thrown at [./src/hotspot/share/interpreter/linkResolver.cpp, line 773]
Event: 1.349 Thread 0x000001e29878e800 Exception <a 'java/lang/NoSuchMethodError'{0x0000000710161610}: 'java.lang.Object java.lang.invoke.DirectMethodHandle$Holder.invokeStatic(java.lang.Object, java.lang.Object, java.lang.Object, java.lang.Object, java.lang.Object, java.lang.Object, java.lang.Object, java.lang.Object, java.lang.Object, java.lang.Object, java.lang.Object, java.lang.Object, java.lang.Object, java.lang.Object, java.lang.Object)'> (0x0000000710161610) thrown at [./src/hotspot/share/interpreter/linkResolver.cpp, line 773]
Event: 1.350 Thread 0x000001e29878e800 Exception <a 'java/lang/NoSuchMethodError'{0x0000000710170970}: 'java.lang.Object java.lang.invoke.DirectMethodHandle$Holder.invokeStatic(java.lang.Object, java.lang.Object, java.lang.Object, java.lang.Object, java.lang.Object, java.lang.Object, java.lang.Object, java.lang.Object, java.lang.Object, java.lang.Object, java.lang.Object, java.lang.Object, java.lang.Object, java.lang.Object, java.lang.Object, java.lang.Object)'> (0x0000000710170970) thrown at [./src/hotspot/share/interpreter/linkResolver.cpp, l
Event: 1.350 Thread 0x000001e29878e800 Exception <a 'java/lang/NoSuchMethodError'{0x000000071017e888}: 'java.lang.Object java.lang.invoke.DirectMethodHandle$Holder.invokeSpecial(java.lang.Object, java.lang.Object, int, int, java.lang.Object, java.lang.Object, java.lang.Object, java.lang.Object)'> (0x000000071017e888) thrown at [./src/hotspot/share/interpreter/linkResolver.cpp, line 773]
Event: 1.350 Thread 0x000001e29878e800 Exception <a 'java/lang/NoSuchMethodError'{0x0000000710182350}: 'java.lang.Object java.lang.invoke.DelegatingMethodHandle$Holder.reinvoke_L(java.lang.Object, int, int, java.lang.Object, java.lang.Object, java.lang.Object, java.lang.Object)'> (0x0000000710182350) thrown at [./src/hotspot/share/interpreter/linkResolver.cpp, line 773]
Event: 1.351 Thread 0x000001e29878e800 Exception <a 'java/lang/NoSuchMethodError'{0x0000000710191990}: 'java.lang.Object java.lang.invoke.DirectMethodHandle$Holder.invokeStatic(java.lang.Object, java.lang.Object, java.lang.Object, java.lang.Object, java.lang.Object, java.lang.Object, int)'> (0x0000000710191990) thrown at [./src/hotspot/share/interpreter/linkResolver.cpp, line 773]
Event: 1.355 Thread 0x000001e29878e800 Exception <a 'java/io/FileNotFoundException'{0x0000000710021710}> (0x0000000710021710) thrown at [./src/hotspot/share/prims/jni.cpp, line 615]

Events (20 events):
Event: 1.387 loading class java/time/temporal/JulianFields done
Event: 1.387 loading class java/time/temporal/JulianFields$Field
Event: 1.387 loading class java/time/temporal/JulianFields$Field done
Event: 1.387 loading class java/time/format/DateTimeFormatterBuilder$2
Event: 1.387 loading class java/time/format/DateTimeFormatterBuilder$2 done
Event: 1.387 loading class java/time/format/SignStyle
Event: 1.387 loading class java/time/format/SignStyle done
Event: 1.387 loading class java/time/format/DateTimeFormatterBuilder$NumberPrinterParser
Event: 1.388 loading class java/time/format/DateTimeFormatterBuilder$DateTimePrinterParser
Event: 1.388 loading class java/time/format/DateTimeFormatterBuilder$DateTimePrinterParser done
Event: 1.388 loading class java/time/format/DateTimeFormatterBuilder$NumberPrinterParser done
Event: 1.388 loading class java/time/format/DateTimeFormatterBuilder$CharLiteralPrinterParser
Event: 1.388 loading class java/time/format/DateTimeFormatterBuilder$CharLiteralPrinterParser done
Event: 1.388 loading class java/time/format/ResolverStyle
Event: 1.388 loading class java/time/format/ResolverStyle done
Event: 1.388 loading class java/time/chrono/IsoChronology
Event: 1.388 loading class java/time/chrono/AbstractChronology
Event: 1.388 loading class java/time/chrono/Chronology
Event: 1.388 loading class java/time/chrono/Chronology done
Event: 1.388 Executing VM operation: CollectForMetadataAllocation


Dynamic libraries:
0x00007ff632690000 - 0x00007ff63269d000 	C:\Users\proge\.jdks\corretto-11.0.12\bin\java.exe
0x00007ffaba220000 - 0x00007ffaba429000 	C:\WINDOWS\SYSTEM32\ntdll.dll
0x00007ffab9ae0000 - 0x00007ffab9b9d000 	C:\WINDOWS\System32\KERNEL32.DLL
0x00007ffab7af0000 - 0x00007ffab7e6c000 	C:\WINDOWS\System32\KERNELBASE.dll
0x00007ffab7930000 - 0x00007ffab7a41000 	C:\WINDOWS\System32\ucrtbase.dll
0x00007ffaad3b0000 - 0x00007ffaad3c7000 	C:\Users\proge\.jdks\corretto-11.0.12\bin\jli.dll
0x00007ffaac8d0000 - 0x00007ffaac8e9000 	C:\Users\proge\.jdks\corretto-11.0.12\bin\VCRUNTIME140.dll
0x00007ffab9f80000 - 0x00007ffaba12d000 	C:\WINDOWS\System32\USER32.dll
0x00007ffaa5b50000 - 0x00007ffaa5df5000 	C:\WINDOWS\WinSxS\amd64_microsoft.windows.common-controls_6595b64144ccf1df_6.0.22000.120_none_9d947278b86cc467\COMCTL32.dll
0x00007ffab7e70000 - 0x00007ffab7e96000 	C:\WINDOWS\System32\win32u.dll
0x00007ffab9ca0000 - 0x00007ffab9d43000 	C:\WINDOWS\System32\msvcrt.dll
0x00007ffab9c70000 - 0x00007ffab9c99000 	C:\WINDOWS\System32\GDI32.dll
0x00007ffab7f10000 - 0x00007ffab8029000 	C:\WINDOWS\System32\gdi32full.dll
0x00007ffab7a50000 - 0x00007ffab7aed000 	C:\WINDOWS\System32\msvcp_win.dll
0x00007ffab9d50000 - 0x00007ffab9d81000 	C:\WINDOWS\System32\IMM32.DLL
0x00007ffa6df60000 - 0x00007ffa6dffb000 	C:\Users\proge\.jdks\corretto-11.0.12\bin\msvcp140.dll
0x00007ffa57eb0000 - 0x00007ffa58a0a000 	C:\Users\proge\.jdks\corretto-11.0.12\bin\server\jvm.dll
0x00007ffaba130000 - 0x00007ffaba1de000 	C:\WINDOWS\System32\ADVAPI32.dll
0x00007ffab9d90000 - 0x00007ffab9e2e000 	C:\WINDOWS\System32\sechost.dll
0x00007ffab95e0000 - 0x00007ffab9700000 	C:\WINDOWS\System32\RPCRT4.dll
0x00007ffab9130000 - 0x00007ffab9138000 	C:\WINDOWS\System32\PSAPI.DLL
0x00007ffa937e0000 - 0x00007ffa937e9000 	C:\WINDOWS\SYSTEM32\WSOCK32.dll
0x00007ffab8d40000 - 0x00007ffab8daf000 	C:\WINDOWS\System32\WS2_32.dll
0x00007ffab0110000 - 0x00007ffab011a000 	C:\WINDOWS\SYSTEM32\VERSION.dll
0x00007ffab1f70000 - 0x00007ffab1fa3000 	C:\WINDOWS\SYSTEM32\WINMM.dll
0x00007ffab68e0000 - 0x00007ffab68f8000 	C:\WINDOWS\SYSTEM32\kernel.appcore.dll
0x00007ffab44d0000 - 0x00007ffab44e0000 	C:\Users\proge\.jdks\corretto-11.0.12\bin\verify.dll
0x00007ffaab420000 - 0x00007ffaab641000 	C:\WINDOWS\SYSTEM32\DBGHELP.DLL
0x00007ffaa3270000 - 0x00007ffaa32a1000 	C:\WINDOWS\SYSTEM32\dbgcore.DLL
0x00007ffab8030000 - 0x00007ffab80af000 	C:\WINDOWS\System32\bcryptPrimitives.dll
0x00007ffaa9e90000 - 0x00007ffaa9eb8000 	C:\Users\proge\.jdks\corretto-11.0.12\bin\java.dll
0x00007ffaad780000 - 0x00007ffaad78a000 	C:\Users\proge\.jdks\corretto-11.0.12\bin\jimage.dll
0x00007ffaa6530000 - 0x00007ffaa6568000 	C:\Users\proge\.jdks\corretto-11.0.12\bin\jdwp.dll
0x00007ffab3cd0000 - 0x00007ffab3cde000 	C:\Users\proge\.jdks\corretto-11.0.12\bin\instrument.dll
0x00007ffaab710000 - 0x00007ffaab727000 	C:\Users\proge\.jdks\corretto-11.0.12\bin\zip.dll
0x00007ffab8580000 - 0x00007ffab8d38000 	C:\WINDOWS\System32\SHELL32.dll
0x00007ffab5870000 - 0x00007ffab60d8000 	C:\WINDOWS\SYSTEM32\windows.storage.dll
0x00007ffab8190000 - 0x00007ffab8509000 	C:\WINDOWS\System32\combase.dll
0x00007ffab5700000 - 0x00007ffab5866000 	C:\WINDOWS\SYSTEM32\wintypes.dll
0x00007ffab8db0000 - 0x00007ffab8e9a000 	C:\WINDOWS\System32\SHCORE.dll
0x00007ffab9e30000 - 0x00007ffab9e8d000 	C:\WINDOWS\System32\shlwapi.dll
0x00007ffab7630000 - 0x00007ffab7651000 	C:\WINDOWS\SYSTEM32\profapi.dll
0x00007ffaad3a0000 - 0x00007ffaad3aa000 	C:\Users\proge\.jdks\corretto-11.0.12\bin\dt_socket.dll
0x00007ffab6d10000 - 0x00007ffab6d77000 	C:\WINDOWS\system32\mswsock.dll
0x00007ffaab690000 - 0x00007ffaab6a9000 	C:\Users\proge\.jdks\corretto-11.0.12\bin\net.dll
0x00007ffab28a0000 - 0x00007ffab29ac000 	C:\WINDOWS\SYSTEM32\WINHTTP.dll
0x00007ffaa97f0000 - 0x00007ffaa9802000 	C:\Users\proge\.jdks\corretto-11.0.12\bin\nio.dll
0x00007ffab6440000 - 0x00007ffab6528000 	C:\WINDOWS\SYSTEM32\DNSAPI.dll
0x00007ffab6410000 - 0x00007ffab643d000 	C:\WINDOWS\SYSTEM32\IPHLPAPI.DLL
0x00007ffab9880000 - 0x00007ffab9889000 	C:\WINDOWS\System32\NSI.dll
0x00007ffab0100000 - 0x00007ffab010a000 	C:\Windows\System32\rasadhlp.dll
0x00007ffab0c60000 - 0x00007ffab0ce1000 	C:\WINDOWS\System32\fwpuclnt.dll
0x00007ffaad460000 - 0x00007ffaad469000 	C:\Users\proge\.jdks\corretto-11.0.12\bin\management.dll
0x00007ffaad450000 - 0x00007ffaad45b000 	C:\Users\proge\.jdks\corretto-11.0.12\bin\management_ext.dll
0x00007ffab6f60000 - 0x00007ffab6f78000 	C:\WINDOWS\SYSTEM32\CRYPTSP.dll
0x00007ffab6840000 - 0x00007ffab6875000 	C:\WINDOWS\system32\rsaenh.dll
0x00007ffab6e00000 - 0x00007ffab6e29000 	C:\WINDOWS\SYSTEM32\USERENV.dll
0x00007ffab70e0000 - 0x00007ffab7107000 	C:\WINDOWS\SYSTEM32\bcrypt.dll
0x00007ffab6f50000 - 0x00007ffab6f5c000 	C:\WINDOWS\SYSTEM32\CRYPTBASE.dll
0x00007ffab2a10000 - 0x00007ffab2a29000 	C:\WINDOWS\SYSTEM32\dhcpcsvc6.DLL
0x00007ffab2c90000 - 0x00007ffab2cae000 	C:\WINDOWS\SYSTEM32\dhcpcsvc.DLL
0x00007ffa7b880000 - 0x00007ffa7b897000 	C:\WINDOWS\system32\napinsp.dll
0x00007ffa7b860000 - 0x00007ffa7b87b000 	C:\WINDOWS\system32\pnrpnsp.dll
0x00007ffa7b840000 - 0x00007ffa7b852000 	C:\WINDOWS\System32\winrnr.dll
0x00007ffa98280000 - 0x00007ffa98295000 	C:\WINDOWS\system32\wshbth.dll
0x00007ffa7b820000 - 0x00007ffa7b83f000 	C:\WINDOWS\system32\nlansp_c.dll

dbghelp: loaded successfully - version: 4.0.5 - missing functions: none
symbol engine: initialized successfully - sym options: 0x614 - pdb path: .;C:\Users\proge\.jdks\corretto-11.0.12\bin;C:\WINDOWS\SYSTEM32;C:\WINDOWS\WinSxS\amd64_microsoft.windows.common-controls_6595b64144ccf1df_6.0.22000.120_none_9d947278b86cc467;C:\Users\proge\.jdks\corretto-11.0.12\bin\server

VM Arguments:
jvm_args: -agentlib:jdwp=transport=dt_socket,address=127.0.0.1:53332,suspend=y,server=n -XX:TieredStopAtLevel=1 -Xverify:none -Dspring.output.ansi.enabled=always -Dcom.sun.management.jmxremote -Dspring.jmx.enabled=true -Dspring.liveBeansView.mbeanDomain -Dspring.application.admin.enabled=true -javaagent:C:\Users\proge\AppData\Local\JetBrains\Toolbox\apps\IDEA-U\ch-0\222.4167.29\plugins\java\lib\rt\debugger-agent.jar -Dfile.encoding=UTF-8 
java_command: com.example.crud.CrudServiceApplication
java_class_path (initial): D:\IdeaFlex\soa_lab2\crud\target\classes;C:\Users\proge\.m2\repository\org\springframework\boot\spring-boot-starter-web\2.7.4\spring-boot-starter-web-2.7.4.jar;C:\Users\proge\.m2\repository\org\springframework\boot\spring-boot-starter\2.7.4\spring-boot-starter-2.7.4.jar;C:\Users\proge\.m2\repository\org\springframework\boot\spring-boot\2.7.4\spring-boot-2.7.4.jar;C:\Users\proge\.m2\repository\org\springframework\boot\spring-boot-autoconfigure\2.7.4\spring-boot-autoconfigure-2.7.4.jar;C:\Users\proge\.m2\repository\org\springframework\boot\spring-boot-starter-logging\2.7.4\spring-boot-starter-logging-2.7.4.jar;C:\Users\proge\.m2\repository\ch\qos\logback\logback-classic\1.2.11\logback-classic-1.2.11.jar;C:\Users\proge\.m2\repository\ch\qos\logback\logback-core\1.2.11\logback-core-1.2.11.jar;C:\Users\proge\.m2\repository\org\apache\logging\log4j\log4j-to-slf4j\2.17.2\log4j-to-slf4j-2.17.2.jar;C:\Users\proge\.m2\repository\org\apache\logging\log4j\log4j-api\2.17.2\log4j-api-2.17.2.jar;C:\Users\proge\.m2\repository\org\slf4j\jul-to-slf4j\1.7.36\jul-to-slf4j-1.7.36.jar;C:\Users\proge\.m2\repository\jakarta\annotation\jakarta.annotation-api\1.3.5\jakarta.annotation-api-1.3.5.jar;C:\Users\proge\.m2\repository\org\yaml\snakeyaml\1.30\snakeyaml-1.30.jar;C:\Users\proge\.m2\repository\org\springframework\boot\spring-boot-starter-json\2.7.4\spring-boot-starter-json-2.7.4.jar;C:\Users\proge\.m2\repository\com\fasterxml\jackson\core\jackson-databind\2.13.4\jackson-databind-2.13.4.jar;C:\Users\proge\.m2\repository\com\fasterxml\jackson\core\jackson-annotations\2.13.4\jackson-annotations-2.13.4.jar;C:\Users\proge\.m2\repository\com\fasterxml\jackson\core\jackson-core\2.13.4\jackson-core-2.13.4.jar;C:\Users\proge\.m2\repository\com\fasterxml\jackson\datatype\jackson-datatype-jdk8\2.13.4\jackson-datatype-jdk8-2.13.4.jar;C:\Users\proge\.m2\repository\com\fasterxml\jackson\datatype\jackson-datatype-jsr310\2.13.4\jackson-datatype-jsr310-2.13.4.jar;C:\Users\pr
Launcher Type: SUN_STANDARD

[Global flags]
     bool BytecodeVerificationLocal                = false                                     {product} {command line}
     bool BytecodeVerificationRemote               = false                                     {product} {command line}
     intx CICompilerCount                          = 4                                         {product} {ergonomic}
     uint ConcGCThreads                            = 3                                         {product} {ergonomic}
     uint G1ConcRefinementThreads                  = 10                                        {product} {ergonomic}
   size_t G1HeapRegionSize                         = 1048576                                   {product} {ergonomic}
    uintx GCDrainStackTargetSize                   = 64                                        {product} {ergonomic}
   size_t InitialHeapSize                          = 268435456                                 {product} {ergonomic}
     bool ManagementServer                         = true                                      {product} {command line}
   size_t MarkStackSize                            = 4194304                                   {product} {ergonomic}
   size_t MaxHeapSize                              = 4282384384                                {product} {ergonomic}
   size_t MaxNewSize                               = 2569011200                                {product} {ergonomic}
   size_t MinHeapDeltaBytes                        = 1048576                                   {product} {ergonomic}
    uintx NonNMethodCodeHeapSize                   = 7549744                                {pd product} {ergonomic}
    uintx NonProfiledCodeHeapSize                  = 244108496                              {pd product} {ergonomic}
    uintx ProfiledCodeHeapSize                     = 0                                      {pd product} {ergonomic}
    uintx ReservedCodeCacheSize                    = 251658240                              {pd product} {ergonomic}
     bool SegmentedCodeCache                       = true                                      {product} {ergonomic}
     intx TieredStopAtLevel                        = 1                                         {product} {command line}
     bool UseCompressedClassPointers               = true                                 {lp64_product} {ergonomic}
     bool UseCompressedOops                        = true                                 {lp64_product} {ergonomic}
     bool UseG1GC                                  = true                                      {product} {ergonomic}
     bool UseLargePagesIndividualAllocation        = false                                  {pd product} {ergonomic}

Logging:
Log output configuration:
 #0: stdout all=warning uptime,level,tags
 #1: stderr all=off uptime,level,tags

Environment Variables:
PATH=C:\Python310\Scripts\;C:\Python310\;C:\Users\proge\AppData\Local\Programs\Python\Python39\Scripts\;C:\Users\proge\AppData\Local\Programs\Python\Python39\;C:\Program Files (x86)\Common Files\Oracle\Java\javapath;C:\Windows\system32;C:\Windows;C:\Windows\System32\Wbem;C:\Windows\System32\WindowsPowerShell\v1.0\;C:\Windows\System32\OpenSSH\;C:\Program Files\Git\cmd;C:\Program Files\Git\mingw64\bin;C:\Program Files\Git\usr\bin;C:\Program Files\NVIDIA Corporation\NVIDIA NvDLISR;C:\Program Files (x86)\NVIDIA Corporation\PhysX\Common;C:\ProgramData\chocolatey\bin;C:\Program Files\Go\bin;C:\WINDOWS\system32;C:\WINDOWS;C:\WINDOWS\System32\Wbem;C:\WINDOWS\System32\WindowsPowerShell\v1.0\;C:\WINDOWS\System32\OpenSSH\;C:\Program Files\nodejs\;C:\drivers;C:\Program Files\Cloudflare\Cloudflare WARP\;C:\Users\proge\AppData\Local\Microsoft\WindowsApps;C:\Program Files\JetBrains\IntelliJ IDEA 2020.2.3\bin;C:\Program Files\JetBrains\CLion 2020.3.2\bin;C:\Users\proge\go\bin;C:\Program Files\JetBrains\GoLand 2021.1\bin;C:\Program Files\LLVM\bin;C:\Users\proge\AppData\Roaming\npm;С:\drivers;A:\Microsoft VS Code\bin;C:\Users\proge\AppData\Local\JetBrains\Toolbox\scripts
USERNAME=proge
OS=Windows_NT
PROCESSOR_IDENTIFIER=AMD64 Family 23 Model 113 Stepping 0, AuthenticAMD



---------------  S Y S T E M  ---------------

OS: Windows 10 , 64 bit Build 22000 (10.0.22000.708)
OS uptime: 3 days 0:31 hours

CPU:total 12 (initial active 12) (12 cores per cpu, 2 threads per core) family 23 model 113 stepping 0 microcode 0x0, cmov, cx8, fxsr, mmx, sse, sse2, sse3, ssse3, sse4.1, sse4.2, popcnt, avx, avx2, aes, clmul, mmxext, 3dnowpref, lzcnt, sse4a, ht, tsc, tscinvbit, tscinv, bmi1, bmi2, adx, sha, fma

Memory: 4k page, system-wide physical 16328M (914M free)
TotalPageFile size 29437M (AvailPageFile size 4M)
current process WorkingSet (physical memory assigned to process): 94M, peak: 94M
current process commit charge ("private bytes"): 362M, peak: 363M

vm_info: OpenJDK 64-Bit Server VM (11.0.12+7-LTS) for windows-amd64 JRE (11.0.12+7-LTS), built on Jul 13 2021 17:58:36 by "Administrator" with unknown MS VC++:1916

END.
